000 (012.000.000) 04/12 01:31:40 Job submitted from host: <142.66.140.119:43828>
...
000 (012.001.000) 04/12 01:31:40 Job submitted from host: <142.66.140.119:43828>
...
000 (012.002.000) 04/12 01:31:40 Job submitted from host: <142.66.140.119:43828>
...
000 (012.003.000) 04/12 01:31:40 Job submitted from host: <142.66.140.119:43828>
...
000 (012.004.000) 04/12 01:31:40 Job submitted from host: <142.66.140.119:43828>
...
000 (012.005.000) 04/12 01:31:40 Job submitted from host: <142.66.140.119:43828>
...
000 (012.006.000) 04/12 01:31:40 Job submitted from host: <142.66.140.119:43828>
...
000 (012.007.000) 04/12 01:31:40 Job submitted from host: <142.66.140.119:43828>
...
000 (012.008.000) 04/12 01:31:40 Job submitted from host: <142.66.140.119:43828>
...
000 (012.009.000) 04/12 01:31:40 Job submitted from host: <142.66.140.119:43828>
...
001 (012.001.000) 04/12 01:31:49 Job executing on host: <142.66.140.167:40727>
...
001 (012.002.000) 04/12 01:31:50 Job executing on host: <142.66.140.156:40233>
...
001 (012.005.000) 04/12 01:31:50 Job executing on host: <142.66.140.156:40233>
...
001 (012.000.000) 04/12 01:31:50 Job executing on host: <142.66.140.108:50201>
...
001 (012.003.000) 04/12 01:31:50 Job executing on host: <142.66.140.108:50201>
...
001 (012.006.000) 04/12 01:31:50 Job executing on host: <142.66.140.166:52273>
...
001 (012.004.000) 04/12 01:31:50 Job executing on host: <142.66.140.166:52273>
...
001 (012.007.000) 04/12 01:31:50 Job executing on host: <142.66.140.170:52019>
...
001 (012.008.000) 04/12 01:31:50 Job executing on host: <142.66.140.170:52019>
...
001 (012.009.000) 04/12 01:31:50 Job executing on host: <142.66.56.51:58886>
...
006 (012.000.000) 04/12 01:31:59 Image size of job updated: 50888
...
006 (012.003.000) 04/12 01:31:59 Image size of job updated: 53256
...
006 (012.009.000) 04/12 01:31:59 Image size of job updated: 51024
...
010 (012.008.000) 04/12 01:34:02 Job was suspended.
	Number of processes actually suspended: 3
...
006 (012.008.000) 04/12 01:34:02 Image size of job updated: 87872
...
010 (012.000.000) 04/12 01:34:07 Job was suspended.
	Number of processes actually suspended: 3
...
006 (012.000.000) 04/12 01:34:07 Image size of job updated: 53512
...
010 (012.006.000) 04/12 01:34:09 Job was suspended.
	Number of processes actually suspended: 3
...
006 (012.006.000) 04/12 01:34:09 Image size of job updated: 89760
...
011 (012.000.000) 04/12 01:34:52 Job was unsuspended.
...
006 (012.005.000) 04/12 01:36:58 Image size of job updated: 57860
...
006 (012.002.000) 04/12 01:36:58 Image size of job updated: 66372
...
006 (012.001.000) 04/12 01:36:59 Image size of job updated: 100244
...
006 (012.007.000) 04/12 01:37:00 Image size of job updated: 96136
...
006 (012.009.000) 04/12 01:37:00 Image size of job updated: 51684
...
006 (012.003.000) 04/12 01:37:00 Image size of job updated: 54700
...
006 (012.004.000) 04/12 01:37:00 Image size of job updated: 97928
...
011 (012.006.000) 04/12 01:37:06 Job was unsuspended.
...
010 (012.007.000) 04/12 01:37:52 Job was suspended.
	Number of processes actually suspended: 3
...
006 (012.007.000) 04/12 01:37:52 Image size of job updated: 96316
...
011 (012.007.000) 04/12 01:38:07 Job was unsuspended.
...
010 (012.000.000) 04/12 01:39:18 Job was suspended.
	Number of processes actually suspended: 3
...
006 (012.000.000) 04/12 01:39:18 Image size of job updated: 53756
...
011 (012.000.000) 04/12 01:39:33 Job was unsuspended.
...
010 (012.006.000) 04/12 01:39:50 Job was suspended.
	Number of processes actually suspended: 3
...
006 (012.006.000) 04/12 01:39:50 Image size of job updated: 89848
...
011 (012.006.000) 04/12 01:40:45 Job was unsuspended.
...
006 (012.000.000) 04/12 01:42:00 Image size of job updated: 53816
...
006 (012.004.000) 04/12 01:42:01 Image size of job updated: 97932
...
010 (012.006.000) 04/12 01:43:30 Job was suspended.
	Number of processes actually suspended: 3
...
011 (012.008.000) 04/12 01:44:07 Job was unsuspended.
...
010 (012.008.000) 04/12 01:44:07 Job was suspended.
	Number of processes actually suspended: 3
...
011 (012.006.000) 04/12 01:44:40 Job was unsuspended.
...
006 (012.005.000) 04/12 01:47:00 Image size of job updated: 57980
...
006 (012.002.000) 04/12 01:47:00 Image size of job updated: 66504
...
006 (012.000.000) 04/12 01:47:00 Image size of job updated: 53844
...
006 (012.006.000) 04/12 01:47:00 Image size of job updated: 92512
...
006 (012.007.000) 04/12 01:47:01 Image size of job updated: 96544
...
010 (012.006.000) 04/12 01:47:40 Job was suspended.
	Number of processes actually suspended: 3
...
011 (012.008.000) 04/12 01:48:24 Job was unsuspended.
...
011 (012.006.000) 04/12 01:48:35 Job was unsuspended.
...
010 (012.008.000) 04/12 01:50:49 Job was suspended.
	Number of processes actually suspended: 3
...
011 (012.008.000) 04/12 01:51:59 Job was unsuspended.
...
006 (012.000.000) 04/12 01:52:01 Image size of job updated: 53880
...
006 (012.007.000) 04/12 01:52:02 Image size of job updated: 96596
...
004 (012.008.000) 04/12 01:52:24 Job was evicted.
	(0) Job was not checkpointed.
		Usr 0 00:00:52, Sys 0 00:00:00  -  Run Remote Usage
		Usr 0 00:00:00, Sys 0 00:00:00  -  Run Local Usage
	0  -  Run Bytes Sent By Job
	0  -  Run Bytes Received By Job
...
001 (012.008.000) 04/12 01:52:59 Job executing on host: <142.66.140.124:54596>
...
010 (012.006.000) 04/12 01:55:57 Job was suspended.
	Number of processes actually suspended: 3
...
006 (012.006.000) 04/12 01:55:57 Image size of job updated: 92812
...
011 (012.006.000) 04/12 01:58:37 Job was unsuspended.
...
