000 (008.000.000) 04/12 01:30:40 Job submitted from host: <142.66.140.119:43828>
...
000 (008.001.000) 04/12 01:30:40 Job submitted from host: <142.66.140.119:43828>
...
000 (008.002.000) 04/12 01:30:40 Job submitted from host: <142.66.140.119:43828>
...
000 (008.003.000) 04/12 01:30:40 Job submitted from host: <142.66.140.119:43828>
...
000 (008.004.000) 04/12 01:30:40 Job submitted from host: <142.66.140.119:43828>
...
000 (008.005.000) 04/12 01:30:40 Job submitted from host: <142.66.140.119:43828>
...
000 (008.006.000) 04/12 01:30:40 Job submitted from host: <142.66.140.119:43828>
...
000 (008.007.000) 04/12 01:30:40 Job submitted from host: <142.66.140.119:43828>
...
000 (008.008.000) 04/12 01:30:40 Job submitted from host: <142.66.140.119:43828>
...
000 (008.009.000) 04/12 01:30:40 Job submitted from host: <142.66.140.119:43828>
...
001 (008.001.000) 04/12 01:30:48 Job executing on host: <142.66.56.92:58503>
...
001 (008.000.000) 04/12 01:30:48 Job executing on host: <142.66.56.92:58503>
...
001 (008.005.000) 04/12 01:30:48 Job executing on host: <142.66.140.76:41168>
...
001 (008.004.000) 04/12 01:30:48 Job executing on host: <142.66.140.76:41168>
...
001 (008.006.000) 04/12 01:30:49 Job executing on host: <142.66.140.74:59774>
...
001 (008.007.000) 04/12 01:30:49 Job executing on host: <142.66.140.74:59774>
...
001 (008.008.000) 04/12 01:30:49 Job executing on host: <142.66.140.33:54573>
...
001 (008.009.000) 04/12 01:30:49 Job executing on host: <142.66.140.33:54573>
...
001 (008.002.000) 04/12 01:30:49 Job executing on host: <142.66.56.59:39621>
...
001 (008.003.000) 04/12 01:30:49 Job executing on host: <142.66.56.59:39621>
...
006 (008.004.000) 04/12 01:30:57 Image size of job updated: 91860
...
006 (008.005.000) 04/12 01:30:57 Image size of job updated: 204508
...
006 (008.007.000) 04/12 01:35:57 Image size of job updated: 159112
...
006 (008.006.000) 04/12 01:35:57 Image size of job updated: 177124
...
006 (008.009.000) 04/12 01:35:57 Image size of job updated: 170284
...
006 (008.008.000) 04/12 01:35:57 Image size of job updated: 116104
...
006 (008.004.000) 04/12 01:35:58 Image size of job updated: 136136
...
006 (008.005.000) 04/12 01:35:58 Image size of job updated: 205428
...
006 (008.001.000) 04/12 01:35:58 Image size of job updated: 197952
...
006 (008.000.000) 04/12 01:35:58 Image size of job updated: 100248
...
006 (008.003.000) 04/12 01:35:59 Image size of job updated: 104548
...
006 (008.002.000) 04/12 01:35:59 Image size of job updated: 136692
...
006 (008.007.000) 04/12 01:40:57 Image size of job updated: 159356
...
006 (008.006.000) 04/12 01:40:57 Image size of job updated: 316484
...
006 (008.004.000) 04/12 01:40:58 Image size of job updated: 136288
...
006 (008.005.000) 04/12 01:40:58 Image size of job updated: 365244
...
006 (008.008.000) 04/12 01:40:58 Image size of job updated: 189732
...
006 (008.000.000) 04/12 01:40:59 Image size of job updated: 119652
...
006 (008.003.000) 04/12 01:40:59 Image size of job updated: 105080
...
006 (008.006.000) 04/12 01:45:58 Image size of job updated: 316932
...
006 (008.005.000) 04/12 01:45:58 Image size of job updated: 365500
...
006 (008.009.000) 04/12 01:45:59 Image size of job updated: 294124
...
006 (008.001.000) 04/12 01:45:59 Image size of job updated: 327320
...
006 (008.002.000) 04/12 01:45:59 Image size of job updated: 224392
...
006 (008.006.000) 04/12 01:50:58 Image size of job updated: 317220
...
006 (008.004.000) 04/12 01:50:59 Image size of job updated: 136604
...
006 (008.009.000) 04/12 01:50:59 Image size of job updated: 294408
...
006 (008.008.000) 04/12 01:50:59 Image size of job updated: 196508
...
006 (008.002.000) 04/12 01:51:00 Image size of job updated: 224916
...
006 (008.000.000) 04/12 01:56:00 Image size of job updated: 120036
...
006 (008.001.000) 04/12 01:56:00 Image size of job updated: 339508
...
006 (008.007.000) 04/12 02:00:59 Image size of job updated: 159704
...
006 (008.008.000) 04/12 02:01:01 Image size of job updated: 196584
...
006 (008.005.000) 04/12 02:06:00 Image size of job updated: 365608
...
006 (008.008.000) 04/12 02:06:01 Image size of job updated: 196696
...
006 (008.009.000) 04/12 02:06:01 Image size of job updated: 296920
...
006 (008.005.000) 04/12 02:11:01 Image size of job updated: 365928
...
006 (008.006.000) 04/12 02:16:01 Image size of job updated: 317476
...
006 (008.001.000) 04/12 02:16:02 Image size of job updated: 339764
...
006 (008.003.000) 04/12 02:16:03 Image size of job updated: 105432
...
006 (008.006.000) 04/12 02:21:02 Image size of job updated: 317872
...
006 (008.006.000) 04/12 02:26:02 Image size of job updated: 318512
...
006 (008.004.000) 04/12 02:31:03 Image size of job updated: 136736
...
006 (008.008.000) 04/12 02:31:03 Image size of job updated: 196740
...
006 (008.005.000) 04/12 02:51:04 Image size of job updated: 366208
...
006 (008.006.000) 04/12 02:51:04 Image size of job updated: 318788
...
006 (008.007.000) 04/12 02:56:05 Image size of job updated: 159860
...
006 (008.001.000) 04/12 03:11:07 Image size of job updated: 339896
...
006 (008.008.000) 04/12 03:16:08 Image size of job updated: 196872
...
006 (008.003.000) 04/12 03:21:10 Image size of job updated: 105688
...
006 (008.006.000) 04/12 03:41:09 Image size of job updated: 319044
...
006 (008.005.000) 04/12 03:46:11 Image size of job updated: 366464
...
006 (008.008.000) 04/12 03:56:13 Image size of job updated: 197004
...
006 (008.000.000) 04/12 04:16:14 Image size of job updated: 120168
...
006 (008.008.000) 04/12 04:26:15 Image size of job updated: 197304
...
006 (008.003.000) 04/12 04:36:17 Image size of job updated: 105820
...
006 (008.001.000) 04/12 04:46:18 Image size of job updated: 340028
...
006 (008.005.000) 04/12 05:06:19 Image size of job updated: 366760
...
006 (008.002.000) 04/12 05:16:20 Image size of job updated: 225064
...
006 (008.001.000) 04/12 06:01:26 Image size of job updated: 340160
...
006 (008.009.000) 04/12 06:01:26 Image size of job updated: 297480
...
006 (008.005.000) 04/12 06:21:26 Image size of job updated: 366896
...
006 (008.009.000) 04/12 06:36:29 Image size of job updated: 297724
...
006 (008.001.000) 04/12 08:21:39 Image size of job updated: 340428
...
006 (008.002.000) 04/12 08:56:41 Image size of job updated: 225320
...
006 (008.004.000) 04/12 09:01:44 Image size of job updated: 136868
...
006 (008.009.000) 04/12 10:01:51 Image size of job updated: 297992
...
006 (008.009.000) 04/12 10:41:55 Image size of job updated: 298248
...
006 (008.005.000) 04/12 12:12:03 Image size of job updated: 368144
...
010 (008.006.000) 04/12 13:00:36 Job was suspended.
	Number of processes actually suspended: 3
...
010 (008.007.000) 04/12 13:00:36 Job was suspended.
	Number of processes actually suspended: 3
...
011 (008.006.000) 04/12 13:05:37 Job was unsuspended.
...
011 (008.007.000) 04/12 13:05:37 Job was unsuspended.
...
006 (008.008.000) 04/12 13:07:10 Image size of job updated: 197440
...
010 (008.005.000) 04/12 13:38:05 Job was suspended.
	Number of processes actually suspended: 3
...
010 (008.004.000) 04/12 13:38:05 Job was suspended.
	Number of processes actually suspended: 3
...
010 (008.000.000) 04/12 13:39:28 Job was suspended.
	Number of processes actually suspended: 3
...
010 (008.001.000) 04/12 13:39:28 Job was suspended.
	Number of processes actually suspended: 3
...
011 (008.001.000) 04/12 13:44:28 Job was unsuspended.
...
011 (008.000.000) 04/12 13:44:58 Job was unsuspended.
...
011 (008.005.000) 04/12 13:48:06 Job was unsuspended.
...
011 (008.004.000) 04/12 13:48:06 Job was unsuspended.
...
004 (008.005.000) 04/12 13:48:06 Job was evicted.
	(0) Job was not checkpointed.
		Usr 0 12:04:32, Sys 0 00:00:22  -  Run Remote Usage
		Usr 0 00:00:00, Sys 0 00:00:00  -  Run Local Usage
	0  -  Run Bytes Sent By Job
	0  -  Run Bytes Received By Job
...
004 (008.004.000) 04/12 13:48:06 Job was evicted.
	(0) Job was not checkpointed.
		Usr 0 12:04:32, Sys 0 00:00:22  -  Run Remote Usage
		Usr 0 00:00:00, Sys 0 00:00:00  -  Run Local Usage
	0  -  Run Bytes Sent By Job
	0  -  Run Bytes Received By Job
...
001 (008.004.000) 04/12 13:50:28 Job executing on host: <142.66.140.72:45186>
...
006 (008.001.000) 04/12 13:52:16 Image size of job updated: 340580
...
001 (008.005.000) 04/12 13:53:43 Job executing on host: <142.66.56.231:36504>
...
010 (008.003.000) 04/12 14:04:16 Job was suspended.
	Number of processes actually suspended: 3
...
010 (008.002.000) 04/12 14:04:16 Job was suspended.
	Number of processes actually suspended: 3
...
011 (008.003.000) 04/12 14:14:20 Job was unsuspended.
...
011 (008.002.000) 04/12 14:14:20 Job was unsuspended.
...
004 (008.002.000) 04/12 14:14:20 Job was evicted.
	(0) Job was not checkpointed.
		Usr 0 12:24:03, Sys 0 00:00:45  -  Run Remote Usage
		Usr 0 00:00:00, Sys 0 00:00:00  -  Run Local Usage
	0  -  Run Bytes Sent By Job
	0  -  Run Bytes Received By Job
...
004 (008.003.000) 04/12 14:14:20 Job was evicted.
	(0) Job was not checkpointed.
		Usr 0 12:23:59, Sys 0 00:00:45  -  Run Remote Usage
		Usr 0 00:00:00, Sys 0 00:00:00  -  Run Local Usage
	0  -  Run Bytes Sent By Job
	0  -  Run Bytes Received By Job
...
001 (008.002.000) 04/12 14:17:53 Job executing on host: <142.66.56.29:48588>
...
001 (008.003.000) 04/12 14:17:54 Job executing on host: <142.66.140.78:47515>
...
006 (008.003.000) 04/12 14:18:02 Image size of job updated: 140300
...
006 (008.003.000) 04/12 14:23:03 Image size of job updated: 285032
...
006 (008.003.000) 04/12 14:28:04 Image size of job updated: 286076
...
006 (008.009.000) 04/12 14:32:19 Image size of job updated: 298504
...
010 (008.004.000) 04/12 14:55:57 Job was suspended.
	Number of processes actually suspended: 3
...
010 (008.005.000) 04/12 15:02:45 Job was suspended.
	Number of processes actually suspended: 3
...
011 (008.004.000) 04/12 15:05:59 Job was unsuspended.
...
004 (008.004.000) 04/12 15:05:59 Job was evicted.
	(0) Job was not checkpointed.
		Usr 0 01:05:15, Sys 0 00:00:01  -  Run Remote Usage
		Usr 0 00:00:00, Sys 0 00:00:00  -  Run Local Usage
	0  -  Run Bytes Sent By Job
	0  -  Run Bytes Received By Job
...
011 (008.005.000) 04/12 15:07:50 Job was unsuspended.
...
001 (008.004.000) 04/12 15:09:13 Job executing on host: <142.66.140.124:54596>
...
010 (008.008.000) 04/12 15:15:23 Job was suspended.
	Number of processes actually suspended: 3
...
010 (008.009.000) 04/12 15:15:23 Job was suspended.
	Number of processes actually suspended: 3
...
011 (008.008.000) 04/12 15:25:28 Job was unsuspended.
...
011 (008.009.000) 04/12 15:25:29 Job was unsuspended.
...
004 (008.009.000) 04/12 15:25:29 Job was evicted.
	(0) Job was not checkpointed.
		Usr 0 13:03:31, Sys 0 00:00:53  -  Run Remote Usage
		Usr 0 00:00:00, Sys 0 00:00:00  -  Run Local Usage
	0  -  Run Bytes Sent By Job
	0  -  Run Bytes Received By Job
...
004 (008.008.000) 04/12 15:25:29 Job was evicted.
	(0) Job was not checkpointed.
		Usr 0 13:04:02, Sys 0 00:00:52  -  Run Remote Usage
		Usr 0 00:00:00, Sys 0 00:00:00  -  Run Local Usage
	0  -  Run Bytes Sent By Job
	0  -  Run Bytes Received By Job
...
001 (008.008.000) 04/12 15:31:21 Job executing on host: <142.66.140.124:54596>
...
001 (008.009.000) 04/12 15:31:21 Job executing on host: <142.66.56.29:48588>
...
006 (008.008.000) 04/12 15:36:29 Image size of job updated: 218152
...
006 (008.001.000) 04/12 16:07:29 Image size of job updated: 340712
...
006 (008.008.000) 04/12 16:16:34 Image size of job updated: 218196
...
010 (008.002.000) 04/12 16:17:35 Job was suspended.
	Number of processes actually suspended: 3
...
010 (008.009.000) 04/12 16:17:35 Job was suspended.
	Number of processes actually suspended: 3
...
011 (008.002.000) 04/12 16:22:47 Job was unsuspended.
...
011 (008.009.000) 04/12 16:22:47 Job was unsuspended.
...
006 (008.003.000) 04/12 16:58:20 Image size of job updated: 286232
...
006 (008.008.000) 04/12 17:11:39 Image size of job updated: 218524
...
006 (008.008.000) 04/12 17:31:41 Image size of job updated: 218656
...
006 (008.008.000) 04/12 17:41:43 Image size of job updated: 218796
...
006 (008.008.000) 04/12 21:52:09 Image size of job updated: 218928
...
006 (008.001.000) 04/12 22:23:09 Image size of job updated: 340844
...
010 (008.003.000) 04/12 23:49:19 Job was suspended.
	Number of processes actually suspended: 3
...
011 (008.003.000) 04/12 23:59:20 Job was unsuspended.
...
004 (008.003.000) 04/12 23:59:20 Job was evicted.
	(0) Job was not checkpointed.
		Usr 0 09:27:48, Sys 0 00:00:19  -  Run Remote Usage
		Usr 0 00:00:00, Sys 0 00:00:00  -  Run Local Usage
	0  -  Run Bytes Sent By Job
	0  -  Run Bytes Received By Job
...
001 (008.003.000) 04/13 00:01:10 Job executing on host: <142.66.56.117:47270>
...
010 (008.006.000) 04/13 00:37:35 Job was suspended.
	Number of processes actually suspended: 3
...
010 (008.007.000) 04/13 00:37:35 Job was suspended.
	Number of processes actually suspended: 3
...
011 (008.006.000) 04/13 00:42:46 Job was unsuspended.
...
011 (008.007.000) 04/13 00:42:46 Job was unsuspended.
...
010 (008.004.000) 04/13 02:28:44 Job was suspended.
	Number of processes actually suspended: 3
...
010 (008.008.000) 04/13 02:28:44 Job was suspended.
	Number of processes actually suspended: 3
...
011 (008.008.000) 04/13 02:33:40 Job was unsuspended.
...
011 (008.004.000) 04/13 02:34:00 Job was unsuspended.
...
006 (008.008.000) 04/13 02:57:39 Image size of job updated: 219060
...
010 (008.004.000) 04/13 03:01:52 Job was suspended.
	Number of processes actually suspended: 3
...
010 (008.008.000) 04/13 03:01:52 Job was suspended.
	Number of processes actually suspended: 3
...
011 (008.004.000) 04/13 03:06:53 Job was unsuspended.
...
011 (008.008.000) 04/13 03:06:53 Job was unsuspended.
...
010 (008.004.000) 04/13 03:08:53 Job was suspended.
	Number of processes actually suspended: 3
...
010 (008.008.000) 04/13 03:08:53 Job was suspended.
	Number of processes actually suspended: 3
...
011 (008.004.000) 04/13 03:16:23 Job was unsuspended.
...
011 (008.008.000) 04/13 03:16:23 Job was unsuspended.
...
010 (008.004.000) 04/13 03:21:19 Job was suspended.
	Number of processes actually suspended: 3
...
010 (008.008.000) 04/13 03:21:19 Job was suspended.
	Number of processes actually suspended: 3
...
011 (008.004.000) 04/13 03:26:19 Job was unsuspended.
...
011 (008.008.000) 04/13 03:26:19 Job was unsuspended.
...
006 (008.001.000) 04/13 03:43:41 Image size of job updated: 340992
...
006 (008.007.000) 04/13 07:46:06 Image size of job updated: 159992
...
010 (008.002.000) 04/13 08:36:39 Job was suspended.
	Number of processes actually suspended: 3
...
010 (008.009.000) 04/13 08:36:39 Job was suspended.
	Number of processes actually suspended: 3
...
011 (008.002.000) 04/13 08:44:29 Job was unsuspended.
...
011 (008.009.000) 04/13 08:44:29 Job was unsuspended.
...
010 (008.004.000) 04/13 09:21:24 Job was suspended.
	Number of processes actually suspended: 3
...
010 (008.008.000) 04/13 09:21:24 Job was suspended.
	Number of processes actually suspended: 3
...
011 (008.004.000) 04/13 09:31:25 Job was unsuspended.
...
011 (008.008.000) 04/13 09:31:25 Job was unsuspended.
...
004 (008.004.000) 04/13 09:31:26 Job was evicted.
	(0) Job was not checkpointed.
		Usr 0 17:46:34, Sys 0 00:00:24  -  Run Remote Usage
		Usr 0 00:00:00, Sys 0 00:00:00  -  Run Local Usage
	0  -  Run Bytes Sent By Job
	0  -  Run Bytes Received By Job
...
004 (008.008.000) 04/13 09:31:26 Job was evicted.
	(0) Job was not checkpointed.
		Usr 0 17:25:02, Sys 0 00:00:25  -  Run Remote Usage
		Usr 0 00:00:00, Sys 0 00:00:00  -  Run Local Usage
	0  -  Run Bytes Sent By Job
	0  -  Run Bytes Received By Job
...
001 (008.004.000) 04/13 09:33:34 Job executing on host: <142.66.140.101:37098>
...
001 (008.008.000) 04/13 09:33:34 Job executing on host: <142.66.140.118:40970>
...
006 (008.004.000) 04/13 09:38:42 Image size of job updated: 281924
...
006 (008.004.000) 04/13 09:48:43 Image size of job updated: 282204
...
006 (008.004.000) 04/13 10:08:46 Image size of job updated: 282512
...
006 (008.004.000) 04/13 10:53:50 Image size of job updated: 282904
...
