000 (017.000.000) 04/07 00:36:48 Job submitted from host: <142.66.140.100:57718>
...
000 (017.001.000) 04/07 00:36:48 Job submitted from host: <142.66.140.100:57718>
...
000 (017.002.000) 04/07 00:36:48 Job submitted from host: <142.66.140.100:57718>
...
000 (017.003.000) 04/07 00:36:48 Job submitted from host: <142.66.140.100:57718>
...
000 (017.004.000) 04/07 00:36:48 Job submitted from host: <142.66.140.100:57718>
...
000 (017.005.000) 04/07 00:36:48 Job submitted from host: <142.66.140.100:57718>
...
000 (017.006.000) 04/07 00:36:48 Job submitted from host: <142.66.140.100:57718>
...
000 (017.007.000) 04/07 00:36:48 Job submitted from host: <142.66.140.100:57718>
...
000 (017.008.000) 04/07 00:36:48 Job submitted from host: <142.66.140.100:57718>
...
000 (017.009.000) 04/07 00:36:48 Job submitted from host: <142.66.140.100:57718>
...
001 (017.000.000) 04/07 00:37:49 Job executing on host: <142.66.140.92:42500>
...
001 (017.001.000) 04/07 00:37:49 Job executing on host: <142.66.140.92:42500>
...
001 (017.002.000) 04/07 00:37:49 Job executing on host: <142.66.140.79:49830>
...
001 (017.003.000) 04/07 00:37:49 Job executing on host: <142.66.140.79:49830>
...
001 (017.004.000) 04/07 00:37:49 Job executing on host: <142.66.140.93:51189>
...
001 (017.005.000) 04/07 00:37:49 Job executing on host: <142.66.140.93:51189>
...
001 (017.006.000) 04/07 00:37:49 Job executing on host: <142.66.140.80:47380>
...
001 (017.007.000) 04/07 00:37:49 Job executing on host: <142.66.140.70:55351>
...
001 (017.008.000) 04/07 00:37:50 Job executing on host: <142.66.140.87:57144>
...
001 (017.009.000) 04/07 00:37:50 Job executing on host: <142.66.140.87:57144>
...
006 (017.008.000) 04/07 00:37:58 Image size of job updated: 10456
...
006 (017.002.000) 04/07 00:37:58 Image size of job updated: 10456
...
006 (017.004.000) 04/07 00:37:58 Image size of job updated: 27612
...
006 (017.006.000) 04/07 00:37:58 Image size of job updated: 37020
...
010 (017.001.000) 04/07 00:41:40 Job was suspended.
	Number of processes actually suspended: 2
...
006 (017.001.000) 04/07 00:41:40 Image size of job updated: 37024
...
010 (017.008.000) 04/07 00:42:04 Job was suspended.
	Number of processes actually suspended: 2
...
006 (017.008.000) 04/07 00:42:04 Image size of job updated: 37024
...
010 (017.003.000) 04/07 00:42:17 Job was suspended.
	Number of processes actually suspended: 2
...
006 (017.003.000) 04/07 00:42:17 Image size of job updated: 37024
...
010 (017.004.000) 04/07 00:42:30 Job was suspended.
	Number of processes actually suspended: 2
...
006 (017.004.000) 04/07 00:42:30 Image size of job updated: 37024
...
006 (017.009.000) 04/07 00:42:58 Image size of job updated: 37024
...
006 (017.000.000) 04/07 00:42:59 Image size of job updated: 37024
...
006 (017.002.000) 04/07 00:42:59 Image size of job updated: 37024
...
006 (017.007.000) 04/07 00:42:59 Image size of job updated: 37024
...
006 (017.005.000) 04/07 00:42:59 Image size of job updated: 37024
...
006 (017.006.000) 04/07 00:42:59 Image size of job updated: 37024
...
011 (017.001.000) 04/07 00:44:30 Job was unsuspended.
...
011 (017.003.000) 04/07 00:46:15 Job was unsuspended.
...
011 (017.004.000) 04/07 00:46:45 Job was unsuspended.
...
011 (017.008.000) 04/07 00:47:30 Job was unsuspended.
...
010 (017.006.000) 04/07 00:47:38 Job was suspended.
	Number of processes actually suspended: 2
...
006 (017.002.000) 04/07 00:47:59 Image size of job updated: 37028
...
011 (017.006.000) 04/07 00:48:53 Job was unsuspended.
...
010 (017.001.000) 04/07 00:50:10 Job was suspended.
	Number of processes actually suspended: 2
...
010 (017.008.000) 04/07 00:50:55 Job was suspended.
	Number of processes actually suspended: 2
...
010 (017.004.000) 04/07 00:51:11 Job was suspended.
	Number of processes actually suspended: 2
...
010 (017.003.000) 04/07 00:51:21 Job was suspended.
	Number of processes actually suspended: 2
...
006 (017.003.000) 04/07 00:51:21 Image size of job updated: 37028
...
006 (017.006.000) 04/07 00:52:59 Image size of job updated: 37028
...
006 (017.000.000) 04/07 00:52:59 Image size of job updated: 37028
...
006 (017.005.000) 04/07 00:52:59 Image size of job updated: 37028
...
006 (017.009.000) 04/07 00:52:59 Image size of job updated: 37028
...
010 (017.006.000) 04/07 00:53:43 Job was suspended.
	Number of processes actually suspended: 2
...
011 (017.006.000) 04/07 00:54:18 Job was unsuspended.
...
011 (017.008.000) 04/07 00:54:31 Job was unsuspended.
...
011 (017.001.000) 04/07 00:54:46 Job was unsuspended.
...
011 (017.004.000) 04/07 00:54:46 Job was unsuspended.
...
010 (017.004.000) 04/07 00:57:31 Job was suspended.
	Number of processes actually suspended: 2
...
010 (017.001.000) 04/07 00:58:01 Job was suspended.
	Number of processes actually suspended: 2
...
010 (017.008.000) 04/07 00:58:06 Job was suspended.
	Number of processes actually suspended: 2
...
011 (017.003.000) 04/07 00:58:17 Job was unsuspended.
...
011 (017.004.000) 04/07 01:00:23 Job was unsuspended.
...
010 (017.003.000) 04/07 01:01:31 Job was suspended.
	Number of processes actually suspended: 2
...
011 (017.001.000) 04/07 01:02:02 Job was unsuspended.
...
010 (017.004.000) 04/07 01:02:43 Job was suspended.
	Number of processes actually suspended: 2
...
011 (017.008.000) 04/07 01:05:16 Job was unsuspended.
...
010 (017.001.000) 04/07 01:05:32 Job was suspended.
	Number of processes actually suspended: 2
...
011 (017.003.000) 04/07 01:06:46 Job was unsuspended.
...
011 (017.004.000) 04/07 01:07:03 Job was unsuspended.
...
006 (017.007.000) 04/07 01:08:01 Image size of job updated: 37028
...
010 (017.008.000) 04/07 01:08:27 Job was suspended.
	Number of processes actually suspended: 2
...
011 (017.001.000) 04/07 01:09:47 Job was unsuspended.
...
010 (017.003.000) 04/07 01:09:56 Job was suspended.
	Number of processes actually suspended: 2
...
010 (017.004.000) 04/07 01:10:48 Job was suspended.
	Number of processes actually suspended: 2
...
010 (017.001.000) 04/07 01:12:47 Job was suspended.
	Number of processes actually suspended: 2
...
005 (017.007.000) 04/07 01:14:08 Job terminated.
	(1) Normal termination (return value 0)
		Usr 0 00:25:23, Sys 0 00:00:00  -  Run Remote Usage
		Usr 0 00:00:00, Sys 0 00:00:00  -  Run Local Usage
		Usr 0 00:25:23, Sys 0 00:00:00  -  Total Remote Usage
		Usr 0 00:00:00, Sys 0 00:00:00  -  Total Local Usage
	0  -  Run Bytes Sent By Job
	0  -  Run Bytes Received By Job
	0  -  Total Bytes Sent By Job
	0  -  Total Bytes Received By Job
...
011 (017.008.000) 04/07 01:14:18 Job was unsuspended.
...
011 (017.004.000) 04/07 01:14:18 Job was unsuspended.
...
011 (017.003.000) 04/07 01:14:48 Job was unsuspended.
...
010 (017.006.000) 04/07 01:15:05 Job was suspended.
	Number of processes actually suspended: 2
...
011 (017.006.000) 04/07 01:15:45 Job was unsuspended.
...
005 (017.009.000) 04/07 01:15:50 Job terminated.
	(1) Normal termination (return value 0)
		Usr 0 00:26:32, Sys 0 00:00:00  -  Run Remote Usage
		Usr 0 00:00:00, Sys 0 00:00:00  -  Run Local Usage
		Usr 0 00:26:32, Sys 0 00:00:00  -  Total Remote Usage
		Usr 0 00:00:00, Sys 0 00:00:00  -  Total Local Usage
	0  -  Run Bytes Sent By Job
	0  -  Run Bytes Received By Job
	0  -  Total Bytes Sent By Job
	0  -  Total Bytes Received By Job
...
005 (017.002.000) 04/07 01:17:31 Job terminated.
	(1) Normal termination (return value 0)
		Usr 0 00:28:09, Sys 0 00:00:00  -  Run Remote Usage
		Usr 0 00:00:00, Sys 0 00:00:00  -  Run Local Usage
		Usr 0 00:28:09, Sys 0 00:00:00  -  Total Remote Usage
		Usr 0 00:00:00, Sys 0 00:00:00  -  Total Local Usage
	0  -  Run Bytes Sent By Job
	0  -  Run Bytes Received By Job
	0  -  Total Bytes Sent By Job
	0  -  Total Bytes Received By Job
...
005 (017.005.000) 04/07 01:17:46 Job terminated.
	(1) Normal termination (return value 0)
		Usr 0 00:28:40, Sys 0 00:00:00  -  Run Remote Usage
		Usr 0 00:00:00, Sys 0 00:00:00  -  Run Local Usage
		Usr 0 00:28:40, Sys 0 00:00:00  -  Total Remote Usage
		Usr 0 00:00:00, Sys 0 00:00:00  -  Total Local Usage
	0  -  Run Bytes Sent By Job
	0  -  Run Bytes Received By Job
	0  -  Total Bytes Sent By Job
	0  -  Total Bytes Received By Job
...
005 (017.000.000) 04/07 01:17:51 Job terminated.
	(1) Normal termination (return value 0)
		Usr 0 00:28:09, Sys 0 00:00:00  -  Run Remote Usage
		Usr 0 00:00:00, Sys 0 00:00:00  -  Run Local Usage
		Usr 0 00:28:09, Sys 0 00:00:00  -  Total Remote Usage
		Usr 0 00:00:00, Sys 0 00:00:00  -  Total Local Usage
	0  -  Run Bytes Sent By Job
	0  -  Run Bytes Received By Job
	0  -  Total Bytes Sent By Job
	0  -  Total Bytes Received By Job
...
011 (017.001.000) 04/07 01:17:53 Job was unsuspended.
...
005 (017.006.000) 04/07 01:20:40 Job terminated.
	(1) Normal termination (return value 0)
		Usr 0 00:28:11, Sys 0 00:00:00  -  Run Remote Usage
		Usr 0 00:00:00, Sys 0 00:00:00  -  Run Local Usage
		Usr 0 00:28:11, Sys 0 00:00:00  -  Total Remote Usage
		Usr 0 00:00:00, Sys 0 00:00:00  -  Total Local Usage
	0  -  Run Bytes Sent By Job
	0  -  Run Bytes Received By Job
	0  -  Total Bytes Sent By Job
	0  -  Total Bytes Received By Job
...
006 (017.001.000) 04/07 01:23:01 Image size of job updated: 37028
...
006 (017.004.000) 04/07 01:23:02 Image size of job updated: 37028
...
005 (017.003.000) 04/07 01:32:54 Job terminated.
	(1) Normal termination (return value 0)
		Usr 0 00:23:51, Sys 0 00:00:00  -  Run Remote Usage
		Usr 0 00:00:00, Sys 0 00:00:00  -  Run Local Usage
		Usr 0 00:23:51, Sys 0 00:00:00  -  Total Remote Usage
		Usr 0 00:00:00, Sys 0 00:00:00  -  Total Local Usage
	0  -  Run Bytes Sent By Job
	0  -  Run Bytes Received By Job
	0  -  Total Bytes Sent By Job
	0  -  Total Bytes Received By Job
...
005 (017.001.000) 04/07 01:38:45 Job terminated.
	(1) Normal termination (return value 0)
		Usr 0 00:28:25, Sys 0 00:00:00  -  Run Remote Usage
		Usr 0 00:00:00, Sys 0 00:00:00  -  Run Local Usage
		Usr 0 00:28:25, Sys 0 00:00:00  -  Total Remote Usage
		Usr 0 00:00:00, Sys 0 00:00:00  -  Total Local Usage
	0  -  Run Bytes Sent By Job
	0  -  Run Bytes Received By Job
	0  -  Total Bytes Sent By Job
	0  -  Total Bytes Received By Job
...
005 (017.004.000) 04/07 01:38:50 Job terminated.
	(1) Normal termination (return value 0)
		Usr 0 00:29:59, Sys 0 00:00:00  -  Run Remote Usage
		Usr 0 00:00:00, Sys 0 00:00:00  -  Run Local Usage
		Usr 0 00:29:59, Sys 0 00:00:00  -  Total Remote Usage
		Usr 0 00:00:00, Sys 0 00:00:00  -  Total Local Usage
	0  -  Run Bytes Sent By Job
	0  -  Run Bytes Received By Job
	0  -  Total Bytes Sent By Job
	0  -  Total Bytes Received By Job
...
005 (017.008.000) 04/07 01:43:11 Job terminated.
	(1) Normal termination (return value 0)
		Usr 0 00:32:23, Sys 0 00:00:00  -  Run Remote Usage
		Usr 0 00:00:00, Sys 0 00:00:00  -  Run Local Usage
		Usr 0 00:32:23, Sys 0 00:00:00  -  Total Remote Usage
		Usr 0 00:00:00, Sys 0 00:00:00  -  Total Local Usage
	0  -  Run Bytes Sent By Job
	0  -  Run Bytes Received By Job
	0  -  Total Bytes Sent By Job
	0  -  Total Bytes Received By Job
...
