000 (012.000.000) 04/06 16:43:32 Job submitted from host: <142.66.140.100:57718>
...
000 (012.001.000) 04/06 16:43:32 Job submitted from host: <142.66.140.100:57718>
...
000 (012.002.000) 04/06 16:43:32 Job submitted from host: <142.66.140.100:57718>
...
000 (012.003.000) 04/06 16:43:32 Job submitted from host: <142.66.140.100:57718>
...
000 (012.004.000) 04/06 16:43:32 Job submitted from host: <142.66.140.100:57718>
...
000 (012.005.000) 04/06 16:43:32 Job submitted from host: <142.66.140.100:57718>
...
000 (012.006.000) 04/06 16:43:32 Job submitted from host: <142.66.140.100:57718>
...
000 (012.007.000) 04/06 16:43:32 Job submitted from host: <142.66.140.100:57718>
...
000 (012.008.000) 04/06 16:43:32 Job submitted from host: <142.66.140.100:57718>
...
000 (012.009.000) 04/06 16:43:32 Job submitted from host: <142.66.140.100:57718>
...
001 (012.009.000) 04/06 16:44:32 Job executing on host: <142.66.140.86:45761>
...
001 (012.002.000) 04/06 16:44:33 Job executing on host: <142.66.140.70:55351>
...
001 (012.003.000) 04/06 16:44:33 Job executing on host: <142.66.140.70:55351>
...
001 (012.000.000) 04/06 16:44:33 Job executing on host: <142.66.140.72:45186>
...
001 (012.001.000) 04/06 16:44:33 Job executing on host: <142.66.140.72:45186>
...
001 (012.007.000) 04/06 16:44:33 Job executing on host: <142.66.140.71:45063>
...
001 (012.008.000) 04/06 16:44:33 Job executing on host: <142.66.140.71:45063>
...
001 (012.005.000) 04/06 16:44:33 Job executing on host: <142.66.140.81:35317>
...
001 (012.006.000) 04/06 16:44:33 Job executing on host: <142.66.140.81:35317>
...
001 (012.004.000) 04/06 16:44:33 Job executing on host: <142.66.140.78:47515>
...
006 (012.001.000) 04/06 16:44:41 Image size of job updated: 37676
...
006 (012.000.000) 04/06 16:44:41 Image size of job updated: 36896
...
005 (012.001.000) 04/06 16:44:55 Job terminated.
	(1) Normal termination (return value 0)
		Usr 0 00:00:00, Sys 0 00:00:00  -  Run Remote Usage
		Usr 0 00:00:00, Sys 0 00:00:00  -  Run Local Usage
		Usr 0 00:00:00, Sys 0 00:00:00  -  Total Remote Usage
		Usr 0 00:00:00, Sys 0 00:00:00  -  Total Local Usage
	0  -  Run Bytes Sent By Job
	0  -  Run Bytes Received By Job
	0  -  Total Bytes Sent By Job
	0  -  Total Bytes Received By Job
...
006 (012.009.000) 04/06 16:44:56 Image size of job updated: 36892
...
005 (012.009.000) 04/06 16:44:56 Job terminated.
	(1) Normal termination (return value 0)
		Usr 0 00:00:00, Sys 0 00:00:00  -  Run Remote Usage
		Usr 0 00:00:00, Sys 0 00:00:00  -  Run Local Usage
		Usr 0 00:00:00, Sys 0 00:00:00  -  Total Remote Usage
		Usr 0 00:00:00, Sys 0 00:00:00  -  Total Local Usage
	0  -  Run Bytes Sent By Job
	0  -  Run Bytes Received By Job
	0  -  Total Bytes Sent By Job
	0  -  Total Bytes Received By Job
...
006 (012.002.000) 04/06 16:44:56 Image size of job updated: 27612
...
005 (012.002.000) 04/06 16:44:56 Job terminated.
	(1) Normal termination (return value 0)
		Usr 0 00:00:00, Sys 0 00:00:00  -  Run Remote Usage
		Usr 0 00:00:00, Sys 0 00:00:00  -  Run Local Usage
		Usr 0 00:00:00, Sys 0 00:00:00  -  Total Remote Usage
		Usr 0 00:00:00, Sys 0 00:00:00  -  Total Local Usage
	0  -  Run Bytes Sent By Job
	0  -  Run Bytes Received By Job
	0  -  Total Bytes Sent By Job
	0  -  Total Bytes Received By Job
...
006 (012.004.000) 04/06 16:44:57 Image size of job updated: 37536
...
005 (012.004.000) 04/06 16:44:57 Job terminated.
	(1) Normal termination (return value 0)
		Usr 0 00:00:00, Sys 0 00:00:00  -  Run Remote Usage
		Usr 0 00:00:00, Sys 0 00:00:00  -  Run Local Usage
		Usr 0 00:00:00, Sys 0 00:00:00  -  Total Remote Usage
		Usr 0 00:00:00, Sys 0 00:00:00  -  Total Local Usage
	0  -  Run Bytes Sent By Job
	0  -  Run Bytes Received By Job
	0  -  Total Bytes Sent By Job
	0  -  Total Bytes Received By Job
...
006 (012.000.000) 04/06 16:44:57 Image size of job updated: 37540
...
005 (012.000.000) 04/06 16:44:57 Job terminated.
	(1) Normal termination (return value 0)
		Usr 0 00:00:00, Sys 0 00:00:00  -  Run Remote Usage
		Usr 0 00:00:00, Sys 0 00:00:00  -  Run Local Usage
		Usr 0 00:00:00, Sys 0 00:00:00  -  Total Remote Usage
		Usr 0 00:00:00, Sys 0 00:00:00  -  Total Local Usage
	0  -  Run Bytes Sent By Job
	0  -  Run Bytes Received By Job
	0  -  Total Bytes Sent By Job
	0  -  Total Bytes Received By Job
...
006 (012.008.000) 04/06 16:44:57 Image size of job updated: 37544
...
005 (012.008.000) 04/06 16:44:57 Job terminated.
	(1) Normal termination (return value 0)
		Usr 0 00:00:00, Sys 0 00:00:00  -  Run Remote Usage
		Usr 0 00:00:00, Sys 0 00:00:00  -  Run Local Usage
		Usr 0 00:00:00, Sys 0 00:00:00  -  Total Remote Usage
		Usr 0 00:00:00, Sys 0 00:00:00  -  Total Local Usage
	0  -  Run Bytes Sent By Job
	0  -  Run Bytes Received By Job
	0  -  Total Bytes Sent By Job
	0  -  Total Bytes Received By Job
...
006 (012.003.000) 04/06 16:44:57 Image size of job updated: 37552
...
005 (012.003.000) 04/06 16:44:57 Job terminated.
	(1) Normal termination (return value 0)
		Usr 0 00:00:00, Sys 0 00:00:00  -  Run Remote Usage
		Usr 0 00:00:00, Sys 0 00:00:00  -  Run Local Usage
		Usr 0 00:00:00, Sys 0 00:00:00  -  Total Remote Usage
		Usr 0 00:00:00, Sys 0 00:00:00  -  Total Local Usage
	0  -  Run Bytes Sent By Job
	0  -  Run Bytes Received By Job
	0  -  Total Bytes Sent By Job
	0  -  Total Bytes Received By Job
...
006 (012.007.000) 04/06 16:44:58 Image size of job updated: 36888
...
005 (012.007.000) 04/06 16:44:58 Job terminated.
	(1) Normal termination (return value 0)
		Usr 0 00:00:00, Sys 0 00:00:00  -  Run Remote Usage
		Usr 0 00:00:00, Sys 0 00:00:00  -  Run Local Usage
		Usr 0 00:00:00, Sys 0 00:00:00  -  Total Remote Usage
		Usr 0 00:00:00, Sys 0 00:00:00  -  Total Local Usage
	0  -  Run Bytes Sent By Job
	0  -  Run Bytes Received By Job
	0  -  Total Bytes Sent By Job
	0  -  Total Bytes Received By Job
...
006 (012.005.000) 04/06 16:45:01 Image size of job updated: 37544
...
005 (012.005.000) 04/06 16:45:01 Job terminated.
	(1) Normal termination (return value 0)
		Usr 0 00:00:00, Sys 0 00:00:00  -  Run Remote Usage
		Usr 0 00:00:00, Sys 0 00:00:00  -  Run Local Usage
		Usr 0 00:00:00, Sys 0 00:00:00  -  Total Remote Usage
		Usr 0 00:00:00, Sys 0 00:00:00  -  Total Local Usage
	0  -  Run Bytes Sent By Job
	0  -  Run Bytes Received By Job
	0  -  Total Bytes Sent By Job
	0  -  Total Bytes Received By Job
...
006 (012.006.000) 04/06 16:45:01 Image size of job updated: 37552
...
005 (012.006.000) 04/06 16:45:01 Job terminated.
	(1) Normal termination (return value 0)
		Usr 0 00:00:00, Sys 0 00:00:00  -  Run Remote Usage
		Usr 0 00:00:00, Sys 0 00:00:00  -  Run Local Usage
		Usr 0 00:00:00, Sys 0 00:00:00  -  Total Remote Usage
		Usr 0 00:00:00, Sys 0 00:00:00  -  Total Local Usage
	0  -  Run Bytes Sent By Job
	0  -  Run Bytes Received By Job
	0  -  Total Bytes Sent By Job
	0  -  Total Bytes Received By Job
...
