000 (005.000.000) 04/06 16:53:50 Job submitted from host: <142.66.140.119:43828>
...
000 (005.001.000) 04/06 16:53:50 Job submitted from host: <142.66.140.119:43828>
...
000 (005.002.000) 04/06 16:53:50 Job submitted from host: <142.66.140.119:43828>
...
000 (005.003.000) 04/06 16:53:50 Job submitted from host: <142.66.140.119:43828>
...
000 (005.004.000) 04/06 16:53:50 Job submitted from host: <142.66.140.119:43828>
...
000 (005.005.000) 04/06 16:53:50 Job submitted from host: <142.66.140.119:43828>
...
000 (005.006.000) 04/06 16:53:50 Job submitted from host: <142.66.140.119:43828>
...
000 (005.007.000) 04/06 16:53:50 Job submitted from host: <142.66.140.119:43828>
...
000 (005.008.000) 04/06 16:53:50 Job submitted from host: <142.66.140.119:43828>
...
000 (005.009.000) 04/06 16:53:50 Job submitted from host: <142.66.140.119:43828>
...
001 (005.000.000) 04/06 16:54:50 Job executing on host: <142.66.140.74:59774>
...
001 (005.002.000) 04/06 16:54:50 Job executing on host: <142.66.140.84:51125>
...
001 (005.003.000) 04/06 16:54:50 Job executing on host: <142.66.140.84:51125>
...
001 (005.004.000) 04/06 16:54:50 Job executing on host: <142.66.140.73:52711>
...
001 (005.005.000) 04/06 16:54:50 Job executing on host: <142.66.140.73:52711>
...
001 (005.006.000) 04/06 16:54:50 Job executing on host: <142.66.140.72:45186>
...
001 (005.007.000) 04/06 16:54:50 Job executing on host: <142.66.140.72:45186>
...
001 (005.008.000) 04/06 16:54:50 Job executing on host: <142.66.140.78:47515>
...
001 (005.009.000) 04/06 16:54:50 Job executing on host: <142.66.140.78:47515>
...
006 (005.000.000) 04/06 16:54:59 Image size of job updated: 52564
...
006 (005.004.000) 04/06 16:54:59 Image size of job updated: 52564
...
006 (005.005.000) 04/06 16:54:59 Image size of job updated: 52568
...
006 (005.006.000) 04/06 16:54:59 Image size of job updated: 52564
...
006 (005.007.000) 04/06 16:54:59 Image size of job updated: 52564
...
001 (005.001.000) 04/06 16:55:51 Job executing on host: <142.66.140.80:47380>
...
006 (005.007.000) 04/06 17:00:00 Image size of job updated: 842120
...
006 (005.008.000) 04/06 17:00:00 Image size of job updated: 842124
...
006 (005.009.000) 04/06 17:00:00 Image size of job updated: 842128
...
006 (005.000.000) 04/06 17:00:00 Image size of job updated: 842116
...
006 (005.002.000) 04/06 17:00:00 Image size of job updated: 842120
...
006 (005.003.000) 04/06 17:00:00 Image size of job updated: 842116
...
006 (005.004.000) 04/06 17:00:00 Image size of job updated: 842116
...
006 (005.005.000) 04/06 17:00:00 Image size of job updated: 842124
...
006 (005.006.000) 04/06 17:00:01 Image size of job updated: 842116
...
006 (005.001.000) 04/06 17:01:01 Image size of job updated: 842128
...
006 (005.004.000) 04/06 21:20:27 Image size of job updated: 1522664
...
006 (005.004.000) 04/06 21:25:28 Image size of job updated: 1615276
...
006 (005.003.000) 04/06 23:50:43 Image size of job updated: 1200380
...
006 (005.003.000) 04/06 23:55:44 Image size of job updated: 1617012
...
006 (005.007.000) 04/07 00:00:43 Image size of job updated: 1617020
...
006 (005.008.000) 04/07 00:05:44 Image size of job updated: 1204452
...
006 (005.009.000) 04/07 00:05:44 Image size of job updated: 876836
...
006 (005.009.000) 04/07 00:10:46 Image size of job updated: 1616976
...
006 (005.008.000) 04/07 00:10:46 Image size of job updated: 1616968
...
006 (005.004.000) 04/07 04:31:11 Image size of job updated: 1632796
...
010 (005.001.000) 04/07 10:00:57 Job was suspended.
	Number of processes actually suspended: 2
...
011 (005.001.000) 04/07 10:10:59 Job was unsuspended.
...
004 (005.001.000) 04/07 10:10:59 Job was evicted.
	(0) Job was not checkpointed.
		Usr 0 17:02:51, Sys 0 00:00:16  -  Run Remote Usage
		Usr 0 00:00:00, Sys 0 00:00:00  -  Run Local Usage
	0  -  Run Bytes Sent By Job
	0  -  Run Bytes Received By Job
...
001 (005.001.000) 04/07 10:12:38 Job executing on host: <142.66.56.117:47270>
...
010 (005.009.000) 04/07 11:29:33 Job was suspended.
	Number of processes actually suspended: 2
...
010 (005.008.000) 04/07 11:29:33 Job was suspended.
	Number of processes actually suspended: 2
...
011 (005.008.000) 04/07 11:39:35 Job was unsuspended.
...
011 (005.009.000) 04/07 11:39:35 Job was unsuspended.
...
004 (005.008.000) 04/07 11:39:35 Job was evicted.
	(0) Job was not checkpointed.
		Usr 0 18:20:38, Sys 0 00:00:39  -  Run Remote Usage
		Usr 0 00:00:00, Sys 0 00:00:00  -  Run Local Usage
	0  -  Run Bytes Sent By Job
	0  -  Run Bytes Received By Job
...
004 (005.009.000) 04/07 11:39:35 Job was evicted.
	(0) Job was not checkpointed.
		Usr 0 18:20:32, Sys 0 00:00:37  -  Run Remote Usage
		Usr 0 00:00:00, Sys 0 00:00:00  -  Run Local Usage
	0  -  Run Bytes Sent By Job
	0  -  Run Bytes Received By Job
...
001 (005.008.000) 04/07 11:44:46 Job executing on host: <142.66.56.117:47270>
...
001 (005.009.000) 04/07 11:44:46 Job executing on host: <142.66.140.79:49830>
...
010 (005.009.000) 04/07 12:11:48 Job was suspended.
	Number of processes actually suspended: 2
...
011 (005.009.000) 04/07 12:16:55 Job was unsuspended.
...
010 (005.009.000) 04/07 12:18:20 Job was suspended.
	Number of processes actually suspended: 2
...
011 (005.009.000) 04/07 12:23:25 Job was unsuspended.
...
010 (005.009.000) 04/07 12:28:15 Job was suspended.
	Number of processes actually suspended: 2
...
011 (005.009.000) 04/07 12:33:16 Job was unsuspended.
...
010 (005.009.000) 04/07 12:48:57 Job was suspended.
	Number of processes actually suspended: 2
...
011 (005.009.000) 04/07 12:53:57 Job was unsuspended.
...
010 (005.009.000) 04/07 14:00:28 Job was suspended.
	Number of processes actually suspended: 2
...
011 (005.009.000) 04/07 14:05:29 Job was unsuspended.
...
010 (005.009.000) 04/07 14:07:14 Job was suspended.
	Number of processes actually suspended: 2
...
011 (005.009.000) 04/07 14:12:19 Job was unsuspended.
...
010 (005.009.000) 04/07 14:25:10 Job was suspended.
	Number of processes actually suspended: 2
...
011 (005.009.000) 04/07 14:33:40 Job was unsuspended.
...
010 (005.009.000) 04/07 14:50:41 Job was suspended.
	Number of processes actually suspended: 2
...
011 (005.009.000) 04/07 14:55:51 Job was unsuspended.
...
010 (005.009.000) 04/07 14:58:11 Job was suspended.
	Number of processes actually suspended: 2
...
011 (005.009.000) 04/07 15:03:12 Job was unsuspended.
...
006 (005.006.000) 04/07 15:17:22 Image size of job updated: 843532
...
006 (005.002.000) 04/07 15:22:22 Image size of job updated: 843404
...
006 (005.004.000) 04/07 15:27:21 Image size of job updated: 1644772
...
010 (005.009.000) 04/07 15:31:50 Job was suspended.
	Number of processes actually suspended: 2
...
011 (005.009.000) 04/07 15:39:41 Job was unsuspended.
...
010 (005.008.000) 04/07 16:04:53 Job was suspended.
	Number of processes actually suspended: 2
...
010 (005.001.000) 04/07 16:04:53 Job was suspended.
	Number of processes actually suspended: 2
...
010 (005.009.000) 04/07 16:14:38 Job was suspended.
	Number of processes actually suspended: 2
...
011 (005.008.000) 04/07 16:14:54 Job was unsuspended.
...
011 (005.001.000) 04/07 16:14:54 Job was unsuspended.
...
004 (005.001.000) 04/07 16:14:54 Job was evicted.
	(0) Job was not checkpointed.
		Usr 0 05:50:37, Sys 0 00:00:12  -  Run Remote Usage
		Usr 0 00:00:00, Sys 0 00:00:00  -  Run Local Usage
	0  -  Run Bytes Sent By Job
	0  -  Run Bytes Received By Job
...
004 (005.008.000) 04/07 16:14:54 Job was evicted.
	(0) Job was not checkpointed.
		Usr 0 04:18:38, Sys 0 00:00:10  -  Run Remote Usage
		Usr 0 00:00:00, Sys 0 00:00:00  -  Run Local Usage
	0  -  Run Bytes Sent By Job
	0  -  Run Bytes Received By Job
...
001 (005.001.000) 04/07 16:16:50 Job executing on host: <142.66.140.70:55351>
...
001 (005.008.000) 04/07 16:16:50 Job executing on host: <142.66.140.70:55351>
...
011 (005.009.000) 04/07 16:19:55 Job was unsuspended.
...
010 (005.009.000) 04/07 16:59:44 Job was suspended.
	Number of processes actually suspended: 2
...
011 (005.009.000) 04/07 17:04:40 Job was unsuspended.
...
006 (005.004.000) 04/07 17:37:36 Image size of job updated: 1647844
...
010 (005.009.000) 04/07 17:51:14 Job was suspended.
	Number of processes actually suspended: 2
...
011 (005.009.000) 04/07 17:56:34 Job was unsuspended.
...
006 (005.000.000) 04/07 18:07:41 Image size of job updated: 843412
...
006 (005.005.000) 04/07 18:12:40 Image size of job updated: 843532
...
006 (005.006.000) 04/07 18:27:41 Image size of job updated: 845204
...
006 (005.002.000) 04/07 18:32:41 Image size of job updated: 845200
...
010 (005.009.000) 04/07 21:06:53 Job was suspended.
	Number of processes actually suspended: 2
...
011 (005.009.000) 04/07 21:11:54 Job was unsuspended.
...
006 (005.000.000) 04/07 21:18:00 Image size of job updated: 845208
...
006 (005.005.000) 04/07 21:22:59 Image size of job updated: 845204
...
010 (005.009.000) 04/07 21:41:31 Job was suspended.
	Number of processes actually suspended: 2
...
011 (005.009.000) 04/07 21:51:36 Job was unsuspended.
...
004 (005.009.000) 04/07 21:51:37 Job was evicted.
	(0) Job was not checkpointed.
		Usr 0 08:38:20, Sys 0 00:00:04  -  Run Remote Usage
		Usr 0 00:00:00, Sys 0 00:00:00  -  Run Local Usage
	0  -  Run Bytes Sent By Job
	0  -  Run Bytes Received By Job
...
001 (005.009.000) 04/07 21:54:25 Job executing on host: <142.66.140.80:47380>
...
006 (005.004.000) 04/07 22:03:03 Image size of job updated: 1650504
...
006 (005.002.000) 04/07 22:03:03 Image size of job updated: 846872
...
006 (005.004.000) 04/08 00:13:15 Image size of job updated: 1653124
...
006 (005.000.000) 04/08 00:43:23 Image size of job updated: 846880
...
006 (005.004.000) 04/08 04:33:43 Image size of job updated: 1656172
...
006 (005.002.000) 04/08 07:39:04 Image size of job updated: 1162140
...
006 (005.002.000) 04/08 07:44:05 Image size of job updated: 1618576
...
010 (005.006.000) 04/08 10:04:47 Job was suspended.
	Number of processes actually suspended: 2
...
010 (005.007.000) 04/08 10:04:47 Job was suspended.
	Number of processes actually suspended: 2
...
011 (005.007.000) 04/08 10:14:49 Job was unsuspended.
...
011 (005.006.000) 04/08 10:14:49 Job was unsuspended.
...
004 (005.007.000) 04/08 10:14:49 Job was evicted.
	(0) Job was not checkpointed.
		Usr 1 17:00:01, Sys 0 00:01:16  -  Run Remote Usage
		Usr 0 00:00:00, Sys 0 00:00:00  -  Run Local Usage
	0  -  Run Bytes Sent By Job
	0  -  Run Bytes Received By Job
...
004 (005.006.000) 04/08 10:14:49 Job was evicted.
	(0) Job was not checkpointed.
		Usr 1 16:59:50, Sys 0 00:01:16  -  Run Remote Usage
		Usr 0 00:00:00, Sys 0 00:00:00  -  Run Local Usage
	0  -  Run Bytes Sent By Job
	0  -  Run Bytes Received By Job
...
001 (005.006.000) 04/08 10:16:57 Job executing on host: <142.66.56.117:47270>
...
001 (005.007.000) 04/08 10:16:57 Job executing on host: <142.66.56.117:47270>
...
010 (005.008.000) 04/08 10:18:21 Job was suspended.
	Number of processes actually suspended: 2
...
010 (005.001.000) 04/08 10:18:21 Job was suspended.
	Number of processes actually suspended: 2
...
004 (005.000.000) 04/08 10:24:15 Job was evicted.
	(0) Job was not checkpointed.
		Usr 1 17:19:27, Sys 0 00:01:10  -  Run Remote Usage
		Usr 0 00:00:00, Sys 0 00:00:00  -  Run Local Usage
	0  -  Run Bytes Sent By Job
	0  -  Run Bytes Received By Job
...
004 (005.009.000) 04/08 10:24:15 Job was evicted.
	(0) Job was not checkpointed.
		Usr 0 12:28:08, Sys 0 00:00:19  -  Run Remote Usage
		Usr 0 00:00:00, Sys 0 00:00:00  -  Run Local Usage
	0  -  Run Bytes Sent By Job
	0  -  Run Bytes Received By Job
...
004 (005.005.000) 04/08 10:24:16 Job was evicted.
	(0) Job was not checkpointed.
		Usr 1 17:19:17, Sys 0 00:01:12  -  Run Remote Usage
		Usr 0 00:00:00, Sys 0 00:00:00  -  Run Local Usage
	0  -  Run Bytes Sent By Job
	0  -  Run Bytes Received By Job
...
004 (005.004.000) 04/08 10:24:16 Job was evicted.
	(0) Job was not checkpointed.
		Usr 1 17:19:40, Sys 0 00:01:14  -  Run Remote Usage
		Usr 0 00:00:00, Sys 0 00:00:00  -  Run Local Usage
	0  -  Run Bytes Sent By Job
	0  -  Run Bytes Received By Job
...
004 (005.002.000) 04/08 10:24:16 Job was evicted.
	(0) Job was not checkpointed.
		Usr 1 17:18:10, Sys 0 00:00:41  -  Run Remote Usage
		Usr 0 00:00:00, Sys 0 00:00:00  -  Run Local Usage
	0  -  Run Bytes Sent By Job
	0  -  Run Bytes Received By Job
...
004 (005.003.000) 04/08 10:24:16 Job was evicted.
	(0) Job was not checkpointed.
		Usr 1 17:17:49, Sys 0 00:00:39  -  Run Remote Usage
		Usr 0 00:00:00, Sys 0 00:00:00  -  Run Local Usage
	0  -  Run Bytes Sent By Job
	0  -  Run Bytes Received By Job
...
011 (005.001.000) 04/08 10:28:23 Job was unsuspended.
...
011 (005.008.000) 04/08 10:28:23 Job was unsuspended.
...
004 (005.001.000) 04/08 10:28:23 Job was evicted.
	(0) Job was not checkpointed.
		Usr 0 17:56:59, Sys 0 00:00:35  -  Run Remote Usage
		Usr 0 00:00:00, Sys 0 00:00:00  -  Run Local Usage
	0  -  Run Bytes Sent By Job
	0  -  Run Bytes Received By Job
...
004 (005.008.000) 04/08 10:28:23 Job was evicted.
	(0) Job was not checkpointed.
		Usr 0 17:57:19, Sys 0 00:00:33  -  Run Remote Usage
		Usr 0 00:00:00, Sys 0 00:00:00  -  Run Local Usage
	0  -  Run Bytes Sent By Job
	0  -  Run Bytes Received By Job
...
001 (005.000.000) 04/08 10:40:22 Job executing on host: <142.66.56.116:40533>
...
001 (005.001.000) 04/08 10:40:22 Job executing on host: <142.66.56.116:40533>
...
001 (005.002.000) 04/08 10:42:24 Job executing on host: <142.66.140.119:43769>
...
001 (005.003.000) 04/08 11:03:50 Job executing on host: <142.66.140.72:45186>
...
001 (005.004.000) 04/08 11:03:50 Job executing on host: <142.66.140.72:45186>
...
001 (005.005.000) 04/08 11:05:52 Job executing on host: <142.66.140.99:53897>
...
001 (005.008.000) 04/08 11:07:56 Job executing on host: <142.66.140.102:35717>
...
001 (005.009.000) 04/08 11:08:56 Job executing on host: <142.66.140.105:36748>
...
004 (005.006.000) 04/08 11:17:05 Job was evicted.
	(0) Job was not checkpointed.
		Usr 0 00:59:49, Sys 0 00:00:03  -  Run Remote Usage
		Usr 0 00:00:00, Sys 0 00:00:00  -  Run Local Usage
	0  -  Run Bytes Sent By Job
	0  -  Run Bytes Received By Job
...
004 (005.007.000) 04/08 11:17:05 Job was evicted.
	(0) Job was not checkpointed.
		Usr 0 00:59:52, Sys 0 00:00:03  -  Run Remote Usage
		Usr 0 00:00:00, Sys 0 00:00:00  -  Run Local Usage
	0  -  Run Bytes Sent By Job
	0  -  Run Bytes Received By Job
...
001 (005.007.000) 04/08 11:23:14 Job executing on host: <142.66.140.80:47380>
...
001 (005.006.000) 04/08 11:23:14 Job executing on host: <142.66.140.80:47380>
...
010 (005.001.000) 04/08 11:25:05 Job was suspended.
	Number of processes actually suspended: 2
...
010 (005.000.000) 04/08 11:25:05 Job was suspended.
	Number of processes actually suspended: 2
...
010 (005.007.000) 04/08 11:27:44 Job was suspended.
	Number of processes actually suspended: 2
...
010 (005.006.000) 04/08 11:27:44 Job was suspended.
	Number of processes actually suspended: 2
...
011 (005.001.000) 04/08 11:31:40 Job was unsuspended.
...
011 (005.000.000) 04/08 11:31:40 Job was unsuspended.
...
010 (005.001.000) 04/08 11:31:55 Job was suspended.
	Number of processes actually suspended: 2
...
010 (005.000.000) 04/08 11:31:55 Job was suspended.
	Number of processes actually suspended: 2
...
011 (005.007.000) 04/08 11:37:49 Job was unsuspended.
...
011 (005.006.000) 04/08 11:37:49 Job was unsuspended.
...
010 (005.007.000) 04/08 11:37:49 Job was suspended.
	Number of processes actually suspended: 2
...
010 (005.006.000) 04/08 11:37:49 Job was suspended.
	Number of processes actually suspended: 2
...
011 (005.001.000) 04/08 11:41:58 Job was unsuspended.
...
011 (005.000.000) 04/08 11:41:58 Job was unsuspended.
...
004 (005.001.000) 04/08 11:41:58 Job was evicted.
	(0) Job was not checkpointed.
		Usr 0 00:44:20, Sys 0 00:00:04  -  Run Remote Usage
		Usr 0 00:00:00, Sys 0 00:00:00  -  Run Local Usage
	0  -  Run Bytes Sent By Job
	0  -  Run Bytes Received By Job
...
004 (005.000.000) 04/08 11:41:58 Job was evicted.
	(0) Job was not checkpointed.
		Usr 0 00:44:23, Sys 0 00:00:03  -  Run Remote Usage
		Usr 0 00:00:00, Sys 0 00:00:00  -  Run Local Usage
	0  -  Run Bytes Sent By Job
	0  -  Run Bytes Received By Job
...
004 (005.002.000) 04/08 11:42:37 Job was evicted.
	(0) Job was not checkpointed.
		Usr 0 01:00:03, Sys 0 00:00:01  -  Run Remote Usage
		Usr 0 00:00:00, Sys 0 00:00:00  -  Run Local Usage
	0  -  Run Bytes Sent By Job
	0  -  Run Bytes Received By Job
...
001 (005.001.000) 04/08 11:58:57 Job executing on host: <142.66.140.181:46679>
...
001 (005.000.000) 04/08 11:58:57 Job executing on host: <142.66.140.181:46679>
...
004 (005.003.000) 04/08 12:04:20 Job was evicted.
	(0) Job was not checkpointed.
		Usr 0 01:00:15, Sys 0 00:00:03  -  Run Remote Usage
		Usr 0 00:00:00, Sys 0 00:00:00  -  Run Local Usage
	0  -  Run Bytes Sent By Job
	0  -  Run Bytes Received By Job
...
004 (005.004.000) 04/08 12:04:20 Job was evicted.
	(0) Job was not checkpointed.
		Usr 0 01:00:16, Sys 0 00:00:02  -  Run Remote Usage
		Usr 0 00:00:00, Sys 0 00:00:00  -  Run Local Usage
	0  -  Run Bytes Sent By Job
	0  -  Run Bytes Received By Job
...
004 (005.005.000) 04/08 12:06:23 Job was evicted.
	(0) Job was not checkpointed.
		Usr 0 01:00:21, Sys 0 00:00:01  -  Run Remote Usage
		Usr 0 00:00:00, Sys 0 00:00:00  -  Run Local Usage
	0  -  Run Bytes Sent By Job
	0  -  Run Bytes Received By Job
...
004 (005.008.000) 04/08 12:08:25 Job was evicted.
	(0) Job was not checkpointed.
		Usr 0 00:59:17, Sys 0 00:00:01  -  Run Remote Usage
		Usr 0 00:00:00, Sys 0 00:00:00  -  Run Local Usage
	0  -  Run Bytes Sent By Job
	0  -  Run Bytes Received By Job
...
004 (005.009.000) 04/08 12:09:26 Job was evicted.
	(0) Job was not checkpointed.
		Usr 0 01:00:20, Sys 0 00:00:00  -  Run Remote Usage
		Usr 0 00:00:00, Sys 0 00:00:00  -  Run Local Usage
	0  -  Run Bytes Sent By Job
	0  -  Run Bytes Received By Job
...
001 (005.002.000) 04/08 12:14:32 Job executing on host: <142.66.140.92:42500>
...
001 (005.005.000) 04/08 12:18:36 Job executing on host: <142.66.140.183:38065>
...
001 (005.003.000) 04/08 12:21:39 Job executing on host: <142.66.56.234:45271>
...
001 (005.004.000) 04/08 12:21:39 Job executing on host: <142.66.56.234:45271>
...
011 (005.007.000) 04/08 12:40:40 Job was unsuspended.
...
011 (005.006.000) 04/08 12:40:40 Job was unsuspended.
...
001 (005.008.000) 04/08 12:41:00 Job executing on host: <142.66.140.71:45063>
...
004 (005.007.000) 04/08 12:41:10 Job was evicted.
	(0) Job was not checkpointed.
		Usr 0 00:04:57, Sys 0 00:00:00  -  Run Remote Usage
		Usr 0 00:00:00, Sys 0 00:00:00  -  Run Local Usage
	0  -  Run Bytes Sent By Job
	0  -  Run Bytes Received By Job
...
004 (005.006.000) 04/08 12:41:10 Job was evicted.
	(0) Job was not checkpointed.
		Usr 0 00:04:57, Sys 0 00:00:00  -  Run Remote Usage
		Usr 0 00:00:00, Sys 0 00:00:00  -  Run Local Usage
	0  -  Run Bytes Sent By Job
	0  -  Run Bytes Received By Job
...
010 (005.002.000) 04/08 12:41:28 Job was suspended.
	Number of processes actually suspended: 2
...
001 (005.006.000) 04/08 12:42:00 Job executing on host: <142.66.140.71:45063>
...
011 (005.002.000) 04/08 12:51:33 Job was unsuspended.
...
004 (005.002.000) 04/08 12:51:33 Job was evicted.
	(0) Job was not checkpointed.
		Usr 0 00:26:30, Sys 0 00:00:02  -  Run Remote Usage
		Usr 0 00:00:00, Sys 0 00:00:00  -  Run Local Usage
	0  -  Run Bytes Sent By Job
	0  -  Run Bytes Received By Job
...
010 (005.006.000) 04/08 12:51:39 Job was suspended.
	Number of processes actually suspended: 2
...
010 (005.008.000) 04/08 12:51:39 Job was suspended.
	Number of processes actually suspended: 2
...
001 (005.002.000) 04/08 12:53:18 Job executing on host: <142.66.140.107:32785>
...
004 (005.000.000) 04/08 12:59:25 Job was evicted.
	(0) Job was not checkpointed.
		Usr 0 00:58:20, Sys 0 00:00:04  -  Run Remote Usage
		Usr 0 00:00:00, Sys 0 00:00:00  -  Run Local Usage
	0  -  Run Bytes Sent By Job
	0  -  Run Bytes Received By Job
...
004 (005.001.000) 04/08 12:59:25 Job was evicted.
	(0) Job was not checkpointed.
		Usr 0 00:58:43, Sys 0 00:00:04  -  Run Remote Usage
		Usr 0 00:00:00, Sys 0 00:00:00  -  Run Local Usage
	0  -  Run Bytes Sent By Job
	0  -  Run Bytes Received By Job
...
011 (005.006.000) 04/08 13:01:40 Job was unsuspended.
...
011 (005.008.000) 04/08 13:01:40 Job was unsuspended.
...
004 (005.006.000) 04/08 13:01:40 Job was evicted.
	(0) Job was not checkpointed.
		Usr 0 00:09:36, Sys 0 00:00:00  -  Run Remote Usage
		Usr 0 00:00:00, Sys 0 00:00:00  -  Run Local Usage
	0  -  Run Bytes Sent By Job
	0  -  Run Bytes Received By Job
...
004 (005.008.000) 04/08 13:01:40 Job was evicted.
	(0) Job was not checkpointed.
		Usr 0 00:10:36, Sys 0 00:00:00  -  Run Remote Usage
		Usr 0 00:00:00, Sys 0 00:00:00  -  Run Local Usage
	0  -  Run Bytes Sent By Job
	0  -  Run Bytes Received By Job
...
010 (005.005.000) 04/08 13:04:44 Job was suspended.
	Number of processes actually suspended: 2
...
001 (005.006.000) 04/08 13:14:41 Job executing on host: <142.66.140.92:42500>
...
001 (005.001.000) 04/08 13:14:41 Job executing on host: <142.66.140.87:57144>
...
001 (005.000.000) 04/08 13:14:41 Job executing on host: <142.66.140.87:57144>
...
011 (005.005.000) 04/08 13:14:46 Job was unsuspended.
...
004 (005.005.000) 04/08 13:14:46 Job was evicted.
	(0) Job was not checkpointed.
		Usr 0 00:45:50, Sys 0 00:00:01  -  Run Remote Usage
		Usr 0 00:00:00, Sys 0 00:00:00  -  Run Local Usage
	0  -  Run Bytes Sent By Job
	0  -  Run Bytes Received By Job
...
001 (005.007.000) 04/08 13:15:42 Job executing on host: <142.66.140.74:59774>
...
001 (005.005.000) 04/08 13:15:42 Job executing on host: <142.66.140.74:59774>
...
001 (005.008.000) 04/08 13:16:43 Job executing on host: <142.66.140.71:45063>
...
004 (005.004.000) 04/08 13:21:48 Job was evicted.
	(0) Job was not checkpointed.
		Usr 0 00:59:45, Sys 0 00:00:04  -  Run Remote Usage
		Usr 0 00:00:00, Sys 0 00:00:00  -  Run Local Usage
	0  -  Run Bytes Sent By Job
	0  -  Run Bytes Received By Job
...
004 (005.003.000) 04/08 13:21:48 Job was evicted.
	(0) Job was not checkpointed.
		Usr 0 00:59:50, Sys 0 00:00:02  -  Run Remote Usage
		Usr 0 00:00:00, Sys 0 00:00:00  -  Run Local Usage
	0  -  Run Bytes Sent By Job
	0  -  Run Bytes Received By Job
...
010 (005.006.000) 04/08 13:36:57 Job was suspended.
	Number of processes actually suspended: 2
...
011 (005.006.000) 04/08 13:47:02 Job was unsuspended.
...
004 (005.006.000) 04/08 13:47:02 Job was evicted.
	(0) Job was not checkpointed.
		Usr 0 00:21:38, Sys 0 00:00:02  -  Run Remote Usage
		Usr 0 00:00:00, Sys 0 00:00:00  -  Run Local Usage
	0  -  Run Bytes Sent By Job
	0  -  Run Bytes Received By Job
...
001 (005.003.000) 04/08 14:14:37 Job executing on host: <142.66.140.92:42500>
...
001 (005.004.000) 04/08 14:39:59 Job executing on host: <142.66.140.91:58274>
...
001 (005.006.000) 04/08 14:39:59 Job executing on host: <142.66.140.91:58274>
...
010 (005.004.000) 04/08 14:42:59 Job was suspended.
	Number of processes actually suspended: 2
...
010 (005.006.000) 04/08 14:42:59 Job was suspended.
	Number of processes actually suspended: 2
...
001 (005.009.000) 04/08 14:49:08 Job executing on host: <142.66.140.93:51189>
...
010 (005.008.000) 04/08 14:50:31 Job was suspended.
	Number of processes actually suspended: 2
...
011 (005.006.000) 04/08 14:52:05 Job was unsuspended.
...
011 (005.004.000) 04/08 14:52:05 Job was unsuspended.
...
010 (005.001.000) 04/08 14:54:19 Job was suspended.
	Number of processes actually suspended: 2
...
010 (005.000.000) 04/08 14:54:19 Job was suspended.
	Number of processes actually suspended: 2
...
010 (005.009.000) 04/08 14:54:29 Job was suspended.
	Number of processes actually suspended: 2
...
011 (005.008.000) 04/08 14:55:58 Job was unsuspended.
...
010 (005.002.000) 04/08 14:57:28 Job was suspended.
	Number of processes actually suspended: 2
...
011 (005.009.000) 04/08 15:01:09 Job was unsuspended.
...
011 (005.001.000) 04/08 15:04:20 Job was unsuspended.
...
011 (005.000.000) 04/08 15:04:20 Job was unsuspended.
...
004 (005.001.000) 04/08 15:04:20 Job was evicted.
	(0) Job was not checkpointed.
		Usr 0 01:39:16, Sys 0 00:00:02  -  Run Remote Usage
		Usr 0 00:00:00, Sys 0 00:00:00  -  Run Local Usage
	0  -  Run Bytes Sent By Job
	0  -  Run Bytes Received By Job
...
004 (005.000.000) 04/08 15:04:20 Job was evicted.
	(0) Job was not checkpointed.
		Usr 0 01:39:14, Sys 0 00:00:01  -  Run Remote Usage
		Usr 0 00:00:00, Sys 0 00:00:00  -  Run Local Usage
	0  -  Run Bytes Sent By Job
	0  -  Run Bytes Received By Job
...
011 (005.002.000) 04/08 15:07:32 Job was unsuspended.
...
004 (005.002.000) 04/08 15:07:32 Job was evicted.
	(0) Job was not checkpointed.
		Usr 0 02:03:45, Sys 0 00:00:02  -  Run Remote Usage
		Usr 0 00:00:00, Sys 0 00:00:00  -  Run Local Usage
	0  -  Run Bytes Sent By Job
	0  -  Run Bytes Received By Job
...
001 (005.001.000) 04/08 15:14:30 Job executing on host: <142.66.140.88:58585>
...
001 (005.002.000) 04/08 15:14:30 Job executing on host: <142.66.140.88:58585>
...
001 (005.000.000) 04/08 15:14:30 Job executing on host: <142.66.140.90:47974>
...
010 (005.009.000) 04/08 15:52:38 Job was suspended.
	Number of processes actually suspended: 2
...
011 (005.009.000) 04/08 16:02:39 Job was unsuspended.
...
004 (005.009.000) 04/08 16:02:39 Job was evicted.
	(0) Job was not checkpointed.
		Usr 0 00:56:33, Sys 0 00:00:01  -  Run Remote Usage
		Usr 0 00:00:00, Sys 0 00:00:00  -  Run Local Usage
	0  -  Run Bytes Sent By Job
	0  -  Run Bytes Received By Job
...
010 (005.003.000) 04/08 16:06:06 Job was suspended.
	Number of processes actually suspended: 2
...
001 (005.009.000) 04/08 16:06:23 Job executing on host: <142.66.140.104:32952>
...
011 (005.003.000) 04/08 16:16:07 Job was unsuspended.
...
004 (005.003.000) 04/08 16:16:07 Job was evicted.
	(0) Job was not checkpointed.
		Usr 0 01:49:57, Sys 0 00:00:00  -  Run Remote Usage
		Usr 0 00:00:00, Sys 0 00:00:00  -  Run Local Usage
	0  -  Run Bytes Sent By Job
	0  -  Run Bytes Received By Job
...
001 (005.003.000) 04/08 16:17:32 Job executing on host: <142.66.140.104:32952>
...
010 (005.006.000) 04/08 16:19:32 Job was suspended.
	Number of processes actually suspended: 2
...
010 (005.004.000) 04/08 16:19:32 Job was suspended.
	Number of processes actually suspended: 2
...
011 (005.006.000) 04/08 16:24:34 Job was unsuspended.
...
011 (005.004.000) 04/08 16:24:34 Job was unsuspended.
...
010 (005.000.000) 04/08 16:35:19 Job was suspended.
	Number of processes actually suspended: 2
...
011 (005.000.000) 04/08 16:45:19 Job was unsuspended.
...
010 (005.000.000) 04/08 16:47:05 Job was suspended.
	Number of processes actually suspended: 2
...
011 (005.000.000) 04/08 16:57:07 Job was unsuspended.
...
004 (005.000.000) 04/08 16:57:07 Job was evicted.
	(0) Job was not checkpointed.
		Usr 0 01:17:34, Sys 0 00:00:04  -  Run Remote Usage
		Usr 0 00:00:00, Sys 0 00:00:00  -  Run Local Usage
	0  -  Run Bytes Sent By Job
	0  -  Run Bytes Received By Job
...
001 (005.000.000) 04/08 16:58:05 Job executing on host: <142.66.56.117:47270>
...
010 (005.005.000) 04/08 17:03:39 Job was suspended.
	Number of processes actually suspended: 2
...
010 (005.007.000) 04/08 17:03:39 Job was suspended.
	Number of processes actually suspended: 2
...
011 (005.005.000) 04/08 17:13:44 Job was unsuspended.
...
011 (005.007.000) 04/08 17:13:44 Job was unsuspended.
...
004 (005.005.000) 04/08 17:13:45 Job was evicted.
	(0) Job was not checkpointed.
		Usr 0 03:47:00, Sys 0 00:00:09  -  Run Remote Usage
		Usr 0 00:00:00, Sys 0 00:00:00  -  Run Local Usage
	0  -  Run Bytes Sent By Job
	0  -  Run Bytes Received By Job
...
004 (005.007.000) 04/08 17:13:45 Job was evicted.
	(0) Job was not checkpointed.
		Usr 0 03:47:02, Sys 0 00:00:09  -  Run Remote Usage
		Usr 0 00:00:00, Sys 0 00:00:00  -  Run Local Usage
	0  -  Run Bytes Sent By Job
	0  -  Run Bytes Received By Job
...
001 (005.005.000) 04/08 17:14:26 Job executing on host: <142.66.56.117:47270>
...
001 (005.007.000) 04/08 17:14:27 Job executing on host: <142.66.140.101:37098>
...
010 (005.001.000) 04/08 18:37:35 Job was suspended.
	Number of processes actually suspended: 2
...
010 (005.002.000) 04/08 18:37:35 Job was suspended.
	Number of processes actually suspended: 2
...
011 (005.001.000) 04/08 18:42:40 Job was unsuspended.
...
011 (005.002.000) 04/08 18:42:40 Job was unsuspended.
...
010 (005.006.000) 04/08 20:47:14 Job was suspended.
	Number of processes actually suspended: 2
...
010 (005.004.000) 04/08 20:47:14 Job was suspended.
	Number of processes actually suspended: 2
...
011 (005.004.000) 04/08 20:52:19 Job was unsuspended.
...
011 (005.006.000) 04/08 20:53:24 Job was unsuspended.
...
010 (005.008.000) 04/08 21:36:11 Job was suspended.
	Number of processes actually suspended: 2
...
011 (005.008.000) 04/08 21:41:16 Job was unsuspended.
...
010 (005.008.000) 04/09 10:06:34 Job was suspended.
	Number of processes actually suspended: 2
...
011 (005.008.000) 04/09 10:11:40 Job was unsuspended.
...
010 (005.008.000) 04/09 10:21:10 Job was suspended.
	Number of processes actually suspended: 2
...
011 (005.008.000) 04/09 10:26:16 Job was unsuspended.
...
010 (005.008.000) 04/09 10:35:11 Job was suspended.
	Number of processes actually suspended: 2
...
011 (005.008.000) 04/09 10:40:28 Job was unsuspended.
...
010 (005.008.000) 04/09 10:41:03 Job was suspended.
	Number of processes actually suspended: 2
...
011 (005.008.000) 04/09 10:46:08 Job was unsuspended.
...
010 (005.008.000) 04/09 10:51:19 Job was suspended.
	Number of processes actually suspended: 2
...
011 (005.008.000) 04/09 10:57:19 Job was unsuspended.
...
010 (005.008.000) 04/09 11:04:04 Job was suspended.
	Number of processes actually suspended: 2
...
011 (005.008.000) 04/09 11:10:04 Job was unsuspended.
...
010 (005.008.000) 04/09 11:13:45 Job was suspended.
	Number of processes actually suspended: 2
...
011 (005.008.000) 04/09 11:18:55 Job was unsuspended.
...
010 (005.008.000) 04/09 11:21:20 Job was suspended.
	Number of processes actually suspended: 2
...
011 (005.008.000) 04/09 11:27:15 Job was unsuspended.
...
010 (005.007.000) 04/09 12:01:38 Job was suspended.
	Number of processes actually suspended: 2
...
010 (005.009.000) 04/09 12:04:26 Job was suspended.
	Number of processes actually suspended: 2
...
010 (005.003.000) 04/09 12:04:26 Job was suspended.
	Number of processes actually suspended: 2
...
011 (005.007.000) 04/09 12:11:39 Job was unsuspended.
...
004 (005.007.000) 04/09 12:11:39 Job was evicted.
	(0) Job was not checkpointed.
		Usr 0 18:44:29, Sys 0 00:00:19  -  Run Remote Usage
		Usr 0 00:00:00, Sys 0 00:00:00  -  Run Local Usage
	0  -  Run Bytes Sent By Job
	0  -  Run Bytes Received By Job
...
001 (005.007.000) 04/09 12:14:09 Job executing on host: <142.66.140.76:41168>
...
011 (005.009.000) 04/09 12:14:31 Job was unsuspended.
...
011 (005.003.000) 04/09 12:14:31 Job was unsuspended.
...
004 (005.003.000) 04/09 12:14:31 Job was evicted.
	(0) Job was not checkpointed.
		Usr 0 19:43:47, Sys 0 00:00:21  -  Run Remote Usage
		Usr 0 00:00:00, Sys 0 00:00:00  -  Run Local Usage
	0  -  Run Bytes Sent By Job
	0  -  Run Bytes Received By Job
...
004 (005.009.000) 04/09 12:14:31 Job was evicted.
	(0) Job was not checkpointed.
		Usr 0 19:55:09, Sys 0 00:00:21  -  Run Remote Usage
		Usr 0 00:00:00, Sys 0 00:00:00  -  Run Local Usage
	0  -  Run Bytes Sent By Job
	0  -  Run Bytes Received By Job
...
001 (005.003.000) 04/09 12:15:09 Job executing on host: <142.66.140.76:41168>
...
001 (005.009.000) 04/09 12:15:10 Job executing on host: <142.66.140.74:59774>
...
010 (005.008.000) 04/09 12:20:37 Job was suspended.
	Number of processes actually suspended: 2
...
011 (005.008.000) 04/09 12:30:40 Job was unsuspended.
...
004 (005.008.000) 04/09 12:30:40 Job was evicted.
	(0) Job was not checkpointed.
		Usr 0 22:05:00, Sys 0 00:00:19  -  Run Remote Usage
		Usr 0 00:00:00, Sys 0 00:00:00  -  Run Local Usage
	0  -  Run Bytes Sent By Job
	0  -  Run Bytes Received By Job
...
001 (005.008.000) 04/09 12:31:20 Job executing on host: <142.66.140.74:59774>
...
010 (005.005.000) 04/09 13:36:28 Job was suspended.
	Number of processes actually suspended: 2
...
010 (005.000.000) 04/09 13:36:28 Job was suspended.
	Number of processes actually suspended: 2
...
011 (005.005.000) 04/09 13:44:33 Job was unsuspended.
...
011 (005.000.000) 04/09 13:44:33 Job was unsuspended.
...
010 (005.001.000) 04/09 14:57:33 Job was suspended.
	Number of processes actually suspended: 2
...
010 (005.002.000) 04/09 14:57:33 Job was suspended.
	Number of processes actually suspended: 2
...
010 (005.006.000) 04/09 14:59:13 Job was suspended.
	Number of processes actually suspended: 2
...
010 (005.004.000) 04/09 14:59:13 Job was suspended.
	Number of processes actually suspended: 2
...
010 (005.003.000) 04/09 15:02:42 Job was suspended.
	Number of processes actually suspended: 2
...
010 (005.007.000) 04/09 15:02:42 Job was suspended.
	Number of processes actually suspended: 2
...
010 (005.008.000) 04/09 15:03:06 Job was suspended.
	Number of processes actually suspended: 2
...
010 (005.009.000) 04/09 15:03:06 Job was suspended.
	Number of processes actually suspended: 2
...
011 (005.001.000) 04/09 15:07:35 Job was unsuspended.
...
011 (005.002.000) 04/09 15:07:35 Job was unsuspended.
...
004 (005.002.000) 04/09 15:07:35 Job was evicted.
	(0) Job was not checkpointed.
		Usr 0 23:32:49, Sys 0 00:00:20  -  Run Remote Usage
		Usr 0 00:00:00, Sys 0 00:00:00  -  Run Local Usage
	0  -  Run Bytes Sent By Job
	0  -  Run Bytes Received By Job
...
004 (005.001.000) 04/09 15:07:35 Job was evicted.
	(0) Job was not checkpointed.
		Usr 0 23:32:21, Sys 0 00:00:23  -  Run Remote Usage
		Usr 0 00:00:00, Sys 0 00:00:00  -  Run Local Usage
	0  -  Run Bytes Sent By Job
	0  -  Run Bytes Received By Job
...
011 (005.006.000) 04/09 15:09:17 Job was unsuspended.
...
011 (005.004.000) 04/09 15:09:17 Job was unsuspended.
...
004 (005.006.000) 04/09 15:09:17 Job was evicted.
	(0) Job was not checkpointed.
		Usr 0 23:52:51, Sys 0 00:00:50  -  Run Remote Usage
		Usr 0 00:00:00, Sys 0 00:00:00  -  Run Local Usage
	0  -  Run Bytes Sent By Job
	0  -  Run Bytes Received By Job
...
004 (005.004.000) 04/09 15:09:17 Job was evicted.
	(0) Job was not checkpointed.
		Usr 0 23:54:07, Sys 0 00:00:48  -  Run Remote Usage
		Usr 0 00:00:00, Sys 0 00:00:00  -  Run Local Usage
	0  -  Run Bytes Sent By Job
	0  -  Run Bytes Received By Job
...
001 (005.002.000) 04/09 15:12:30 Job executing on host: <142.66.140.104:32952>
...
001 (005.004.000) 04/09 15:12:30 Job executing on host: <142.66.140.104:32952>
...
001 (005.001.000) 04/09 15:12:31 Job executing on host: <142.66.56.47:52556>
...
001 (005.006.000) 04/09 15:12:31 Job executing on host: <142.66.56.47:52556>
...
011 (005.003.000) 04/09 15:12:47 Job was unsuspended.
...
011 (005.007.000) 04/09 15:12:47 Job was unsuspended.
...
004 (005.007.000) 04/09 15:12:47 Job was evicted.
	(0) Job was not checkpointed.
		Usr 0 02:47:50, Sys 0 00:00:07  -  Run Remote Usage
		Usr 0 00:00:00, Sys 0 00:00:00  -  Run Local Usage
	0  -  Run Bytes Sent By Job
	0  -  Run Bytes Received By Job
...
004 (005.003.000) 04/09 15:12:47 Job was evicted.
	(0) Job was not checkpointed.
		Usr 0 02:46:53, Sys 0 00:00:06  -  Run Remote Usage
		Usr 0 00:00:00, Sys 0 00:00:00  -  Run Local Usage
	0  -  Run Bytes Sent By Job
	0  -  Run Bytes Received By Job
...
011 (005.009.000) 04/09 15:13:11 Job was unsuspended.
...
011 (005.008.000) 04/09 15:13:11 Job was unsuspended.
...
004 (005.009.000) 04/09 15:13:12 Job was evicted.
	(0) Job was not checkpointed.
		Usr 0 02:47:18, Sys 0 00:00:06  -  Run Remote Usage
		Usr 0 00:00:00, Sys 0 00:00:00  -  Run Local Usage
	0  -  Run Bytes Sent By Job
	0  -  Run Bytes Received By Job
...
004 (005.008.000) 04/09 15:13:12 Job was evicted.
	(0) Job was not checkpointed.
		Usr 0 02:31:08, Sys 0 00:00:06  -  Run Remote Usage
		Usr 0 00:00:00, Sys 0 00:00:00  -  Run Local Usage
	0  -  Run Bytes Sent By Job
	0  -  Run Bytes Received By Job
...
001 (005.009.000) 04/09 15:13:32 Job executing on host: <142.66.140.70:55351>
...
001 (005.008.000) 04/09 15:13:32 Job executing on host: <142.66.140.70:55351>
...
001 (005.003.000) 04/09 15:13:32 Job executing on host: <142.66.56.231:36504>
...
001 (005.007.000) 04/09 15:13:32 Job executing on host: <142.66.56.231:36504>
...
010 (005.008.000) 04/09 15:31:05 Job was suspended.
	Number of processes actually suspended: 2
...
010 (005.009.000) 04/09 15:31:05 Job was suspended.
	Number of processes actually suspended: 2
...
011 (005.008.000) 04/09 15:41:10 Job was unsuspended.
...
011 (005.009.000) 04/09 15:41:10 Job was unsuspended.
...
004 (005.009.000) 04/09 15:41:10 Job was evicted.
	(0) Job was not checkpointed.
		Usr 0 00:17:29, Sys 0 00:00:00  -  Run Remote Usage
		Usr 0 00:00:00, Sys 0 00:00:00  -  Run Local Usage
	0  -  Run Bytes Sent By Job
	0  -  Run Bytes Received By Job
...
004 (005.008.000) 04/09 15:41:10 Job was evicted.
	(0) Job was not checkpointed.
		Usr 0 00:17:26, Sys 0 00:00:01  -  Run Remote Usage
		Usr 0 00:00:00, Sys 0 00:00:00  -  Run Local Usage
	0  -  Run Bytes Sent By Job
	0  -  Run Bytes Received By Job
...
001 (005.009.000) 04/09 15:44:56 Job executing on host: <142.66.140.118:40970>
...
001 (005.008.000) 04/09 15:44:56 Job executing on host: <142.66.140.118:40970>
...
010 (005.005.000) 04/09 16:37:29 Job was suspended.
	Number of processes actually suspended: 2
...
010 (005.000.000) 04/09 16:37:29 Job was suspended.
	Number of processes actually suspended: 2
...
011 (005.005.000) 04/09 16:47:30 Job was unsuspended.
...
011 (005.000.000) 04/09 16:47:30 Job was unsuspended.
...
004 (005.005.000) 04/09 16:47:30 Job was evicted.
	(0) Job was not checkpointed.
		Usr 0 23:08:44, Sys 0 00:01:01  -  Run Remote Usage
		Usr 0 00:00:00, Sys 0 00:00:00  -  Run Local Usage
	0  -  Run Bytes Sent By Job
	0  -  Run Bytes Received By Job
...
004 (005.000.000) 04/09 16:47:30 Job was evicted.
	(0) Job was not checkpointed.
		Usr 0 23:25:23, Sys 0 00:00:56  -  Run Remote Usage
		Usr 0 00:00:00, Sys 0 00:00:00  -  Run Local Usage
	0  -  Run Bytes Sent By Job
	0  -  Run Bytes Received By Job
...
001 (005.005.000) 04/09 16:51:54 Job executing on host: <142.66.140.109:40968>
...
001 (005.000.000) 04/09 16:51:54 Job executing on host: <142.66.140.109:40968>
...
006 (005.001.000) 04/09 23:58:33 Image size of job updated: 1179452
...
006 (005.001.000) 04/10 00:03:34 Image size of job updated: 1651216
...
010 (005.001.000) 04/10 01:59:10 Job was suspended.
	Number of processes actually suspended: 2
...
011 (005.001.000) 04/10 02:02:30 Job was unsuspended.
...
010 (005.001.000) 04/10 04:06:32 Job was suspended.
	Number of processes actually suspended: 2
...
011 (005.001.000) 04/10 04:09:53 Job was unsuspended.
...
010 (005.001.000) 04/10 04:12:05 Job was suspended.
	Number of processes actually suspended: 2
...
011 (005.001.000) 04/10 04:14:45 Job was unsuspended.
...
010 (005.001.000) 04/10 06:20:01 Job was suspended.
	Number of processes actually suspended: 2
...
011 (005.001.000) 04/10 06:22:36 Job was unsuspended.
...
010 (005.001.000) 04/10 06:24:52 Job was suspended.
	Number of processes actually suspended: 2
...
011 (005.001.000) 04/10 06:27:17 Job was unsuspended.
...
006 (005.001.000) 04/10 06:34:14 Image size of job updated: 1662164
...
010 (005.001.000) 04/10 08:31:04 Job was suspended.
	Number of processes actually suspended: 2
...
011 (005.001.000) 04/10 08:34:54 Job was unsuspended.
...
010 (005.001.000) 04/10 08:37:10 Job was suspended.
	Number of processes actually suspended: 2
...
011 (005.001.000) 04/10 08:40:48 Job was unsuspended.
...
010 (005.001.000) 04/10 08:43:05 Job was suspended.
	Number of processes actually suspended: 2
...
011 (005.001.000) 04/10 08:46:35 Job was unsuspended.
...
010 (005.001.000) 04/10 08:48:49 Job was suspended.
	Number of processes actually suspended: 2
...
011 (005.001.000) 04/10 08:52:45 Job was unsuspended.
...
010 (005.000.000) 04/10 09:52:28 Job was suspended.
	Number of processes actually suspended: 2
...
010 (005.005.000) 04/10 09:52:28 Job was suspended.
	Number of processes actually suspended: 2
...
011 (005.000.000) 04/10 10:02:33 Job was unsuspended.
...
011 (005.005.000) 04/10 10:02:33 Job was unsuspended.
...
004 (005.005.000) 04/10 10:02:34 Job was evicted.
	(0) Job was not checkpointed.
		Usr 0 16:58:01, Sys 0 00:00:18  -  Run Remote Usage
		Usr 0 00:00:00, Sys 0 00:00:00  -  Run Local Usage
	0  -  Run Bytes Sent By Job
	0  -  Run Bytes Received By Job
...
004 (005.000.000) 04/10 10:02:34 Job was evicted.
	(0) Job was not checkpointed.
		Usr 0 16:57:59, Sys 0 00:00:18  -  Run Remote Usage
		Usr 0 00:00:00, Sys 0 00:00:00  -  Run Local Usage
	0  -  Run Bytes Sent By Job
	0  -  Run Bytes Received By Job
...
001 (005.000.000) 04/10 10:05:01 Job executing on host: <142.66.56.117:47270>
...
001 (005.005.000) 04/10 10:05:01 Job executing on host: <142.66.56.117:47270>
...
010 (005.001.000) 04/10 10:57:04 Job was suspended.
	Number of processes actually suspended: 2
...
011 (005.001.000) 04/10 10:59:14 Job was unsuspended.
...
010 (005.001.000) 04/10 11:01:25 Job was suspended.
	Number of processes actually suspended: 2
...
011 (005.001.000) 04/10 11:03:29 Job was unsuspended.
...
010 (005.001.000) 04/10 11:06:00 Job was suspended.
	Number of processes actually suspended: 2
...
011 (005.001.000) 04/10 11:08:19 Job was unsuspended.
...
010 (005.002.000) 04/10 11:52:20 Job was suspended.
	Number of processes actually suspended: 2
...
010 (005.004.000) 04/10 11:52:20 Job was suspended.
	Number of processes actually suspended: 2
...
011 (005.002.000) 04/10 12:02:21 Job was unsuspended.
...
011 (005.004.000) 04/10 12:02:21 Job was unsuspended.
...
004 (005.002.000) 04/10 12:02:21 Job was evicted.
	(0) Job was not checkpointed.
		Usr 0 20:36:44, Sys 0 00:00:20  -  Run Remote Usage
		Usr 0 00:00:00, Sys 0 00:00:00  -  Run Local Usage
	0  -  Run Bytes Sent By Job
	0  -  Run Bytes Received By Job
...
004 (005.004.000) 04/10 12:02:21 Job was evicted.
	(0) Job was not checkpointed.
		Usr 0 20:36:36, Sys 0 00:00:23  -  Run Remote Usage
		Usr 0 00:00:00, Sys 0 00:00:00  -  Run Local Usage
	0  -  Run Bytes Sent By Job
	0  -  Run Bytes Received By Job
...
001 (005.002.000) 04/10 12:06:53 Job executing on host: <142.66.140.76:41168>
...
001 (005.004.000) 04/10 12:06:53 Job executing on host: <142.66.140.76:41168>
...
010 (005.004.000) 04/10 13:11:10 Job was suspended.
	Number of processes actually suspended: 2
...
010 (005.002.000) 04/10 13:11:10 Job was suspended.
	Number of processes actually suspended: 2
...
010 (005.001.000) 04/10 13:13:16 Job was suspended.
	Number of processes actually suspended: 2
...
010 (005.006.000) 04/10 13:15:07 Job was suspended.
	Number of processes actually suspended: 2
...
011 (005.006.000) 04/10 13:16:02 Job was unsuspended.
...
011 (005.001.000) 04/10 13:17:12 Job was unsuspended.
...
010 (005.001.000) 04/10 13:19:33 Job was suspended.
	Number of processes actually suspended: 2
...
011 (005.004.000) 04/10 13:21:15 Job was unsuspended.
...
011 (005.002.000) 04/10 13:21:15 Job was unsuspended.
...
004 (005.004.000) 04/10 13:21:15 Job was evicted.
	(0) Job was not checkpointed.
		Usr 0 01:03:59, Sys 0 00:00:02  -  Run Remote Usage
		Usr 0 00:00:00, Sys 0 00:00:00  -  Run Local Usage
	0  -  Run Bytes Sent By Job
	0  -  Run Bytes Received By Job
...
004 (005.002.000) 04/10 13:21:15 Job was evicted.
	(0) Job was not checkpointed.
		Usr 0 01:04:00, Sys 0 00:00:03  -  Run Remote Usage
		Usr 0 00:00:00, Sys 0 00:00:00  -  Run Local Usage
	0  -  Run Bytes Sent By Job
	0  -  Run Bytes Received By Job
...
011 (005.001.000) 04/10 13:21:43 Job was unsuspended.
...
001 (005.004.000) 04/10 13:24:02 Job executing on host: <142.66.140.74:59774>
...
001 (005.002.000) 04/10 13:24:02 Job executing on host: <142.66.140.74:59774>
...
010 (005.001.000) 04/10 13:24:03 Job was suspended.
	Number of processes actually suspended: 2
...
011 (005.001.000) 04/10 13:25:38 Job was unsuspended.
...
010 (005.001.000) 04/10 13:27:54 Job was suspended.
	Number of processes actually suspended: 2
...
011 (005.001.000) 04/10 13:29:49 Job was unsuspended.
...
010 (005.008.000) 04/10 13:53:35 Job was suspended.
	Number of processes actually suspended: 2
...
010 (005.009.000) 04/10 13:53:35 Job was suspended.
	Number of processes actually suspended: 2
...
011 (005.008.000) 04/10 14:03:37 Job was unsuspended.
...
011 (005.009.000) 04/10 14:03:37 Job was unsuspended.
...
004 (005.009.000) 04/10 14:03:37 Job was evicted.
	(0) Job was not checkpointed.
		Usr 0 22:05:23, Sys 0 00:00:20  -  Run Remote Usage
		Usr 0 00:00:00, Sys 0 00:00:00  -  Run Local Usage
	0  -  Run Bytes Sent By Job
	0  -  Run Bytes Received By Job
...
004 (005.008.000) 04/10 14:03:37 Job was evicted.
	(0) Job was not checkpointed.
		Usr 0 22:05:05, Sys 0 00:00:25  -  Run Remote Usage
		Usr 0 00:00:00, Sys 0 00:00:00  -  Run Local Usage
	0  -  Run Bytes Sent By Job
	0  -  Run Bytes Received By Job
...
001 (005.008.000) 04/10 14:05:22 Job executing on host: <142.66.140.78:47515>
...
001 (005.009.000) 04/10 14:05:22 Job executing on host: <142.66.140.78:47515>
...
010 (005.002.000) 04/10 14:43:44 Job was suspended.
	Number of processes actually suspended: 2
...
010 (005.004.000) 04/10 14:43:44 Job was suspended.
	Number of processes actually suspended: 2
...
011 (005.002.000) 04/10 14:52:59 Job was unsuspended.
...
011 (005.004.000) 04/10 14:52:59 Job was unsuspended.
...
010 (005.005.000) 04/10 15:16:45 Job was suspended.
	Number of processes actually suspended: 2
...
010 (005.000.000) 04/10 15:16:45 Job was suspended.
	Number of processes actually suspended: 2
...
011 (005.005.000) 04/10 15:23:27 Job was unsuspended.
...
011 (005.000.000) 04/10 15:23:27 Job was unsuspended.
...
010 (005.002.000) 04/10 15:29:01 Job was suspended.
	Number of processes actually suspended: 2
...
010 (005.004.000) 04/10 15:29:01 Job was suspended.
	Number of processes actually suspended: 2
...
011 (005.002.000) 04/10 15:34:02 Job was unsuspended.
...
011 (005.004.000) 04/10 15:34:02 Job was unsuspended.
...
010 (005.001.000) 04/10 15:34:45 Job was suspended.
	Number of processes actually suspended: 2
...
011 (005.001.000) 04/10 15:36:24 Job was unsuspended.
...
010 (005.001.000) 04/10 15:38:40 Job was suspended.
	Number of processes actually suspended: 2
...
010 (005.000.000) 04/10 15:40:51 Job was suspended.
	Number of processes actually suspended: 2
...
010 (005.005.000) 04/10 15:40:51 Job was suspended.
	Number of processes actually suspended: 2
...
011 (005.001.000) 04/10 15:41:16 Job was unsuspended.
...
010 (005.001.000) 04/10 15:43:31 Job was suspended.
	Number of processes actually suspended: 2
...
011 (005.005.000) 04/10 15:45:50 Job was unsuspended.
...
011 (005.000.000) 04/10 15:45:50 Job was unsuspended.
...
011 (005.001.000) 04/10 15:45:57 Job was unsuspended.
...
010 (005.001.000) 04/10 15:48:12 Job was suspended.
	Number of processes actually suspended: 2
...
006 (005.001.000) 04/10 15:48:12 Image size of job updated: 1665308
...
011 (005.001.000) 04/10 15:48:32 Job was unsuspended.
...
010 (005.005.000) 04/10 17:40:25 Job was suspended.
	Number of processes actually suspended: 2
...
010 (005.000.000) 04/10 17:40:25 Job was suspended.
	Number of processes actually suspended: 2
...
011 (005.005.000) 04/10 17:46:05 Job was unsuspended.
...
011 (005.000.000) 04/10 17:46:05 Job was unsuspended.
...
010 (005.001.000) 04/10 17:53:15 Job was suspended.
	Number of processes actually suspended: 2
...
011 (005.001.000) 04/10 17:55:16 Job was unsuspended.
...
010 (005.001.000) 04/10 17:57:31 Job was suspended.
	Number of processes actually suspended: 2
...
011 (005.001.000) 04/10 17:59:22 Job was unsuspended.
...
010 (005.001.000) 04/10 18:01:38 Job was suspended.
	Number of processes actually suspended: 2
...
011 (005.001.000) 04/10 18:03:38 Job was unsuspended.
...
010 (005.001.000) 04/10 18:05:54 Job was suspended.
	Number of processes actually suspended: 2
...
011 (005.001.000) 04/10 18:08:35 Job was unsuspended.
...
010 (005.005.000) 04/10 18:09:29 Job was suspended.
	Number of processes actually suspended: 2
...
010 (005.000.000) 04/10 18:09:29 Job was suspended.
	Number of processes actually suspended: 2
...
010 (005.001.000) 04/10 18:10:51 Job was suspended.
	Number of processes actually suspended: 2
...
011 (005.001.000) 04/10 18:13:16 Job was unsuspended.
...
010 (005.008.000) 04/10 18:18:10 Job was suspended.
	Number of processes actually suspended: 2
...
010 (005.009.000) 04/10 18:18:10 Job was suspended.
	Number of processes actually suspended: 2
...
010 (005.001.000) 04/10 18:18:29 Job was suspended.
	Number of processes actually suspended: 2
...
011 (005.000.000) 04/10 18:19:30 Job was unsuspended.
...
011 (005.005.000) 04/10 18:19:30 Job was unsuspended.
...
004 (005.000.000) 04/10 18:19:31 Job was evicted.
	(0) Job was not checkpointed.
		Usr 0 07:44:53, Sys 0 00:00:23  -  Run Remote Usage
		Usr 0 00:00:00, Sys 0 00:00:00  -  Run Local Usage
	0  -  Run Bytes Sent By Job
	0  -  Run Bytes Received By Job
...
004 (005.005.000) 04/10 18:19:31 Job was evicted.
	(0) Job was not checkpointed.
		Usr 0 07:44:50, Sys 0 00:00:24  -  Run Remote Usage
		Usr 0 00:00:00, Sys 0 00:00:00  -  Run Local Usage
	0  -  Run Bytes Sent By Job
	0  -  Run Bytes Received By Job
...
001 (005.005.000) 04/10 18:22:48 Job executing on host: <142.66.140.93:51189>
...
001 (005.000.000) 04/10 18:22:48 Job executing on host: <142.66.140.93:51189>
...
011 (005.008.000) 04/10 18:23:10 Job was unsuspended.
...
011 (005.009.000) 04/10 18:23:10 Job was unsuspended.
...
011 (005.001.000) 04/10 18:25:13 Job was unsuspended.
...
010 (005.008.000) 04/10 18:29:02 Job was suspended.
	Number of processes actually suspended: 2
...
010 (005.009.000) 04/10 18:29:42 Job was suspended.
	Number of processes actually suspended: 2
...
011 (005.009.000) 04/10 18:33:02 Job was unsuspended.
...
011 (005.008.000) 04/10 18:39:07 Job was unsuspended.
...
004 (005.008.000) 04/10 18:39:07 Job was evicted.
	(0) Job was not checkpointed.
		Usr 0 03:50:15, Sys 0 00:00:11  -  Run Remote Usage
		Usr 0 00:00:00, Sys 0 00:00:00  -  Run Local Usage
	0  -  Run Bytes Sent By Job
	0  -  Run Bytes Received By Job
...
001 (005.008.000) 04/10 18:44:36 Job executing on host: <142.66.140.92:42500>
...
010 (005.009.000) 04/10 18:52:33 Job was suspended.
	Number of processes actually suspended: 2
...
011 (005.009.000) 04/10 19:02:38 Job was unsuspended.
...
004 (005.009.000) 04/10 19:02:38 Job was evicted.
	(0) Job was not checkpointed.
		Usr 0 04:05:16, Sys 0 00:00:12  -  Run Remote Usage
		Usr 0 00:00:00, Sys 0 00:00:00  -  Run Local Usage
	0  -  Run Bytes Sent By Job
	0  -  Run Bytes Received By Job
...
001 (005.009.000) 04/10 19:05:46 Job executing on host: <142.66.140.88:58585>
...
010 (005.000.000) 04/10 19:53:01 Job was suspended.
	Number of processes actually suspended: 2
...
010 (005.005.000) 04/10 19:53:01 Job was suspended.
	Number of processes actually suspended: 2
...
010 (005.008.000) 04/10 19:54:24 Job was suspended.
	Number of processes actually suspended: 2
...
011 (005.005.000) 04/10 19:58:02 Job was unsuspended.
...
011 (005.000.000) 04/10 19:58:02 Job was unsuspended.
...
011 (005.008.000) 04/10 20:00:00 Job was unsuspended.
...
010 (005.008.000) 04/10 20:02:01 Job was suspended.
	Number of processes actually suspended: 2
...
011 (005.008.000) 04/10 20:12:06 Job was unsuspended.
...
004 (005.008.000) 04/10 20:12:06 Job was evicted.
	(0) Job was not checkpointed.
		Usr 0 01:11:11, Sys 0 00:00:03  -  Run Remote Usage
		Usr 0 00:00:00, Sys 0 00:00:00  -  Run Local Usage
	0  -  Run Bytes Sent By Job
	0  -  Run Bytes Received By Job
...
001 (005.008.000) 04/10 20:16:33 Job executing on host: <142.66.140.88:58585>
...
010 (005.005.000) 04/10 20:17:27 Job was suspended.
	Number of processes actually suspended: 2
...
010 (005.000.000) 04/10 20:17:27 Job was suspended.
	Number of processes actually suspended: 2
...
011 (005.005.000) 04/10 20:22:28 Job was unsuspended.
...
011 (005.000.000) 04/10 20:22:28 Job was unsuspended.
...
010 (005.001.000) 04/10 20:28:31 Job was suspended.
	Number of processes actually suspended: 2
...
011 (005.001.000) 04/10 20:30:35 Job was unsuspended.
...
010 (005.001.000) 04/10 20:32:51 Job was suspended.
	Number of processes actually suspended: 2
...
010 (005.005.000) 04/10 20:34:50 Job was suspended.
	Number of processes actually suspended: 2
...
010 (005.000.000) 04/10 20:34:50 Job was suspended.
	Number of processes actually suspended: 2
...
011 (005.001.000) 04/10 20:35:16 Job was unsuspended.
...
010 (005.001.000) 04/10 20:37:40 Job was suspended.
	Number of processes actually suspended: 2
...
011 (005.001.000) 04/10 20:39:50 Job was unsuspended.
...
010 (005.001.000) 04/10 20:42:10 Job was suspended.
	Number of processes actually suspended: 2
...
011 (005.001.000) 04/10 20:44:36 Job was unsuspended.
...
011 (005.005.000) 04/10 20:44:51 Job was unsuspended.
...
011 (005.000.000) 04/10 20:44:51 Job was unsuspended.
...
004 (005.005.000) 04/10 20:44:51 Job was evicted.
	(0) Job was not checkpointed.
		Usr 0 01:56:50, Sys 0 00:00:03  -  Run Remote Usage
		Usr 0 00:00:00, Sys 0 00:00:00  -  Run Local Usage
	0  -  Run Bytes Sent By Job
	0  -  Run Bytes Received By Job
...
004 (005.000.000) 04/10 20:44:51 Job was evicted.
	(0) Job was not checkpointed.
		Usr 0 01:57:03, Sys 0 00:00:03  -  Run Remote Usage
		Usr 0 00:00:00, Sys 0 00:00:00  -  Run Local Usage
	0  -  Run Bytes Sent By Job
	0  -  Run Bytes Received By Job
...
010 (005.001.000) 04/10 20:46:52 Job was suspended.
	Number of processes actually suspended: 2
...
001 (005.005.000) 04/10 20:48:03 Job executing on host: <142.66.56.117:47270>
...
001 (005.000.000) 04/10 20:48:03 Job executing on host: <142.66.56.117:47270>
...
011 (005.001.000) 04/10 20:49:28 Job was unsuspended.
...
010 (005.001.000) 04/10 20:51:48 Job was suspended.
	Number of processes actually suspended: 2
...
011 (005.001.000) 04/10 20:53:54 Job was unsuspended.
...
010 (005.001.000) 04/10 20:56:09 Job was suspended.
	Number of processes actually suspended: 2
...
011 (005.001.000) 04/10 20:57:49 Job was unsuspended.
...
010 (005.001.000) 04/10 21:01:35 Job was suspended.
	Number of processes actually suspended: 2
...
011 (005.001.000) 04/10 21:03:36 Job was unsuspended.
...
010 (005.001.000) 04/10 21:05:46 Job was suspended.
	Number of processes actually suspended: 2
...
011 (005.001.000) 04/10 21:13:34 Job was unsuspended.
...
010 (005.001.000) 04/10 21:15:46 Job was suspended.
	Number of processes actually suspended: 2
...
011 (005.001.000) 04/10 21:21:31 Job was unsuspended.
...
010 (005.001.000) 04/10 23:26:14 Job was suspended.
	Number of processes actually suspended: 2
...
011 (005.001.000) 04/10 23:28:14 Job was unsuspended.
...
010 (005.001.000) 04/10 23:30:31 Job was suspended.
	Number of processes actually suspended: 2
...
011 (005.001.000) 04/10 23:32:05 Job was unsuspended.
...
010 (005.001.000) 04/10 23:34:23 Job was suspended.
	Number of processes actually suspended: 2
...
011 (005.001.000) 04/10 23:39:48 Job was unsuspended.
...
010 (005.001.000) 04/10 23:42:27 Job was suspended.
	Number of processes actually suspended: 2
...
011 (005.001.000) 04/10 23:43:57 Job was unsuspended.
...
010 (005.001.000) 04/10 23:46:13 Job was suspended.
	Number of processes actually suspended: 2
...
011 (005.001.000) 04/10 23:47:58 Job was unsuspended.
...
010 (005.001.000) 04/10 23:50:13 Job was suspended.
	Number of processes actually suspended: 2
...
011 (005.001.000) 04/10 23:51:58 Job was unsuspended.
...
010 (005.001.000) 04/10 23:54:15 Job was suspended.
	Number of processes actually suspended: 2
...
011 (005.001.000) 04/10 23:56:10 Job was unsuspended.
...
010 (005.001.000) 04/10 23:58:30 Job was suspended.
	Number of processes actually suspended: 2
...
011 (005.001.000) 04/11 00:00:05 Job was unsuspended.
...
010 (005.001.000) 04/11 00:02:11 Job was suspended.
	Number of processes actually suspended: 2
...
011 (005.001.000) 04/11 00:04:06 Job was unsuspended.
...
010 (005.001.000) 04/11 00:06:18 Job was suspended.
	Number of processes actually suspended: 2
...
011 (005.001.000) 04/11 00:08:03 Job was unsuspended.
...
010 (005.001.000) 04/11 00:13:49 Job was suspended.
	Number of processes actually suspended: 2
...
011 (005.001.000) 04/11 00:23:40 Job was unsuspended.
...
010 (005.001.000) 04/11 00:25:51 Job was suspended.
	Number of processes actually suspended: 2
...
006 (005.001.000) 04/11 00:25:51 Image size of job updated: 1668424
...
011 (005.001.000) 04/11 00:30:42 Job was unsuspended.
...
010 (005.001.000) 04/11 02:35:20 Job was suspended.
	Number of processes actually suspended: 2
...
011 (005.001.000) 04/11 02:37:21 Job was unsuspended.
...
010 (005.001.000) 04/11 02:39:42 Job was suspended.
	Number of processes actually suspended: 2
...
011 (005.001.000) 04/11 02:42:26 Job was unsuspended.
...
010 (005.001.000) 04/11 02:44:43 Job was suspended.
	Number of processes actually suspended: 2
...
011 (005.001.000) 04/11 02:47:12 Job was unsuspended.
...
010 (005.001.000) 04/11 02:49:23 Job was suspended.
	Number of processes actually suspended: 2
...
011 (005.001.000) 04/11 02:52:09 Job was unsuspended.
...
010 (005.001.000) 04/11 02:54:24 Job was suspended.
	Number of processes actually suspended: 2
...
011 (005.001.000) 04/11 02:56:30 Job was unsuspended.
...
010 (005.001.000) 04/11 02:58:46 Job was suspended.
	Number of processes actually suspended: 2
...
011 (005.001.000) 04/11 03:01:25 Job was unsuspended.
...
010 (005.001.000) 04/11 03:03:37 Job was suspended.
	Number of processes actually suspended: 2
...
011 (005.001.000) 04/11 03:09:47 Job was unsuspended.
...
010 (005.001.000) 04/11 03:11:58 Job was suspended.
	Number of processes actually suspended: 2
...
011 (005.001.000) 04/11 03:14:25 Job was unsuspended.
...
010 (005.001.000) 04/11 03:16:35 Job was suspended.
	Number of processes actually suspended: 2
...
011 (005.001.000) 04/11 03:19:41 Job was unsuspended.
...
010 (005.001.000) 04/11 03:22:00 Job was suspended.
	Number of processes actually suspended: 2
...
011 (005.001.000) 04/11 03:24:39 Job was unsuspended.
...
010 (005.001.000) 04/11 03:30:41 Job was suspended.
	Number of processes actually suspended: 2
...
006 (005.001.000) 04/11 03:30:41 Image size of job updated: 1668700
...
011 (005.001.000) 04/11 03:33:00 Job was unsuspended.
...
006 (005.001.000) 04/11 03:36:32 Image size of job updated: 1671144
...
010 (005.002.000) 04/11 04:46:24 Job was suspended.
	Number of processes actually suspended: 2
...
010 (005.004.000) 04/11 04:46:24 Job was suspended.
	Number of processes actually suspended: 2
...
011 (005.002.000) 04/11 04:51:56 Job was unsuspended.
...
011 (005.004.000) 04/11 04:51:56 Job was unsuspended.
...
010 (005.001.000) 04/11 05:39:55 Job was suspended.
	Number of processes actually suspended: 2
...
011 (005.001.000) 04/11 05:42:00 Job was unsuspended.
...
010 (005.001.000) 04/11 05:44:11 Job was suspended.
	Number of processes actually suspended: 2
...
011 (005.001.000) 04/11 05:45:41 Job was unsuspended.
...
010 (005.001.000) 04/11 05:47:57 Job was suspended.
	Number of processes actually suspended: 2
...
011 (005.001.000) 04/11 05:49:22 Job was unsuspended.
...
010 (005.001.000) 04/11 05:51:42 Job was suspended.
	Number of processes actually suspended: 2
...
011 (005.001.000) 04/11 05:56:17 Job was unsuspended.
...
010 (005.001.000) 04/11 05:58:33 Job was suspended.
	Number of processes actually suspended: 2
...
011 (005.001.000) 04/11 06:00:29 Job was unsuspended.
...
010 (005.001.000) 04/11 06:02:49 Job was suspended.
	Number of processes actually suspended: 2
...
011 (005.001.000) 04/11 06:04:14 Job was unsuspended.
...
010 (005.001.000) 04/11 06:06:30 Job was suspended.
	Number of processes actually suspended: 2
...
011 (005.001.000) 04/11 06:07:45 Job was unsuspended.
...
010 (005.001.000) 04/11 06:10:00 Job was suspended.
	Number of processes actually suspended: 2
...
011 (005.001.000) 04/11 06:11:01 Job was unsuspended.
...
006 (005.001.000) 04/11 06:16:47 Image size of job updated: 1673764
...
010 (005.001.000) 04/11 08:19:06 Job was suspended.
	Number of processes actually suspended: 2
...
011 (005.001.000) 04/11 08:21:10 Job was unsuspended.
...
010 (005.001.000) 04/11 08:23:25 Job was suspended.
	Number of processes actually suspended: 2
...
011 (005.001.000) 04/11 08:25:10 Job was unsuspended.
...
010 (005.001.000) 04/11 08:27:22 Job was suspended.
	Number of processes actually suspended: 2
...
011 (005.001.000) 04/11 08:29:12 Job was unsuspended.
...
010 (005.001.000) 04/11 08:31:27 Job was suspended.
	Number of processes actually suspended: 2
...
011 (005.001.000) 04/11 08:33:12 Job was unsuspended.
...
010 (005.001.000) 04/11 08:35:33 Job was suspended.
	Number of processes actually suspended: 2
...
011 (005.001.000) 04/11 08:36:53 Job was unsuspended.
...
010 (005.001.000) 04/11 08:39:18 Job was suspended.
	Number of processes actually suspended: 2
...
010 (005.006.000) 04/11 08:40:48 Job was suspended.
	Number of processes actually suspended: 2
...
011 (005.006.000) 04/11 08:41:39 Job was unsuspended.
...
011 (005.001.000) 04/11 08:42:43 Job was unsuspended.
...
010 (005.001.000) 04/11 08:45:09 Job was suspended.
	Number of processes actually suspended: 2
...
011 (005.001.000) 04/11 08:45:49 Job was unsuspended.
...
010 (005.008.000) 04/11 10:32:17 Job was suspended.
	Number of processes actually suspended: 2
...
010 (005.009.000) 04/11 10:32:17 Job was suspended.
	Number of processes actually suspended: 2
...
011 (005.008.000) 04/11 10:37:23 Job was unsuspended.
...
011 (005.009.000) 04/11 10:37:23 Job was unsuspended.
...
010 (005.001.000) 04/11 10:53:23 Job was suspended.
	Number of processes actually suspended: 2
...
011 (005.001.000) 04/11 10:55:22 Job was unsuspended.
...
010 (005.001.000) 04/11 10:57:42 Job was suspended.
	Number of processes actually suspended: 2
...
011 (005.001.000) 04/11 10:59:33 Job was unsuspended.
...
010 (005.001.000) 04/11 11:01:54 Job was suspended.
	Number of processes actually suspended: 2
...
011 (005.001.000) 04/11 11:03:34 Job was unsuspended.
...
010 (005.001.000) 04/11 11:05:59 Job was suspended.
	Number of processes actually suspended: 2
...
011 (005.001.000) 04/11 11:07:39 Job was unsuspended.
...
010 (005.001.000) 04/11 11:09:55 Job was suspended.
	Number of processes actually suspended: 2
...
011 (005.001.000) 04/11 11:11:30 Job was unsuspended.
...
010 (005.001.000) 04/11 11:13:42 Job was suspended.
	Number of processes actually suspended: 2
...
011 (005.001.000) 04/11 11:15:32 Job was unsuspended.
...
010 (005.001.000) 04/11 11:17:48 Job was suspended.
	Number of processes actually suspended: 2
...
011 (005.001.000) 04/11 11:19:23 Job was unsuspended.
...
010 (005.001.000) 04/11 11:21:49 Job was suspended.
	Number of processes actually suspended: 2
...
011 (005.001.000) 04/11 11:23:13 Job was unsuspended.
...
010 (005.008.000) 04/11 13:12:25 Job was suspended.
	Number of processes actually suspended: 2
...
010 (005.009.000) 04/11 13:12:25 Job was suspended.
	Number of processes actually suspended: 2
...
011 (005.008.000) 04/11 13:17:31 Job was unsuspended.
...
011 (005.009.000) 04/11 13:17:31 Job was unsuspended.
...
010 (005.002.000) 04/11 13:23:33 Job was suspended.
	Number of processes actually suspended: 2
...
010 (005.004.000) 04/11 13:23:33 Job was suspended.
	Number of processes actually suspended: 2
...
010 (005.001.000) 04/11 13:33:15 Job was suspended.
	Number of processes actually suspended: 2
...
011 (005.002.000) 04/11 13:33:34 Job was unsuspended.
...
011 (005.004.000) 04/11 13:33:34 Job was unsuspended.
...
004 (005.004.000) 04/11 13:33:34 Job was evicted.
	(0) Job was not checkpointed.
		Usr 0 23:33:52, Sys 0 00:00:53  -  Run Remote Usage
		Usr 0 00:00:00, Sys 0 00:00:00  -  Run Local Usage
	0  -  Run Bytes Sent By Job
	0  -  Run Bytes Received By Job
...
004 (005.002.000) 04/11 13:33:34 Job was evicted.
	(0) Job was not checkpointed.
		Usr 0 23:34:14, Sys 0 00:00:46  -  Run Remote Usage
		Usr 0 00:00:00, Sys 0 00:00:00  -  Run Local Usage
	0  -  Run Bytes Sent By Job
	0  -  Run Bytes Received By Job
...
011 (005.001.000) 04/11 13:35:15 Job was unsuspended.
...
010 (005.001.000) 04/11 13:37:26 Job was suspended.
	Number of processes actually suspended: 2
...
001 (005.002.000) 04/11 13:38:46 Job executing on host: <142.66.140.76:41168>
...
001 (005.004.000) 04/11 13:38:46 Job executing on host: <142.66.140.76:41168>
...
011 (005.001.000) 04/11 13:39:11 Job was unsuspended.
...
010 (005.001.000) 04/11 13:41:27 Job was suspended.
	Number of processes actually suspended: 2
...
011 (005.001.000) 04/11 13:43:02 Job was unsuspended.
...
010 (005.001.000) 04/11 13:45:22 Job was suspended.
	Number of processes actually suspended: 2
...
011 (005.001.000) 04/11 13:46:53 Job was unsuspended.
...
010 (005.001.000) 04/11 13:49:10 Job was suspended.
	Number of processes actually suspended: 2
...
011 (005.001.000) 04/11 13:51:05 Job was unsuspended.
...
010 (005.001.000) 04/11 13:53:29 Job was suspended.
	Number of processes actually suspended: 2
...
011 (005.001.000) 04/11 13:55:24 Job was unsuspended.
...
010 (005.001.000) 04/11 13:57:40 Job was suspended.
	Number of processes actually suspended: 2
...
011 (005.001.000) 04/11 13:59:00 Job was unsuspended.
...
010 (005.001.000) 04/11 14:01:15 Job was suspended.
	Number of processes actually suspended: 2
...
011 (005.001.000) 04/11 14:02:46 Job was unsuspended.
...
010 (005.001.000) 04/11 14:05:02 Job was suspended.
	Number of processes actually suspended: 2
...
011 (005.001.000) 04/11 14:06:32 Job was unsuspended.
...
010 (005.004.000) 04/11 14:42:31 Job was suspended.
	Number of processes actually suspended: 2
...
010 (005.002.000) 04/11 14:42:31 Job was suspended.
	Number of processes actually suspended: 2
...
011 (005.004.000) 04/11 14:52:32 Job was unsuspended.
...
011 (005.002.000) 04/11 14:52:32 Job was unsuspended.
...
004 (005.004.000) 04/11 14:52:32 Job was evicted.
	(0) Job was not checkpointed.
		Usr 0 01:03:28, Sys 0 00:00:03  -  Run Remote Usage
		Usr 0 00:00:00, Sys 0 00:00:00  -  Run Local Usage
	0  -  Run Bytes Sent By Job
	0  -  Run Bytes Received By Job
...
004 (005.002.000) 04/11 14:52:32 Job was evicted.
	(0) Job was not checkpointed.
		Usr 0 01:03:29, Sys 0 00:00:03  -  Run Remote Usage
		Usr 0 00:00:00, Sys 0 00:00:00  -  Run Local Usage
	0  -  Run Bytes Sent By Job
	0  -  Run Bytes Received By Job
...
001 (005.002.000) 04/11 14:56:57 Job executing on host: <142.66.140.100:37671>
...
001 (005.004.000) 04/11 14:56:57 Job executing on host: <142.66.140.100:37671>
...
010 (005.008.000) 04/11 14:59:38 Job was suspended.
	Number of processes actually suspended: 2
...
010 (005.009.000) 04/11 14:59:38 Job was suspended.
	Number of processes actually suspended: 2
...
011 (005.008.000) 04/11 15:04:43 Job was unsuspended.
...
011 (005.009.000) 04/11 15:04:43 Job was unsuspended.
...
010 (005.008.000) 04/11 15:05:13 Job was suspended.
	Number of processes actually suspended: 2
...
010 (005.009.000) 04/11 15:05:13 Job was suspended.
	Number of processes actually suspended: 2
...
011 (005.008.000) 04/11 15:10:19 Job was unsuspended.
...
011 (005.009.000) 04/11 15:10:19 Job was unsuspended.
...
010 (005.005.000) 04/11 15:28:45 Job was suspended.
	Number of processes actually suspended: 2
...
010 (005.000.000) 04/11 15:28:45 Job was suspended.
	Number of processes actually suspended: 2
...
011 (005.005.000) 04/11 15:38:21 Job was unsuspended.
...
011 (005.000.000) 04/11 15:38:21 Job was unsuspended.
...
010 (005.005.000) 04/11 15:46:08 Job was suspended.
	Number of processes actually suspended: 2
...
010 (005.000.000) 04/11 15:46:08 Job was suspended.
	Number of processes actually suspended: 2
...
011 (005.005.000) 04/11 15:51:18 Job was unsuspended.
...
011 (005.000.000) 04/11 15:51:18 Job was unsuspended.
...
010 (005.005.000) 04/11 15:56:33 Job was suspended.
	Number of processes actually suspended: 2
...
010 (005.000.000) 04/11 15:56:33 Job was suspended.
	Number of processes actually suspended: 2
...
010 (005.002.000) 04/11 15:59:00 Job was suspended.
	Number of processes actually suspended: 2
...
010 (005.004.000) 04/11 15:59:00 Job was suspended.
	Number of processes actually suspended: 2
...
011 (005.005.000) 04/11 16:03:50 Job was unsuspended.
...
011 (005.000.000) 04/11 16:03:50 Job was unsuspended.
...
010 (005.005.000) 04/11 16:04:25 Job was suspended.
	Number of processes actually suspended: 2
...
010 (005.000.000) 04/11 16:04:25 Job was suspended.
	Number of processes actually suspended: 2
...
011 (005.002.000) 04/11 16:09:01 Job was unsuspended.
...
011 (005.004.000) 04/11 16:09:01 Job was unsuspended.
...
004 (005.002.000) 04/11 16:09:01 Job was evicted.
	(0) Job was not checkpointed.
		Usr 0 01:01:49, Sys 0 00:00:03  -  Run Remote Usage
		Usr 0 00:00:00, Sys 0 00:00:00  -  Run Local Usage
	0  -  Run Bytes Sent By Job
	0  -  Run Bytes Received By Job
...
004 (005.004.000) 04/11 16:09:01 Job was evicted.
	(0) Job was not checkpointed.
		Usr 0 01:01:52, Sys 0 00:00:01  -  Run Remote Usage
		Usr 0 00:00:00, Sys 0 00:00:00  -  Run Local Usage
	0  -  Run Bytes Sent By Job
	0  -  Run Bytes Received By Job
...
011 (005.005.000) 04/11 16:11:00 Job was unsuspended.
...
011 (005.000.000) 04/11 16:11:00 Job was unsuspended.
...
010 (005.001.000) 04/11 16:12:59 Job was suspended.
	Number of processes actually suspended: 2
...
010 (005.000.000) 04/11 16:13:30 Job was suspended.
	Number of processes actually suspended: 2
...
010 (005.005.000) 04/11 16:13:30 Job was suspended.
	Number of processes actually suspended: 2
...
011 (005.001.000) 04/11 16:14:50 Job was unsuspended.
...
010 (005.001.000) 04/11 16:17:08 Job was suspended.
	Number of processes actually suspended: 2
...
011 (005.001.000) 04/11 16:19:04 Job was unsuspended.
...
010 (005.001.000) 04/11 16:21:16 Job was suspended.
	Number of processes actually suspended: 2
...
011 (005.005.000) 04/11 16:23:31 Job was unsuspended.
...
011 (005.000.000) 04/11 16:23:31 Job was unsuspended.
...
004 (005.005.000) 04/11 16:23:31 Job was evicted.
	(0) Job was not checkpointed.
		Usr 0 18:52:08, Sys 0 00:00:47  -  Run Remote Usage
		Usr 0 00:00:00, Sys 0 00:00:00  -  Run Local Usage
	0  -  Run Bytes Sent By Job
	0  -  Run Bytes Received By Job
...
004 (005.000.000) 04/11 16:23:31 Job was evicted.
	(0) Job was not checkpointed.
		Usr 0 18:52:10, Sys 0 00:00:47  -  Run Remote Usage
		Usr 0 00:00:00, Sys 0 00:00:00  -  Run Local Usage
	0  -  Run Bytes Sent By Job
	0  -  Run Bytes Received By Job
...
011 (005.001.000) 04/11 16:23:41 Job was unsuspended.
...
010 (005.001.000) 04/11 16:25:53 Job was suspended.
	Number of processes actually suspended: 2
...
011 (005.001.000) 04/11 16:27:53 Job was unsuspended.
...
010 (005.001.000) 04/11 16:30:05 Job was suspended.
	Number of processes actually suspended: 2
...
011 (005.001.000) 04/11 16:32:00 Job was unsuspended.
...
010 (005.001.000) 04/11 16:34:26 Job was suspended.
	Number of processes actually suspended: 2
...
011 (005.001.000) 04/11 16:37:01 Job was unsuspended.
...
010 (005.001.000) 04/11 16:39:12 Job was suspended.
	Number of processes actually suspended: 2
...
011 (005.001.000) 04/11 16:41:52 Job was unsuspended.
...
010 (005.001.000) 04/11 16:44:04 Job was suspended.
	Number of processes actually suspended: 2
...
006 (005.001.000) 04/11 16:44:04 Image size of job updated: 1674252
...
011 (005.001.000) 04/11 16:46:24 Job was unsuspended.
...
010 (005.001.000) 04/11 18:14:52 Job was suspended.
	Number of processes actually suspended: 2
...
011 (005.001.000) 04/11 18:16:58 Job was unsuspended.
...
010 (005.001.000) 04/11 18:57:24 Job was suspended.
	Number of processes actually suspended: 2
...
011 (005.001.000) 04/11 18:58:44 Job was unsuspended.
...
010 (005.001.000) 04/11 19:00:55 Job was suspended.
	Number of processes actually suspended: 2
...
011 (005.001.000) 04/11 19:02:20 Job was unsuspended.
...
010 (005.001.000) 04/11 19:04:36 Job was suspended.
	Number of processes actually suspended: 2
...
011 (005.001.000) 04/11 19:06:06 Job was unsuspended.
...
010 (005.001.000) 04/11 19:08:22 Job was suspended.
	Number of processes actually suspended: 2
...
011 (005.001.000) 04/11 19:09:37 Job was unsuspended.
...
010 (005.001.000) 04/11 19:11:53 Job was suspended.
	Number of processes actually suspended: 2
...
011 (005.001.000) 04/11 19:13:58 Job was unsuspended.
...
010 (005.001.000) 04/11 19:16:14 Job was suspended.
	Number of processes actually suspended: 2
...
011 (005.001.000) 04/11 19:18:24 Job was unsuspended.
...
010 (005.001.000) 04/11 19:20:45 Job was suspended.
	Number of processes actually suspended: 2
...
011 (005.001.000) 04/11 19:22:10 Job was unsuspended.
...
010 (005.001.000) 04/11 19:24:30 Job was suspended.
	Number of processes actually suspended: 2
...
011 (005.001.000) 04/11 19:26:05 Job was unsuspended.
...
010 (005.001.000) 04/11 19:28:26 Job was suspended.
	Number of processes actually suspended: 2
...
011 (005.001.000) 04/11 19:30:31 Job was unsuspended.
...
010 (005.001.000) 04/11 19:32:44 Job was suspended.
	Number of processes actually suspended: 2
...
011 (005.001.000) 04/11 19:34:30 Job was unsuspended.
...
010 (005.001.000) 04/11 19:41:31 Job was suspended.
	Number of processes actually suspended: 2
...
011 (005.001.000) 04/11 19:43:56 Job was unsuspended.
...
001 (005.002.000) 04/11 20:18:32 Job executing on host: <142.66.140.113:59532>
...
001 (005.000.000) 04/11 20:18:32 Job executing on host: <142.66.140.113:59532>
...
001 (005.004.000) 04/11 20:18:32 Job executing on host: <142.66.140.123:32855>
...
001 (005.005.000) 04/11 20:18:32 Job executing on host: <142.66.140.123:32855>
...
010 (005.001.000) 04/11 21:53:43 Job was suspended.
	Number of processes actually suspended: 2
...
011 (005.001.000) 04/11 21:55:44 Job was unsuspended.
...
010 (005.001.000) 04/11 21:57:50 Job was suspended.
	Number of processes actually suspended: 2
...
011 (005.001.000) 04/11 22:01:11 Job was unsuspended.
...
010 (005.001.000) 04/11 22:03:22 Job was suspended.
	Number of processes actually suspended: 2
...
011 (005.001.000) 04/11 22:05:02 Job was unsuspended.
...
010 (005.001.000) 04/11 22:07:13 Job was suspended.
	Number of processes actually suspended: 2
...
011 (005.001.000) 04/11 22:08:59 Job was unsuspended.
...
010 (005.001.000) 04/11 22:11:21 Job was suspended.
	Number of processes actually suspended: 2
...
011 (005.001.000) 04/11 22:13:56 Job was unsuspended.
...
010 (005.001.000) 04/11 22:16:22 Job was suspended.
	Number of processes actually suspended: 2
...
011 (005.001.000) 04/11 22:18:42 Job was unsuspended.
...
010 (005.001.000) 04/11 22:21:02 Job was suspended.
	Number of processes actually suspended: 2
...
011 (005.001.000) 04/11 22:23:07 Job was unsuspended.
...
010 (005.001.000) 04/11 22:25:18 Job was suspended.
	Number of processes actually suspended: 2
...
011 (005.001.000) 04/11 22:26:48 Job was unsuspended.
...
010 (005.001.000) 04/11 22:29:04 Job was suspended.
	Number of processes actually suspended: 2
...
011 (005.001.000) 04/11 22:36:15 Job was unsuspended.
...
010 (005.001.000) 04/11 22:38:40 Job was suspended.
	Number of processes actually suspended: 2
...
011 (005.001.000) 04/11 22:40:05 Job was unsuspended.
...
010 (005.001.000) 04/11 22:42:20 Job was suspended.
	Number of processes actually suspended: 2
...
011 (005.001.000) 04/11 22:44:16 Job was unsuspended.
...
010 (005.001.000) 04/11 22:46:31 Job was suspended.
	Number of processes actually suspended: 2
...
011 (005.001.000) 04/11 22:49:02 Job was unsuspended.
...
010 (005.001.000) 04/11 22:51:13 Job was suspended.
	Number of processes actually suspended: 2
...
011 (005.001.000) 04/11 22:53:09 Job was unsuspended.
...
010 (005.001.000) 04/12 01:07:59 Job was suspended.
	Number of processes actually suspended: 2
...
011 (005.001.000) 04/12 01:09:39 Job was unsuspended.
...
010 (005.001.000) 04/12 01:11:51 Job was suspended.
	Number of processes actually suspended: 2
...
011 (005.001.000) 04/12 01:13:55 Job was unsuspended.
...
010 (005.001.000) 04/12 01:16:15 Job was suspended.
	Number of processes actually suspended: 2
...
011 (005.001.000) 04/12 01:17:45 Job was unsuspended.
...
010 (005.001.000) 04/12 01:20:01 Job was suspended.
	Number of processes actually suspended: 2
...
010 (005.006.000) 04/12 01:20:31 Job was suspended.
	Number of processes actually suspended: 2
...
011 (005.006.000) 04/12 01:21:41 Job was unsuspended.
...
011 (005.001.000) 04/12 01:22:46 Job was unsuspended.
...
004 (005.001.000) 04/12 01:23:03 Job was evicted.
	(0) Job was not checkpointed.
		Usr 1 23:02:24, Sys 0 00:04:11  -  Run Remote Usage
		Usr 0 00:00:00, Sys 0 00:00:00  -  Run Local Usage
	0  -  Run Bytes Sent By Job
	0  -  Run Bytes Received By Job
...
009 (005.001.000) 04/12 01:23:03 Job was aborted by the user.
	via condor_rm (by user lowr4210)
...
004 (005.002.000) 04/12 01:23:03 Job was evicted.
	(0) Job was not checkpointed.
		Usr 0 05:03:39, Sys 0 00:00:08  -  Run Remote Usage
		Usr 0 00:00:00, Sys 0 00:00:00  -  Run Local Usage
	0  -  Run Bytes Sent By Job
	0  -  Run Bytes Received By Job
...
009 (005.002.000) 04/12 01:23:03 Job was aborted by the user.
	via condor_rm (by user lowr4210)
...
004 (005.003.000) 04/12 01:23:06 Job was evicted.
	(0) Job was not checkpointed.
		Usr 2 09:59:32, Sys 0 00:02:27  -  Run Remote Usage
		Usr 0 00:00:00, Sys 0 00:00:00  -  Run Local Usage
	0  -  Run Bytes Sent By Job
	0  -  Run Bytes Received By Job
...
009 (005.003.000) 04/12 01:23:06 Job was aborted by the user.
	via condor_rm (by user lowr4210)
...
004 (005.004.000) 04/12 01:23:08 Job was evicted.
	(0) Job was not checkpointed.
		Usr 0 05:03:48, Sys 0 00:00:07  -  Run Remote Usage
		Usr 0 00:00:00, Sys 0 00:00:00  -  Run Local Usage
	0  -  Run Bytes Sent By Job
	0  -  Run Bytes Received By Job
...
009 (005.004.000) 04/12 01:23:08 Job was aborted by the user.
	via condor_rm (by user lowr4210)
...
004 (005.005.000) 04/12 01:23:14 Job was evicted.
	(0) Job was not checkpointed.
		Usr 0 05:03:46, Sys 0 00:00:09  -  Run Remote Usage
		Usr 0 00:00:00, Sys 0 00:00:00  -  Run Local Usage
	0  -  Run Bytes Sent By Job
	0  -  Run Bytes Received By Job
...
009 (005.005.000) 04/12 01:23:14 Job was aborted by the user.
	via condor_rm (by user lowr4210)
...
004 (005.006.000) 04/12 01:23:18 Job was evicted.
	(0) Job was not checkpointed.
		Usr 2 08:24:24, Sys 0 00:04:16  -  Run Remote Usage
		Usr 0 00:00:00, Sys 0 00:00:00  -  Run Local Usage
	0  -  Run Bytes Sent By Job
	0  -  Run Bytes Received By Job
...
009 (005.006.000) 04/12 01:23:18 Job was aborted by the user.
	via condor_rm (by user lowr4210)
...
004 (005.007.000) 04/12 01:23:21 Job was evicted.
	(0) Job was not checkpointed.
		Usr 2 09:59:57, Sys 0 00:02:16  -  Run Remote Usage
		Usr 0 00:00:00, Sys 0 00:00:00  -  Run Local Usage
	0  -  Run Bytes Sent By Job
	0  -  Run Bytes Received By Job
...
009 (005.007.000) 04/12 01:23:21 Job was aborted by the user.
	via condor_rm (by user lowr4210)
...
004 (005.008.000) 04/12 01:23:23 Job was evicted.
	(0) Job was not checkpointed.
		Usr 1 04:40:06, Sys 0 00:00:34  -  Run Remote Usage
		Usr 0 00:00:00, Sys 0 00:00:00  -  Run Local Usage
	0  -  Run Bytes Sent By Job
	0  -  Run Bytes Received By Job
...
009 (005.008.000) 04/12 01:23:23 Job was aborted by the user.
	via condor_rm (by user lowr4210)
...
004 (005.009.000) 04/12 01:23:27 Job was evicted.
	(0) Job was not checkpointed.
		Usr 1 05:50:10, Sys 0 00:00:43  -  Run Remote Usage
		Usr 0 00:00:00, Sys 0 00:00:00  -  Run Local Usage
	0  -  Run Bytes Sent By Job
	0  -  Run Bytes Received By Job
...
009 (005.009.000) 04/12 01:23:27 Job was aborted by the user.
	via condor_rm (by user lowr4210)
...
004 (005.000.000) 04/12 01:23:43 Job was evicted.
	(0) Job was not checkpointed.
		Usr 0 05:04:20, Sys 0 00:00:07  -  Run Remote Usage
		Usr 0 00:00:00, Sys 0 00:00:00  -  Run Local Usage
	0  -  Run Bytes Sent By Job
	0  -  Run Bytes Received By Job
...
009 (005.000.000) 04/12 01:23:43 Job was aborted by the user.
	via condor_rm (by user lowr4210)
...
