000 (015.000.000) 04/07 00:28:23 Job submitted from host: <142.66.140.100:57718>
...
000 (015.001.000) 04/07 00:28:23 Job submitted from host: <142.66.140.100:57718>
...
000 (015.002.000) 04/07 00:28:23 Job submitted from host: <142.66.140.100:57718>
...
000 (015.003.000) 04/07 00:28:23 Job submitted from host: <142.66.140.100:57718>
...
000 (015.004.000) 04/07 00:28:23 Job submitted from host: <142.66.140.100:57718>
...
000 (015.005.000) 04/07 00:28:23 Job submitted from host: <142.66.140.100:57718>
...
000 (015.006.000) 04/07 00:28:23 Job submitted from host: <142.66.140.100:57718>
...
000 (015.007.000) 04/07 00:28:23 Job submitted from host: <142.66.140.100:57718>
...
000 (015.008.000) 04/07 00:28:23 Job submitted from host: <142.66.140.100:57718>
...
000 (015.009.000) 04/07 00:28:23 Job submitted from host: <142.66.140.100:57718>
...
001 (015.000.000) 04/07 00:30:22 Job executing on host: <142.66.140.82:43182>
...
001 (015.001.000) 04/07 00:30:22 Job executing on host: <142.66.140.82:43182>
...
001 (015.008.000) 04/07 00:30:23 Job executing on host: <142.66.140.71:45063>
...
001 (015.007.000) 04/07 00:30:23 Job executing on host: <142.66.140.71:45063>
...
001 (015.006.000) 04/07 00:30:23 Job executing on host: <142.66.56.116:40533>
...
001 (015.009.000) 04/07 00:30:23 Job executing on host: <142.66.56.117:47270>
...
001 (015.004.000) 04/07 00:30:23 Job executing on host: <142.66.140.90:47974>
...
001 (015.005.000) 04/07 00:30:23 Job executing on host: <142.66.140.90:47974>
...
001 (015.002.000) 04/07 00:30:23 Job executing on host: <142.66.140.89:56886>
...
001 (015.003.000) 04/07 00:30:23 Job executing on host: <142.66.140.89:56886>
...
006 (015.006.000) 04/07 00:30:31 Image size of job updated: 36892
...
010 (015.002.000) 04/07 00:34:28 Job was suspended.
	Number of processes actually suspended: 2
...
006 (015.002.000) 04/07 00:34:28 Image size of job updated: 36892
...
010 (015.001.000) 04/07 00:34:33 Job was suspended.
	Number of processes actually suspended: 2
...
006 (015.001.000) 04/07 00:34:33 Image size of job updated: 36888
...
011 (015.001.000) 04/07 00:35:03 Job was unsuspended.
...
010 (015.008.000) 04/07 00:35:12 Job was suspended.
	Number of processes actually suspended: 2
...
006 (015.008.000) 04/07 00:35:12 Image size of job updated: 36892
...
006 (015.007.000) 04/07 00:35:31 Image size of job updated: 36892
...
006 (015.009.000) 04/07 00:35:31 Image size of job updated: 36888
...
006 (015.004.000) 04/07 00:35:31 Image size of job updated: 69628
...
006 (015.005.000) 04/07 00:35:31 Image size of job updated: 69628
...
006 (015.000.000) 04/07 00:35:32 Image size of job updated: 36892
...
006 (015.001.000) 04/07 00:35:32 Image size of job updated: 36892
...
006 (015.003.000) 04/07 00:35:34 Image size of job updated: 36896
...
010 (015.001.000) 04/07 00:37:42 Job was suspended.
	Number of processes actually suspended: 2
...
011 (015.002.000) 04/07 00:39:04 Job was unsuspended.
...
011 (015.008.000) 04/07 00:39:19 Job was unsuspended.
...
006 (015.006.000) 04/07 00:40:31 Image size of job updated: 36896
...
006 (015.000.000) 04/07 00:40:32 Image size of job updated: 36896
...
006 (015.009.000) 04/07 00:40:32 Image size of job updated: 36892
...
011 (015.001.000) 04/07 00:40:49 Job was unsuspended.
...
006 (015.008.000) 04/07 00:45:32 Image size of job updated: 36896
...
006 (015.001.000) 04/07 00:45:33 Image size of job updated: 36896
...
010 (015.005.000) 04/07 00:46:29 Job was suspended.
	Number of processes actually suspended: 2
...
010 (015.001.000) 04/07 00:46:40 Job was suspended.
	Number of processes actually suspended: 2
...
010 (015.002.000) 04/07 00:49:14 Job was suspended.
	Number of processes actually suspended: 2
...
011 (015.005.000) 04/07 00:49:34 Job was unsuspended.
...
011 (015.001.000) 04/07 00:49:51 Job was unsuspended.
...
006 (015.007.000) 04/07 00:50:33 Image size of job updated: 36896
...
011 (015.002.000) 04/07 00:52:36 Job was unsuspended.
...
010 (015.002.000) 04/07 00:56:06 Job was suspended.
	Number of processes actually suspended: 2
...
010 (015.005.000) 04/07 00:57:26 Job was suspended.
	Number of processes actually suspended: 2
...
011 (015.002.000) 04/07 00:59:06 Job was unsuspended.
...
010 (015.008.000) 04/07 00:59:46 Job was suspended.
	Number of processes actually suspended: 2
...
011 (015.005.000) 04/07 01:00:21 Job was unsuspended.
...
010 (015.001.000) 04/07 01:00:31 Job was suspended.
	Number of processes actually suspended: 2
...
006 (015.009.000) 04/07 01:00:35 Image size of job updated: 36896
...
010 (015.002.000) 04/07 01:02:31 Job was suspended.
	Number of processes actually suspended: 2
...
011 (015.008.000) 04/07 01:03:07 Job was unsuspended.
...
011 (015.001.000) 04/07 01:03:52 Job was unsuspended.
...
011 (015.002.000) 04/07 01:05:21 Job was unsuspended.
...
010 (015.001.000) 04/07 01:07:17 Job was suspended.
	Number of processes actually suspended: 2
...
011 (015.001.000) 04/07 01:07:52 Job was unsuspended.
...
010 (015.002.000) 04/07 01:08:42 Job was suspended.
	Number of processes actually suspended: 2
...
006 (015.002.000) 04/07 01:08:42 Image size of job updated: 36896
...
011 (015.002.000) 04/07 01:09:02 Job was unsuspended.
...
010 (015.001.000) 04/07 01:10:37 Job was suspended.
	Number of processes actually suspended: 2
...
010 (015.008.000) 04/07 01:11:47 Job was suspended.
	Number of processes actually suspended: 2
...
011 (015.001.000) 04/07 01:13:52 Job was unsuspended.
...
010 (015.002.000) 04/07 01:13:58 Job was suspended.
	Number of processes actually suspended: 2
...
011 (015.008.000) 04/07 01:16:33 Job was unsuspended.
...
010 (015.005.000) 04/07 01:17:02 Job was suspended.
	Number of processes actually suspended: 2
...
010 (015.001.000) 04/07 01:17:22 Job was suspended.
	Number of processes actually suspended: 2
...
011 (015.002.000) 04/07 01:17:49 Job was unsuspended.
...
011 (015.005.000) 04/07 01:20:07 Job was unsuspended.
...
010 (015.002.000) 04/07 01:22:44 Job was suspended.
	Number of processes actually suspended: 2
...
010 (015.005.000) 04/07 01:24:17 Job was suspended.
	Number of processes actually suspended: 2
...
011 (015.001.000) 04/07 01:24:34 Job was unsuspended.
...
005 (015.004.000) 04/07 01:26:16 Job terminated.
	(1) Normal termination (return value 0)
		Usr 0 00:43:28, Sys 0 00:00:00  -  Run Remote Usage
		Usr 0 00:00:00, Sys 0 00:00:00  -  Run Local Usage
		Usr 0 00:43:28, Sys 0 00:00:00  -  Total Remote Usage
		Usr 0 00:00:00, Sys 0 00:00:00  -  Total Local Usage
	0  -  Run Bytes Sent By Job
	0  -  Run Bytes Received By Job
	0  -  Total Bytes Sent By Job
	0  -  Total Bytes Received By Job
...
011 (015.005.000) 04/07 01:26:18 Job was unsuspended.
...
011 (015.002.000) 04/07 01:26:20 Job was unsuspended.
...
005 (015.007.000) 04/07 01:27:38 Job terminated.
	(1) Normal termination (return value 0)
		Usr 0 00:44:52, Sys 0 00:00:00  -  Run Remote Usage
		Usr 0 00:00:00, Sys 0 00:00:00  -  Run Local Usage
		Usr 0 00:44:52, Sys 0 00:00:00  -  Total Remote Usage
		Usr 0 00:00:00, Sys 0 00:00:00  -  Total Local Usage
	0  -  Run Bytes Sent By Job
	0  -  Run Bytes Received By Job
	0  -  Total Bytes Sent By Job
	0  -  Total Bytes Received By Job
...
005 (015.006.000) 04/07 01:28:48 Job terminated.
	(1) Normal termination (return value 0)
		Usr 0 00:44:48, Sys 0 00:00:00  -  Run Remote Usage
		Usr 0 00:00:00, Sys 0 00:00:00  -  Run Local Usage
		Usr 0 00:44:48, Sys 0 00:00:00  -  Total Remote Usage
		Usr 0 00:00:00, Sys 0 00:00:00  -  Total Local Usage
	0  -  Run Bytes Sent By Job
	0  -  Run Bytes Received By Job
	0  -  Total Bytes Sent By Job
	0  -  Total Bytes Received By Job
...
005 (015.009.000) 04/07 01:30:24 Job terminated.
	(1) Normal termination (return value 0)
		Usr 0 00:46:34, Sys 0 00:00:00  -  Run Remote Usage
		Usr 0 00:00:00, Sys 0 00:00:00  -  Run Local Usage
		Usr 0 00:46:34, Sys 0 00:00:00  -  Total Remote Usage
		Usr 0 00:00:00, Sys 0 00:00:00  -  Total Local Usage
	0  -  Run Bytes Sent By Job
	0  -  Run Bytes Received By Job
	0  -  Total Bytes Sent By Job
	0  -  Total Bytes Received By Job
...
005 (015.000.000) 04/07 01:30:36 Job terminated.
	(1) Normal termination (return value 0)
		Usr 0 00:47:20, Sys 0 00:00:00  -  Run Remote Usage
		Usr 0 00:00:00, Sys 0 00:00:00  -  Run Local Usage
		Usr 0 00:47:20, Sys 0 00:00:00  -  Total Remote Usage
		Usr 0 00:00:00, Sys 0 00:00:00  -  Total Local Usage
	0  -  Run Bytes Sent By Job
	0  -  Run Bytes Received By Job
	0  -  Total Bytes Sent By Job
	0  -  Total Bytes Received By Job
...
005 (015.003.000) 04/07 01:31:31 Job terminated.
	(1) Normal termination (return value 0)
		Usr 0 00:47:43, Sys 0 00:00:00  -  Run Remote Usage
		Usr 0 00:00:00, Sys 0 00:00:00  -  Run Local Usage
		Usr 0 00:47:43, Sys 0 00:00:00  -  Total Remote Usage
		Usr 0 00:00:00, Sys 0 00:00:00  -  Total Local Usage
	0  -  Run Bytes Sent By Job
	0  -  Run Bytes Received By Job
	0  -  Total Bytes Sent By Job
	0  -  Total Bytes Received By Job
...
005 (015.005.000) 04/07 01:40:04 Job terminated.
	(1) Normal termination (return value 0)
		Usr 0 00:45:53, Sys 0 00:00:00  -  Run Remote Usage
		Usr 0 00:00:00, Sys 0 00:00:00  -  Run Local Usage
		Usr 0 00:45:53, Sys 0 00:00:00  -  Total Remote Usage
		Usr 0 00:00:00, Sys 0 00:00:00  -  Total Local Usage
	0  -  Run Bytes Sent By Job
	0  -  Run Bytes Received By Job
	0  -  Total Bytes Sent By Job
	0  -  Total Bytes Received By Job
...
005 (015.008.000) 04/07 01:42:27 Job terminated.
	(1) Normal termination (return value 0)
		Usr 0 00:46:29, Sys 0 00:00:00  -  Run Remote Usage
		Usr 0 00:00:00, Sys 0 00:00:00  -  Run Local Usage
		Usr 0 00:46:29, Sys 0 00:00:00  -  Total Remote Usage
		Usr 0 00:00:00, Sys 0 00:00:00  -  Total Local Usage
	0  -  Run Bytes Sent By Job
	0  -  Run Bytes Received By Job
	0  -  Total Bytes Sent By Job
	0  -  Total Bytes Received By Job
...
005 (015.002.000) 04/07 01:49:14 Job terminated.
	(1) Normal termination (return value 0)
		Usr 0 00:44:02, Sys 0 00:00:00  -  Run Remote Usage
		Usr 0 00:00:00, Sys 0 00:00:00  -  Run Local Usage
		Usr 0 00:44:02, Sys 0 00:00:00  -  Total Remote Usage
		Usr 0 00:00:00, Sys 0 00:00:00  -  Total Local Usage
	0  -  Run Bytes Sent By Job
	0  -  Run Bytes Received By Job
	0  -  Total Bytes Sent By Job
	0  -  Total Bytes Received By Job
...
005 (015.001.000) 04/07 01:52:02 Job terminated.
	(1) Normal termination (return value 0)
		Usr 0 00:47:32, Sys 0 00:00:00  -  Run Remote Usage
		Usr 0 00:00:00, Sys 0 00:00:00  -  Run Local Usage
		Usr 0 00:47:32, Sys 0 00:00:00  -  Total Remote Usage
		Usr 0 00:00:00, Sys 0 00:00:00  -  Total Local Usage
	0  -  Run Bytes Sent By Job
	0  -  Run Bytes Received By Job
	0  -  Total Bytes Sent By Job
	0  -  Total Bytes Received By Job
...
