000 (013.000.000) 04/06 16:48:40 Job submitted from host: <142.66.140.100:57718>
...
000 (013.001.000) 04/06 16:48:40 Job submitted from host: <142.66.140.100:57718>
...
000 (013.002.000) 04/06 16:48:40 Job submitted from host: <142.66.140.100:57718>
...
000 (013.003.000) 04/06 16:48:40 Job submitted from host: <142.66.140.100:57718>
...
000 (013.004.000) 04/06 16:48:40 Job submitted from host: <142.66.140.100:57718>
...
000 (013.005.000) 04/06 16:48:40 Job submitted from host: <142.66.140.100:57718>
...
000 (013.006.000) 04/06 16:48:40 Job submitted from host: <142.66.140.100:57718>
...
000 (013.007.000) 04/06 16:48:40 Job submitted from host: <142.66.140.100:57718>
...
000 (013.008.000) 04/06 16:48:40 Job submitted from host: <142.66.140.100:57718>
...
000 (013.009.000) 04/06 16:48:40 Job submitted from host: <142.66.140.100:57718>
...
001 (013.001.000) 04/06 16:49:41 Job executing on host: <142.66.140.84:51125>
...
001 (013.003.000) 04/06 16:49:41 Job executing on host: <142.66.140.73:52711>
...
001 (013.004.000) 04/06 16:49:41 Job executing on host: <142.66.140.73:52711>
...
001 (013.005.000) 04/06 16:49:41 Job executing on host: <142.66.140.72:45186>
...
001 (013.006.000) 04/06 16:49:41 Job executing on host: <142.66.140.72:45186>
...
001 (013.007.000) 04/06 16:49:41 Job executing on host: <142.66.140.78:47515>
...
001 (013.008.000) 04/06 16:49:41 Job executing on host: <142.66.140.78:47515>
...
001 (013.009.000) 04/06 16:49:41 Job executing on host: <142.66.140.80:47380>
...
006 (013.005.000) 04/06 16:49:49 Image size of job updated: 10456
...
005 (013.009.000) 04/06 16:49:52 Job terminated.
	(1) Normal termination (return value 0)
		Usr 0 00:00:00, Sys 0 00:00:00  -  Run Remote Usage
		Usr 0 00:00:00, Sys 0 00:00:00  -  Run Local Usage
		Usr 0 00:00:00, Sys 0 00:00:00  -  Total Remote Usage
		Usr 0 00:00:00, Sys 0 00:00:00  -  Total Local Usage
	0  -  Run Bytes Sent By Job
	0  -  Run Bytes Received By Job
	0  -  Total Bytes Sent By Job
	0  -  Total Bytes Received By Job
...
005 (013.001.000) 04/06 16:49:53 Job terminated.
	(1) Normal termination (return value 0)
		Usr 0 00:00:00, Sys 0 00:00:00  -  Run Remote Usage
		Usr 0 00:00:00, Sys 0 00:00:00  -  Run Local Usage
		Usr 0 00:00:00, Sys 0 00:00:00  -  Total Remote Usage
		Usr 0 00:00:00, Sys 0 00:00:00  -  Total Local Usage
	0  -  Run Bytes Sent By Job
	0  -  Run Bytes Received By Job
	0  -  Total Bytes Sent By Job
	0  -  Total Bytes Received By Job
...
001 (013.000.000) 04/06 16:49:54 Job executing on host: <142.66.140.80:47380>
...
001 (013.002.000) 04/06 16:49:54 Job executing on host: <142.66.140.84:51125>
...
006 (013.003.000) 04/06 16:49:54 Image size of job updated: 75348
...
005 (013.004.000) 04/06 16:49:54 Job terminated.
	(1) Normal termination (return value 0)
		Usr 0 00:00:00, Sys 0 00:00:00  -  Run Remote Usage
		Usr 0 00:00:00, Sys 0 00:00:00  -  Run Local Usage
		Usr 0 00:00:00, Sys 0 00:00:00  -  Total Remote Usage
		Usr 0 00:00:00, Sys 0 00:00:00  -  Total Local Usage
	0  -  Run Bytes Sent By Job
	0  -  Run Bytes Received By Job
	0  -  Total Bytes Sent By Job
	0  -  Total Bytes Received By Job
...
005 (013.003.000) 04/06 16:49:54 Job terminated.
	(1) Normal termination (return value 0)
		Usr 0 00:00:00, Sys 0 00:00:00  -  Run Remote Usage
		Usr 0 00:00:00, Sys 0 00:00:00  -  Run Local Usage
		Usr 0 00:00:00, Sys 0 00:00:00  -  Total Remote Usage
		Usr 0 00:00:00, Sys 0 00:00:00  -  Total Local Usage
	0  -  Run Bytes Sent By Job
	0  -  Run Bytes Received By Job
	0  -  Total Bytes Sent By Job
	0  -  Total Bytes Received By Job
...
006 (013.005.000) 04/06 16:49:54 Image size of job updated: 75344
...
005 (013.006.000) 04/06 16:49:54 Job terminated.
	(1) Normal termination (return value 0)
		Usr 0 00:00:00, Sys 0 00:00:00  -  Run Remote Usage
		Usr 0 00:00:00, Sys 0 00:00:00  -  Run Local Usage
		Usr 0 00:00:00, Sys 0 00:00:00  -  Total Remote Usage
		Usr 0 00:00:00, Sys 0 00:00:00  -  Total Local Usage
	0  -  Run Bytes Sent By Job
	0  -  Run Bytes Received By Job
	0  -  Total Bytes Sent By Job
	0  -  Total Bytes Received By Job
...
005 (013.005.000) 04/06 16:49:54 Job terminated.
	(1) Normal termination (return value 0)
		Usr 0 00:00:00, Sys 0 00:00:00  -  Run Remote Usage
		Usr 0 00:00:00, Sys 0 00:00:00  -  Run Local Usage
		Usr 0 00:00:00, Sys 0 00:00:00  -  Total Remote Usage
		Usr 0 00:00:00, Sys 0 00:00:00  -  Total Local Usage
	0  -  Run Bytes Sent By Job
	0  -  Run Bytes Received By Job
	0  -  Total Bytes Sent By Job
	0  -  Total Bytes Received By Job
...
005 (013.007.000) 04/06 16:49:56 Job terminated.
	(1) Normal termination (return value 0)
		Usr 0 00:00:00, Sys 0 00:00:00  -  Run Remote Usage
		Usr 0 00:00:00, Sys 0 00:00:00  -  Run Local Usage
		Usr 0 00:00:00, Sys 0 00:00:00  -  Total Remote Usage
		Usr 0 00:00:00, Sys 0 00:00:00  -  Total Local Usage
	0  -  Run Bytes Sent By Job
	0  -  Run Bytes Received By Job
	0  -  Total Bytes Sent By Job
	0  -  Total Bytes Received By Job
...
006 (013.008.000) 04/06 16:49:56 Image size of job updated: 75344
...
005 (013.008.000) 04/06 16:49:56 Job terminated.
	(1) Normal termination (return value 0)
		Usr 0 00:00:00, Sys 0 00:00:00  -  Run Remote Usage
		Usr 0 00:00:00, Sys 0 00:00:00  -  Run Local Usage
		Usr 0 00:00:00, Sys 0 00:00:00  -  Total Remote Usage
		Usr 0 00:00:00, Sys 0 00:00:00  -  Total Local Usage
	0  -  Run Bytes Sent By Job
	0  -  Run Bytes Received By Job
	0  -  Total Bytes Sent By Job
	0  -  Total Bytes Received By Job
...
006 (013.000.000) 04/06 16:50:02 Image size of job updated: 75344
...
006 (013.002.000) 04/06 16:50:02 Image size of job updated: 39124
...
005 (013.000.000) 04/06 16:50:05 Job terminated.
	(1) Normal termination (return value 0)
		Usr 0 00:00:00, Sys 0 00:00:00  -  Run Remote Usage
		Usr 0 00:00:00, Sys 0 00:00:00  -  Run Local Usage
		Usr 0 00:00:00, Sys 0 00:00:00  -  Total Remote Usage
		Usr 0 00:00:00, Sys 0 00:00:00  -  Total Local Usage
	0  -  Run Bytes Sent By Job
	0  -  Run Bytes Received By Job
	0  -  Total Bytes Sent By Job
	0  -  Total Bytes Received By Job
...
005 (013.002.000) 04/06 16:50:05 Job terminated.
	(1) Normal termination (return value 0)
		Usr 0 00:00:00, Sys 0 00:00:00  -  Run Remote Usage
		Usr 0 00:00:00, Sys 0 00:00:00  -  Run Local Usage
		Usr 0 00:00:00, Sys 0 00:00:00  -  Total Remote Usage
		Usr 0 00:00:00, Sys 0 00:00:00  -  Total Local Usage
	0  -  Run Bytes Sent By Job
	0  -  Run Bytes Received By Job
	0  -  Total Bytes Sent By Job
	0  -  Total Bytes Received By Job
...
000 (014.000.000) 04/06 16:55:41 Job submitted from host: <142.66.140.100:57718>
...
000 (014.001.000) 04/06 16:55:41 Job submitted from host: <142.66.140.100:57718>
...
000 (014.002.000) 04/06 16:55:41 Job submitted from host: <142.66.140.100:57718>
...
000 (014.003.000) 04/06 16:55:41 Job submitted from host: <142.66.140.100:57718>
...
000 (014.004.000) 04/06 16:55:41 Job submitted from host: <142.66.140.100:57718>
...
000 (014.005.000) 04/06 16:55:41 Job submitted from host: <142.66.140.100:57718>
...
000 (014.006.000) 04/06 16:55:41 Job submitted from host: <142.66.140.100:57718>
...
000 (014.007.000) 04/06 16:55:41 Job submitted from host: <142.66.140.100:57718>
...
000 (014.008.000) 04/06 16:55:41 Job submitted from host: <142.66.140.100:57718>
...
000 (014.009.000) 04/06 16:55:41 Job submitted from host: <142.66.140.100:57718>
...
001 (014.000.000) 04/06 16:57:22 Job executing on host: <142.66.140.80:47380>
...
001 (014.001.000) 04/06 16:57:22 Job executing on host: <142.66.140.91:58274>
...
001 (014.002.000) 04/06 16:57:22 Job executing on host: <142.66.140.70:55351>
...
001 (014.003.000) 04/06 16:57:22 Job executing on host: <142.66.140.70:55351>
...
001 (014.005.000) 04/06 16:57:22 Job executing on host: <142.66.140.71:45063>
...
001 (014.004.000) 04/06 16:57:22 Job executing on host: <142.66.140.71:45063>
...
001 (014.007.000) 04/06 16:57:22 Job executing on host: <142.66.140.86:45761>
...
001 (014.006.000) 04/06 16:57:22 Job executing on host: <142.66.140.86:45761>
...
001 (014.008.000) 04/06 16:57:22 Job executing on host: <142.66.140.87:57144>
...
001 (014.009.000) 04/06 16:57:22 Job executing on host: <142.66.140.82:43182>
...
006 (014.001.000) 04/06 16:57:30 Image size of job updated: 40648
...
005 (014.001.000) 04/06 16:57:33 Job terminated.
	(1) Normal termination (return value 0)
		Usr 0 00:00:00, Sys 0 00:00:00  -  Run Remote Usage
		Usr 0 00:00:00, Sys 0 00:00:00  -  Run Local Usage
		Usr 0 00:00:00, Sys 0 00:00:00  -  Total Remote Usage
		Usr 0 00:00:00, Sys 0 00:00:00  -  Total Local Usage
	0  -  Run Bytes Sent By Job
	0  -  Run Bytes Received By Job
	0  -  Total Bytes Sent By Job
	0  -  Total Bytes Received By Job
...
005 (014.009.000) 04/06 16:57:34 Job terminated.
	(1) Normal termination (return value 0)
		Usr 0 00:00:00, Sys 0 00:00:00  -  Run Remote Usage
		Usr 0 00:00:00, Sys 0 00:00:00  -  Run Local Usage
		Usr 0 00:00:00, Sys 0 00:00:00  -  Total Remote Usage
		Usr 0 00:00:00, Sys 0 00:00:00  -  Total Local Usage
	0  -  Run Bytes Sent By Job
	0  -  Run Bytes Received By Job
	0  -  Total Bytes Sent By Job
	0  -  Total Bytes Received By Job
...
005 (014.000.000) 04/06 16:57:34 Job terminated.
	(1) Normal termination (return value 0)
		Usr 0 00:00:00, Sys 0 00:00:00  -  Run Remote Usage
		Usr 0 00:00:00, Sys 0 00:00:00  -  Run Local Usage
		Usr 0 00:00:00, Sys 0 00:00:00  -  Total Remote Usage
		Usr 0 00:00:00, Sys 0 00:00:00  -  Total Local Usage
	0  -  Run Bytes Sent By Job
	0  -  Run Bytes Received By Job
	0  -  Total Bytes Sent By Job
	0  -  Total Bytes Received By Job
...
005 (014.008.000) 04/06 16:57:34 Job terminated.
	(1) Normal termination (return value 0)
		Usr 0 00:00:00, Sys 0 00:00:00  -  Run Remote Usage
		Usr 0 00:00:00, Sys 0 00:00:00  -  Run Local Usage
		Usr 0 00:00:00, Sys 0 00:00:00  -  Total Remote Usage
		Usr 0 00:00:00, Sys 0 00:00:00  -  Total Local Usage
	0  -  Run Bytes Sent By Job
	0  -  Run Bytes Received By Job
	0  -  Total Bytes Sent By Job
	0  -  Total Bytes Received By Job
...
005 (014.002.000) 04/06 16:57:35 Job terminated.
	(1) Normal termination (return value 0)
		Usr 0 00:00:00, Sys 0 00:00:00  -  Run Remote Usage
		Usr 0 00:00:00, Sys 0 00:00:00  -  Run Local Usage
		Usr 0 00:00:00, Sys 0 00:00:00  -  Total Remote Usage
		Usr 0 00:00:00, Sys 0 00:00:00  -  Total Local Usage
	0  -  Run Bytes Sent By Job
	0  -  Run Bytes Received By Job
	0  -  Total Bytes Sent By Job
	0  -  Total Bytes Received By Job
...
005 (014.003.000) 04/06 16:57:35 Job terminated.
	(1) Normal termination (return value 0)
		Usr 0 00:00:00, Sys 0 00:00:00  -  Run Remote Usage
		Usr 0 00:00:00, Sys 0 00:00:00  -  Run Local Usage
		Usr 0 00:00:00, Sys 0 00:00:00  -  Total Remote Usage
		Usr 0 00:00:00, Sys 0 00:00:00  -  Total Local Usage
	0  -  Run Bytes Sent By Job
	0  -  Run Bytes Received By Job
	0  -  Total Bytes Sent By Job
	0  -  Total Bytes Received By Job
...
005 (014.007.000) 04/06 16:57:35 Job terminated.
	(1) Normal termination (return value 0)
		Usr 0 00:00:00, Sys 0 00:00:00  -  Run Remote Usage
		Usr 0 00:00:00, Sys 0 00:00:00  -  Run Local Usage
		Usr 0 00:00:00, Sys 0 00:00:00  -  Total Remote Usage
		Usr 0 00:00:00, Sys 0 00:00:00  -  Total Local Usage
	0  -  Run Bytes Sent By Job
	0  -  Run Bytes Received By Job
	0  -  Total Bytes Sent By Job
	0  -  Total Bytes Received By Job
...
006 (014.006.000) 04/06 16:57:35 Image size of job updated: 74820
...
005 (014.006.000) 04/06 16:57:35 Job terminated.
	(1) Normal termination (return value 0)
		Usr 0 00:00:00, Sys 0 00:00:00  -  Run Remote Usage
		Usr 0 00:00:00, Sys 0 00:00:00  -  Run Local Usage
		Usr 0 00:00:00, Sys 0 00:00:00  -  Total Remote Usage
		Usr 0 00:00:00, Sys 0 00:00:00  -  Total Local Usage
	0  -  Run Bytes Sent By Job
	0  -  Run Bytes Received By Job
	0  -  Total Bytes Sent By Job
	0  -  Total Bytes Received By Job
...
005 (014.005.000) 04/06 16:57:35 Job terminated.
	(1) Normal termination (return value 0)
		Usr 0 00:00:00, Sys 0 00:00:00  -  Run Remote Usage
		Usr 0 00:00:00, Sys 0 00:00:00  -  Run Local Usage
		Usr 0 00:00:00, Sys 0 00:00:00  -  Total Remote Usage
		Usr 0 00:00:00, Sys 0 00:00:00  -  Total Local Usage
	0  -  Run Bytes Sent By Job
	0  -  Run Bytes Received By Job
	0  -  Total Bytes Sent By Job
	0  -  Total Bytes Received By Job
...
006 (014.004.000) 04/06 16:57:36 Image size of job updated: 40648
...
005 (014.004.000) 04/06 16:57:36 Job terminated.
	(1) Normal termination (return value 0)
		Usr 0 00:00:00, Sys 0 00:00:00  -  Run Remote Usage
		Usr 0 00:00:00, Sys 0 00:00:00  -  Run Local Usage
		Usr 0 00:00:00, Sys 0 00:00:00  -  Total Remote Usage
		Usr 0 00:00:00, Sys 0 00:00:00  -  Total Local Usage
	0  -  Run Bytes Sent By Job
	0  -  Run Bytes Received By Job
	0  -  Total Bytes Sent By Job
	0  -  Total Bytes Received By Job
...
000 (006.000.000) 04/06 17:18:18 Job submitted from host: <142.66.140.119:43828>
...
000 (006.001.000) 04/06 17:18:18 Job submitted from host: <142.66.140.119:43828>
...
000 (006.002.000) 04/06 17:18:18 Job submitted from host: <142.66.140.119:43828>
...
000 (006.003.000) 04/06 17:18:18 Job submitted from host: <142.66.140.119:43828>
...
000 (006.004.000) 04/06 17:18:18 Job submitted from host: <142.66.140.119:43828>
...
000 (006.005.000) 04/06 17:18:18 Job submitted from host: <142.66.140.119:43828>
...
000 (006.006.000) 04/06 17:18:18 Job submitted from host: <142.66.140.119:43828>
...
000 (006.007.000) 04/06 17:18:18 Job submitted from host: <142.66.140.119:43828>
...
000 (006.008.000) 04/06 17:18:18 Job submitted from host: <142.66.140.119:43828>
...
000 (006.009.000) 04/06 17:18:18 Job submitted from host: <142.66.140.119:43828>
...
001 (006.000.000) 04/06 17:19:24 Job executing on host: <142.66.140.85:57753>
...
001 (006.001.000) 04/06 17:19:24 Job executing on host: <142.66.140.85:57753>
...
001 (006.002.000) 04/06 17:19:25 Job executing on host: <142.66.140.82:43182>
...
001 (006.003.000) 04/06 17:19:25 Job executing on host: <142.66.140.82:43182>
...
001 (006.004.000) 04/06 17:19:25 Job executing on host: <142.66.140.80:47380>
...
001 (006.005.000) 04/06 17:19:25 Job executing on host: <142.66.140.91:58274>
...
001 (006.006.000) 04/06 17:19:25 Job executing on host: <142.66.140.91:58274>
...
001 (006.007.000) 04/06 17:19:25 Job executing on host: <142.66.140.70:55351>
...
001 (006.008.000) 04/06 17:19:25 Job executing on host: <142.66.140.70:55351>
...
001 (006.009.000) 04/06 17:19:25 Job executing on host: <142.66.140.71:45063>
...
005 (006.009.000) 04/06 17:19:36 Job terminated.
	(1) Normal termination (return value 0)
		Usr 0 00:00:00, Sys 0 00:00:00  -  Run Remote Usage
		Usr 0 00:00:00, Sys 0 00:00:00  -  Run Local Usage
		Usr 0 00:00:00, Sys 0 00:00:00  -  Total Remote Usage
		Usr 0 00:00:00, Sys 0 00:00:00  -  Total Local Usage
	0  -  Run Bytes Sent By Job
	0  -  Run Bytes Received By Job
	0  -  Total Bytes Sent By Job
	0  -  Total Bytes Received By Job
...
006 (006.004.000) 04/06 17:19:37 Image size of job updated: 40648
...
005 (006.004.000) 04/06 17:19:37 Job terminated.
	(1) Normal termination (return value 0)
		Usr 0 00:00:00, Sys 0 00:00:00  -  Run Remote Usage
		Usr 0 00:00:00, Sys 0 00:00:00  -  Run Local Usage
		Usr 0 00:00:00, Sys 0 00:00:00  -  Total Remote Usage
		Usr 0 00:00:00, Sys 0 00:00:00  -  Total Local Usage
	0  -  Run Bytes Sent By Job
	0  -  Run Bytes Received By Job
	0  -  Total Bytes Sent By Job
	0  -  Total Bytes Received By Job
...
006 (006.002.000) 04/06 17:19:38 Image size of job updated: 40644
...
006 (006.003.000) 04/06 17:19:38 Image size of job updated: 75344
...
005 (006.002.000) 04/06 17:19:38 Job terminated.
	(1) Normal termination (return value 0)
		Usr 0 00:00:00, Sys 0 00:00:00  -  Run Remote Usage
		Usr 0 00:00:00, Sys 0 00:00:00  -  Run Local Usage
		Usr 0 00:00:00, Sys 0 00:00:00  -  Total Remote Usage
		Usr 0 00:00:00, Sys 0 00:00:00  -  Total Local Usage
	0  -  Run Bytes Sent By Job
	0  -  Run Bytes Received By Job
	0  -  Total Bytes Sent By Job
	0  -  Total Bytes Received By Job
...
005 (006.003.000) 04/06 17:19:38 Job terminated.
	(1) Normal termination (return value 0)
		Usr 0 00:00:00, Sys 0 00:00:00  -  Run Remote Usage
		Usr 0 00:00:00, Sys 0 00:00:00  -  Run Local Usage
		Usr 0 00:00:00, Sys 0 00:00:00  -  Total Remote Usage
		Usr 0 00:00:00, Sys 0 00:00:00  -  Total Local Usage
	0  -  Run Bytes Sent By Job
	0  -  Run Bytes Received By Job
	0  -  Total Bytes Sent By Job
	0  -  Total Bytes Received By Job
...
006 (006.001.000) 04/06 17:19:38 Image size of job updated: 75348
...
005 (006.005.000) 04/06 17:19:38 Job terminated.
	(1) Normal termination (return value 0)
		Usr 0 00:00:00, Sys 0 00:00:00  -  Run Remote Usage
		Usr 0 00:00:00, Sys 0 00:00:00  -  Run Local Usage
		Usr 0 00:00:00, Sys 0 00:00:00  -  Total Remote Usage
		Usr 0 00:00:00, Sys 0 00:00:00  -  Total Local Usage
	0  -  Run Bytes Sent By Job
	0  -  Run Bytes Received By Job
	0  -  Total Bytes Sent By Job
	0  -  Total Bytes Received By Job
...
005 (006.000.000) 04/06 17:19:38 Job terminated.
	(1) Normal termination (return value 0)
		Usr 0 00:00:00, Sys 0 00:00:00  -  Run Remote Usage
		Usr 0 00:00:00, Sys 0 00:00:00  -  Run Local Usage
		Usr 0 00:00:00, Sys 0 00:00:00  -  Total Remote Usage
		Usr 0 00:00:00, Sys 0 00:00:00  -  Total Local Usage
	0  -  Run Bytes Sent By Job
	0  -  Run Bytes Received By Job
	0  -  Total Bytes Sent By Job
	0  -  Total Bytes Received By Job
...
005 (006.001.000) 04/06 17:19:38 Job terminated.
	(1) Normal termination (return value 0)
		Usr 0 00:00:00, Sys 0 00:00:00  -  Run Remote Usage
		Usr 0 00:00:00, Sys 0 00:00:00  -  Run Local Usage
		Usr 0 00:00:00, Sys 0 00:00:00  -  Total Remote Usage
		Usr 0 00:00:00, Sys 0 00:00:00  -  Total Local Usage
	0  -  Run Bytes Sent By Job
	0  -  Run Bytes Received By Job
	0  -  Total Bytes Sent By Job
	0  -  Total Bytes Received By Job
...
006 (006.008.000) 04/06 17:19:38 Image size of job updated: 40644
...
006 (006.006.000) 04/06 17:19:38 Image size of job updated: 40648
...
005 (006.008.000) 04/06 17:19:38 Job terminated.
	(1) Normal termination (return value 0)
		Usr 0 00:00:00, Sys 0 00:00:00  -  Run Remote Usage
		Usr 0 00:00:00, Sys 0 00:00:00  -  Run Local Usage
		Usr 0 00:00:00, Sys 0 00:00:00  -  Total Remote Usage
		Usr 0 00:00:00, Sys 0 00:00:00  -  Total Local Usage
	0  -  Run Bytes Sent By Job
	0  -  Run Bytes Received By Job
	0  -  Total Bytes Sent By Job
	0  -  Total Bytes Received By Job
...
005 (006.006.000) 04/06 17:19:38 Job terminated.
	(1) Normal termination (return value 0)
		Usr 0 00:00:00, Sys 0 00:00:00  -  Run Remote Usage
		Usr 0 00:00:00, Sys 0 00:00:00  -  Run Local Usage
		Usr 0 00:00:00, Sys 0 00:00:00  -  Total Remote Usage
		Usr 0 00:00:00, Sys 0 00:00:00  -  Total Local Usage
	0  -  Run Bytes Sent By Job
	0  -  Run Bytes Received By Job
	0  -  Total Bytes Sent By Job
	0  -  Total Bytes Received By Job
...
006 (006.007.000) 04/06 17:19:38 Image size of job updated: 75344
...
005 (006.007.000) 04/06 17:19:38 Job terminated.
	(1) Normal termination (return value 0)
		Usr 0 00:00:00, Sys 0 00:00:00  -  Run Remote Usage
		Usr 0 00:00:00, Sys 0 00:00:00  -  Run Local Usage
		Usr 0 00:00:00, Sys 0 00:00:00  -  Total Remote Usage
		Usr 0 00:00:00, Sys 0 00:00:00  -  Total Local Usage
	0  -  Run Bytes Sent By Job
	0  -  Run Bytes Received By Job
	0  -  Total Bytes Sent By Job
	0  -  Total Bytes Received By Job
...
