000 (009.000.000) 04/12 01:30:47 Job submitted from host: <142.66.140.119:43828>
...
000 (009.001.000) 04/12 01:30:47 Job submitted from host: <142.66.140.119:43828>
...
000 (009.002.000) 04/12 01:30:47 Job submitted from host: <142.66.140.119:43828>
...
000 (009.003.000) 04/12 01:30:47 Job submitted from host: <142.66.140.119:43828>
...
000 (009.004.000) 04/12 01:30:47 Job submitted from host: <142.66.140.119:43828>
...
000 (009.005.000) 04/12 01:30:47 Job submitted from host: <142.66.140.119:43828>
...
000 (009.006.000) 04/12 01:30:47 Job submitted from host: <142.66.140.119:43828>
...
000 (009.007.000) 04/12 01:30:47 Job submitted from host: <142.66.140.119:43828>
...
000 (009.008.000) 04/12 01:30:47 Job submitted from host: <142.66.140.119:43828>
...
000 (009.009.000) 04/12 01:30:47 Job submitted from host: <142.66.140.119:43828>
...
001 (009.007.000) 04/12 01:30:49 Job executing on host: <142.66.56.29:48588>
...
001 (009.006.000) 04/12 01:30:49 Job executing on host: <142.66.56.29:48588>
...
001 (009.005.000) 04/12 01:30:49 Job executing on host: <142.66.56.46:52869>
...
001 (009.004.000) 04/12 01:30:49 Job executing on host: <142.66.56.46:52869>
...
001 (009.003.000) 04/12 01:30:49 Job executing on host: <142.66.56.45:35445>
...
001 (009.002.000) 04/12 01:30:49 Job executing on host: <142.66.56.45:35445>
...
001 (009.009.000) 04/12 01:30:49 Job executing on host: <142.66.140.104:32952>
...
001 (009.008.000) 04/12 01:30:49 Job executing on host: <142.66.140.104:32952>
...
001 (009.000.000) 04/12 01:30:49 Job executing on host: <142.66.56.37:60448>
...
001 (009.001.000) 04/12 01:30:49 Job executing on host: <142.66.56.37:60448>
...
006 (009.005.000) 04/12 01:30:57 Image size of job updated: 140228
...
006 (009.004.000) 04/12 01:30:57 Image size of job updated: 119636
...
006 (009.003.000) 04/12 01:30:57 Image size of job updated: 93524
...
006 (009.002.000) 04/12 01:30:57 Image size of job updated: 96040
...
006 (009.009.000) 04/12 01:30:57 Image size of job updated: 195028
...
006 (009.008.000) 04/12 01:30:57 Image size of job updated: 73868
...
006 (009.000.000) 04/12 01:30:58 Image size of job updated: 58492
...
006 (009.001.000) 04/12 01:30:58 Image size of job updated: 58392
...
006 (009.007.000) 04/12 01:35:57 Image size of job updated: 202996
...
006 (009.006.000) 04/12 01:35:57 Image size of job updated: 306840
...
006 (009.004.000) 04/12 01:35:57 Image size of job updated: 119948
...
006 (009.003.000) 04/12 01:35:57 Image size of job updated: 384084
...
006 (009.002.000) 04/12 01:35:57 Image size of job updated: 324048
...
006 (009.009.000) 04/12 01:35:57 Image size of job updated: 395168
...
006 (009.008.000) 04/12 01:35:57 Image size of job updated: 97956
...
006 (009.001.000) 04/12 01:35:59 Image size of job updated: 123588
...
006 (009.000.000) 04/12 01:35:59 Image size of job updated: 143980
...
006 (009.007.000) 04/12 01:40:57 Image size of job updated: 203980
...
006 (009.005.000) 04/12 01:40:57 Image size of job updated: 232924
...
006 (009.004.000) 04/12 01:40:57 Image size of job updated: 190856
...
006 (009.003.000) 04/12 01:40:58 Image size of job updated: 384388
...
006 (009.008.000) 04/12 01:40:59 Image size of job updated: 98232
...
006 (009.004.000) 04/12 01:45:58 Image size of job updated: 190944
...
006 (009.003.000) 04/12 01:45:59 Image size of job updated: 730372
...
006 (009.002.000) 04/12 01:45:59 Image size of job updated: 596160
...
006 (009.001.000) 04/12 01:46:00 Image size of job updated: 199876
...
006 (009.000.000) 04/12 01:46:00 Image size of job updated: 146420
...
006 (009.004.000) 04/12 01:50:58 Image size of job updated: 191172
...
006 (009.006.000) 04/12 01:50:58 Image size of job updated: 564888
...
006 (009.002.000) 04/12 01:50:59 Image size of job updated: 596468
...
006 (009.001.000) 04/12 01:51:01 Image size of job updated: 203028
...
006 (009.009.000) 04/12 02:01:01 Image size of job updated: 740820
...
006 (009.008.000) 04/12 02:01:01 Image size of job updated: 98424
...
006 (009.003.000) 04/12 02:06:01 Image size of job updated: 741292
...
006 (009.003.000) 04/12 02:11:01 Image size of job updated: 742180
...
006 (009.008.000) 04/12 02:11:02 Image size of job updated: 98728
...
006 (009.005.000) 04/12 02:16:01 Image size of job updated: 233032
...
006 (009.000.000) 04/12 02:16:03 Image size of job updated: 146556
...
006 (009.004.000) 04/12 02:21:02 Image size of job updated: 191492
...
006 (009.005.000) 04/12 02:21:02 Image size of job updated: 233352
...
006 (009.003.000) 04/12 02:21:02 Image size of job updated: 742372
...
006 (009.009.000) 04/12 02:21:03 Image size of job updated: 740860
...
006 (009.008.000) 04/12 02:21:03 Image size of job updated: 99020
...
006 (009.002.000) 04/12 02:26:02 Image size of job updated: 596620
...
006 (009.003.000) 04/12 02:26:02 Image size of job updated: 742600
...
006 (009.008.000) 04/12 02:26:03 Image size of job updated: 99224
...
006 (009.002.000) 04/12 02:36:04 Image size of job updated: 596924
...
006 (009.009.000) 04/12 02:36:04 Image size of job updated: 740908
...
006 (009.009.000) 04/12 02:41:04 Image size of job updated: 741100
...
006 (009.001.000) 04/12 02:46:07 Image size of job updated: 203280
...
006 (009.005.000) 04/12 02:56:05 Image size of job updated: 233544
...
006 (009.009.000) 04/12 03:11:08 Image size of job updated: 741232
...
006 (009.004.000) 04/12 03:36:08 Image size of job updated: 191684
...
006 (009.002.000) 04/12 03:46:11 Image size of job updated: 597180
...
006 (009.009.000) 04/12 03:51:12 Image size of job updated: 741488
...
006 (009.003.000) 04/12 03:56:12 Image size of job updated: 742916
...
006 (009.005.000) 04/12 04:01:12 Image size of job updated: 233800
...
006 (009.004.000) 04/12 04:06:12 Image size of job updated: 192060
...
006 (009.007.000) 04/12 04:11:13 Image size of job updated: 204164
...
006 (009.001.000) 04/12 04:26:17 Image size of job updated: 203476
...
006 (009.004.000) 04/12 04:31:14 Image size of job updated: 192200
...
006 (009.005.000) 04/12 04:41:15 Image size of job updated: 233936
...
006 (009.002.000) 04/12 04:46:18 Image size of job updated: 597436
...
006 (009.004.000) 04/12 05:01:17 Image size of job updated: 192520
...
006 (009.009.000) 04/12 05:01:19 Image size of job updated: 741792
...
006 (009.001.000) 04/12 05:06:20 Image size of job updated: 203732
...
006 (009.006.000) 04/12 05:16:20 Image size of job updated: 564992
...
006 (009.003.000) 04/12 05:16:21 Image size of job updated: 743172
...
006 (009.005.000) 04/12 05:26:20 Image size of job updated: 234164
...
006 (009.002.000) 04/12 05:31:22 Image size of job updated: 597664
...
006 (009.001.000) 04/12 05:41:25 Image size of job updated: 203988
...
006 (009.003.000) 04/12 06:01:25 Image size of job updated: 743428
...
006 (009.005.000) 04/12 06:06:24 Image size of job updated: 234684
...
006 (009.009.000) 04/12 06:06:25 Image size of job updated: 742112
...
006 (009.006.000) 04/12 06:46:30 Image size of job updated: 565248
...
006 (009.005.000) 04/12 07:01:31 Image size of job updated: 234944
...
006 (009.002.000) 04/12 07:26:34 Image size of job updated: 597920
...
006 (009.003.000) 04/12 07:26:34 Image size of job updated: 743684
...
006 (009.007.000) 04/12 07:26:34 Image size of job updated: 204396
...
010 (009.004.000) 04/12 07:38:01 Job was suspended.
	Number of processes actually suspended: 3
...
010 (009.005.000) 04/12 07:38:01 Job was suspended.
	Number of processes actually suspended: 3
...
006 (009.009.000) 04/12 07:41:34 Image size of job updated: 742304
...
011 (009.004.000) 04/12 07:43:01 Job was unsuspended.
...
011 (009.005.000) 04/12 07:43:01 Job was unsuspended.
...
006 (009.001.000) 04/12 07:51:37 Image size of job updated: 204208
...
010 (009.004.000) 04/12 07:54:48 Job was suspended.
	Number of processes actually suspended: 3
...
010 (009.005.000) 04/12 07:54:48 Job was suspended.
	Number of processes actually suspended: 3
...
011 (009.005.000) 04/12 07:59:48 Job was unsuspended.
...
011 (009.004.000) 04/12 08:04:53 Job was unsuspended.
...
004 (009.004.000) 04/12 08:04:54 Job was evicted.
	(0) Job was not checkpointed.
		Usr 0 06:18:03, Sys 0 00:00:11  -  Run Remote Usage
		Usr 0 00:00:00, Sys 0 00:00:00  -  Run Local Usage
	0  -  Run Bytes Sent By Job
	0  -  Run Bytes Received By Job
...
001 (009.004.000) 04/12 08:09:06 Job executing on host: <142.66.140.88:58585>
...
006 (009.004.000) 04/12 08:29:18 Image size of job updated: 320868
...
010 (009.005.000) 04/12 08:33:19 Job was suspended.
	Number of processes actually suspended: 3
...
006 (009.006.000) 04/12 08:36:42 Image size of job updated: 565440
...
010 (009.007.000) 04/12 08:37:33 Job was suspended.
	Number of processes actually suspended: 3
...
010 (009.006.000) 04/12 08:37:33 Job was suspended.
	Number of processes actually suspended: 3
...
011 (009.005.000) 04/12 08:38:24 Job was unsuspended.
...
011 (009.007.000) 04/12 08:47:33 Job was unsuspended.
...
011 (009.006.000) 04/12 08:47:33 Job was unsuspended.
...
004 (009.006.000) 04/12 08:47:34 Job was evicted.
	(0) Job was not checkpointed.
		Usr 0 06:56:44, Sys 0 00:00:24  -  Run Remote Usage
		Usr 0 00:00:00, Sys 0 00:00:00  -  Run Local Usage
	0  -  Run Bytes Sent By Job
	0  -  Run Bytes Received By Job
...
004 (009.007.000) 04/12 08:47:34 Job was evicted.
	(0) Job was not checkpointed.
		Usr 0 06:56:31, Sys 0 00:00:23  -  Run Remote Usage
		Usr 0 00:00:00, Sys 0 00:00:00  -  Run Local Usage
	0  -  Run Bytes Sent By Job
	0  -  Run Bytes Received By Job
...
001 (009.007.000) 04/12 08:49:20 Job executing on host: <142.66.140.123:32855>
...
001 (009.006.000) 04/12 08:49:20 Job executing on host: <142.66.140.123:32855>
...
006 (009.007.000) 04/12 08:54:28 Image size of job updated: 360144
...
006 (009.007.000) 04/12 09:04:29 Image size of job updated: 680808
...
006 (009.003.000) 04/12 09:06:44 Image size of job updated: 743984
...
006 (009.004.000) 04/12 09:19:23 Image size of job updated: 320916
...
006 (009.009.000) 04/12 09:21:44 Image size of job updated: 742560
...
006 (009.007.000) 04/12 09:24:31 Image size of job updated: 691064
...
006 (009.000.000) 04/12 09:26:49 Image size of job updated: 146748
...
006 (009.007.000) 04/12 09:29:32 Image size of job updated: 691256
...
006 (009.001.000) 04/12 09:46:49 Image size of job updated: 204340
...
006 (009.007.000) 04/12 09:54:34 Image size of job updated: 691400
...
010 (009.005.000) 04/12 10:00:17 Job was suspended.
	Number of processes actually suspended: 3
...
011 (009.005.000) 04/12 10:05:17 Job was unsuspended.
...
006 (009.007.000) 04/12 10:14:36 Image size of job updated: 691532
...
006 (009.002.000) 04/12 10:16:53 Image size of job updated: 598188
...
006 (009.004.000) 04/12 10:24:29 Image size of job updated: 321108
...
006 (009.007.000) 04/12 10:34:38 Image size of job updated: 691788
...
006 (009.002.000) 04/12 10:51:57 Image size of job updated: 598504
...
010 (009.005.000) 04/12 10:54:43 Job was suspended.
	Number of processes actually suspended: 3
...
011 (009.005.000) 04/12 11:04:44 Job was unsuspended.
...
004 (009.005.000) 04/12 11:04:44 Job was evicted.
	(0) Job was not checkpointed.
		Usr 0 09:02:29, Sys 0 00:00:20  -  Run Remote Usage
		Usr 0 00:00:00, Sys 0 00:00:00  -  Run Local Usage
	0  -  Run Bytes Sent By Job
	0  -  Run Bytes Received By Job
...
001 (009.005.000) 04/12 11:07:17 Job executing on host: <142.66.56.47:52556>
...
010 (009.005.000) 04/12 11:16:27 Job was suspended.
	Number of processes actually suspended: 3
...
006 (009.005.000) 04/12 11:16:27 Image size of job updated: 400176
...
011 (009.005.000) 04/12 11:21:46 Job was unsuspended.
...
006 (009.005.000) 04/12 11:27:26 Image size of job updated: 410656
...
006 (009.001.000) 04/12 11:32:02 Image size of job updated: 204472
...
006 (009.007.000) 04/12 11:34:44 Image size of job updated: 691920
...
006 (009.009.000) 04/12 11:37:01 Image size of job updated: 742816
...
006 (009.003.000) 04/12 11:42:03 Image size of job updated: 744244
...
006 (009.007.000) 04/12 11:44:45 Image size of job updated: 692052
...
006 (009.007.000) 04/12 11:49:45 Image size of job updated: 692368
...
006 (009.004.000) 04/12 11:59:39 Image size of job updated: 321428
...
006 (009.007.000) 04/12 11:59:46 Image size of job updated: 692624
...
006 (009.005.000) 04/12 13:02:36 Image size of job updated: 410912
...
006 (009.003.000) 04/12 13:32:15 Image size of job updated: 744612
...
006 (009.007.000) 04/12 13:34:55 Image size of job updated: 692880
...
006 (009.009.000) 04/12 13:52:15 Image size of job updated: 743072
...
010 (009.001.000) 04/12 14:03:27 Job was suspended.
	Number of processes actually suspended: 3
...
010 (009.000.000) 04/12 14:03:27 Job was suspended.
	Number of processes actually suspended: 3
...
006 (009.005.000) 04/12 14:07:42 Image size of job updated: 411104
...
011 (009.001.000) 04/12 14:13:32 Job was unsuspended.
...
011 (009.000.000) 04/12 14:13:32 Job was unsuspended.
...
004 (009.001.000) 04/12 14:13:32 Job was evicted.
	(0) Job was not checkpointed.
		Usr 0 12:29:28, Sys 0 00:00:40  -  Run Remote Usage
		Usr 0 00:00:00, Sys 0 00:00:00  -  Run Local Usage
	0  -  Run Bytes Sent By Job
	0  -  Run Bytes Received By Job
...
004 (009.000.000) 04/12 14:13:32 Job was evicted.
	(0) Job was not checkpointed.
		Usr 0 12:29:47, Sys 0 00:00:36  -  Run Remote Usage
		Usr 0 00:00:00, Sys 0 00:00:00  -  Run Local Usage
	0  -  Run Bytes Sent By Job
	0  -  Run Bytes Received By Job
...
001 (009.001.000) 04/12 14:17:54 Job executing on host: <142.66.140.70:55351>
...
001 (009.000.000) 04/12 14:17:54 Job executing on host: <142.66.140.78:47515>
...
006 (009.001.000) 04/12 14:23:02 Image size of job updated: 279360
...
006 (009.000.000) 04/12 14:23:03 Image size of job updated: 214552
...
006 (009.001.000) 04/12 14:33:03 Image size of job updated: 282912
...
006 (009.000.000) 04/12 14:33:04 Image size of job updated: 379704
...
006 (009.004.000) 04/12 14:49:58 Image size of job updated: 321620
...
006 (009.000.000) 04/12 14:53:05 Image size of job updated: 379712
...
006 (009.000.000) 04/12 15:18:09 Image size of job updated: 380092
...
006 (009.000.000) 04/12 16:08:14 Image size of job updated: 380284
...
006 (009.005.000) 04/12 16:22:55 Image size of job updated: 411360
...
006 (009.002.000) 04/12 17:17:38 Image size of job updated: 598760
...
006 (009.009.000) 04/12 17:22:36 Image size of job updated: 743328
...
006 (009.002.000) 04/12 17:37:40 Image size of job updated: 599016
...
006 (009.000.000) 04/12 17:38:22 Image size of job updated: 380540
...
006 (009.002.000) 04/12 17:57:41 Image size of job updated: 599208
...
006 (009.007.000) 04/12 18:40:31 Image size of job updated: 693124
...
006 (009.004.000) 04/12 18:50:24 Image size of job updated: 321756
...
006 (009.003.000) 04/12 18:52:47 Image size of job updated: 744804
...
006 (009.005.000) 04/12 19:18:16 Image size of job updated: 411616
...
006 (009.000.000) 04/12 19:18:33 Image size of job updated: 380796
...
006 (009.005.000) 04/12 21:13:28 Image size of job updated: 411872
...
006 (009.007.000) 04/12 21:30:48 Image size of job updated: 693444
...
006 (009.001.000) 04/12 21:33:46 Image size of job updated: 283040
...
006 (009.005.000) 04/12 21:58:33 Image size of job updated: 412008
...
010 (009.001.000) 04/12 22:13:12 Job was suspended.
	Number of processes actually suspended: 3
...
011 (009.001.000) 04/12 22:18:13 Job was unsuspended.
...
006 (009.005.000) 04/12 22:28:36 Image size of job updated: 412192
...
006 (009.001.000) 04/12 22:33:53 Image size of job updated: 283176
...
006 (009.002.000) 04/12 22:48:11 Image size of job updated: 599344
...
006 (009.009.000) 04/12 22:58:13 Image size of job updated: 743584
...
006 (009.000.000) 04/12 23:03:59 Image size of job updated: 381052
...
006 (009.000.000) 04/12 23:44:02 Image size of job updated: 381308
...
006 (009.000.000) 04/12 23:49:03 Image size of job updated: 381604
...
010 (009.000.000) 04/12 23:49:19 Job was suspended.
	Number of processes actually suspended: 3
...
006 (009.007.000) 04/12 23:51:02 Image size of job updated: 693636
...
006 (009.003.000) 04/12 23:58:18 Image size of job updated: 745124
...
011 (009.000.000) 04/12 23:59:20 Job was unsuspended.
...
004 (009.000.000) 04/12 23:59:20 Job was evicted.
	(0) Job was not checkpointed.
		Usr 0 09:27:54, Sys 0 00:00:19  -  Run Remote Usage
		Usr 0 00:00:00, Sys 0 00:00:00  -  Run Local Usage
	0  -  Run Bytes Sent By Job
	0  -  Run Bytes Received By Job
...
001 (009.000.000) 04/13 00:01:10 Job executing on host: <142.66.56.117:47270>
...
006 (009.000.000) 04/13 00:11:19 Image size of job updated: 529040
...
006 (009.007.000) 04/13 00:16:05 Image size of job updated: 693956
...
006 (009.000.000) 04/13 00:16:19 Image size of job updated: 529360
...
006 (009.000.000) 04/13 00:26:20 Image size of job updated: 538988
...
010 (009.001.000) 04/13 00:36:59 Job was suspended.
	Number of processes actually suspended: 3
...
010 (009.004.000) 04/13 00:38:01 Job was suspended.
	Number of processes actually suspended: 3
...
011 (009.001.000) 04/13 00:42:29 Job was unsuspended.
...
011 (009.004.000) 04/13 00:43:03 Job was unsuspended.
...
006 (009.001.000) 04/13 00:59:08 Image size of job updated: 283432
...
006 (009.001.000) 04/13 01:09:09 Image size of job updated: 283568
...
006 (009.004.000) 04/13 01:41:05 Image size of job updated: 322116
...
006 (009.004.000) 04/13 01:51:07 Image size of job updated: 322368
...
010 (009.001.000) 04/13 01:56:51 Job was suspended.
	Number of processes actually suspended: 3
...
011 (009.001.000) 04/13 02:01:52 Job was unsuspended.
...
006 (009.003.000) 04/13 02:23:33 Image size of job updated: 745380
...
010 (009.006.000) 04/13 02:26:38 Job was suspended.
	Number of processes actually suspended: 3
...
010 (009.007.000) 04/13 02:26:38 Job was suspended.
	Number of processes actually suspended: 3
...
011 (009.006.000) 04/13 02:36:43 Job was unsuspended.
...
011 (009.007.000) 04/13 02:36:43 Job was unsuspended.
...
004 (009.007.000) 04/13 02:36:44 Job was evicted.
	(0) Job was not checkpointed.
		Usr 0 17:34:28, Sys 0 00:00:25  -  Run Remote Usage
		Usr 0 00:00:00, Sys 0 00:00:00  -  Run Local Usage
	0  -  Run Bytes Sent By Job
	0  -  Run Bytes Received By Job
...
004 (009.006.000) 04/13 02:36:44 Job was evicted.
	(0) Job was not checkpointed.
		Usr 0 17:34:50, Sys 0 00:00:20  -  Run Remote Usage
		Usr 0 00:00:00, Sys 0 00:00:00  -  Run Local Usage
	0  -  Run Bytes Sent By Job
	0  -  Run Bytes Received By Job
...
001 (009.006.000) 04/13 02:38:05 Job executing on host: <142.66.140.93:51189>
...
001 (009.007.000) 04/13 02:38:05 Job executing on host: <142.66.140.93:51189>
...
006 (009.005.000) 04/13 02:44:03 Image size of job updated: 412324
...
006 (009.002.000) 04/13 02:48:35 Image size of job updated: 599476
...
010 (009.007.000) 04/13 02:52:35 Job was suspended.
	Number of processes actually suspended: 3
...
010 (009.006.000) 04/13 02:52:35 Job was suspended.
	Number of processes actually suspended: 3
...
011 (009.007.000) 04/13 02:57:37 Job was unsuspended.
...
011 (009.006.000) 04/13 02:57:37 Job was unsuspended.
...
006 (009.005.000) 04/13 03:04:05 Image size of job updated: 412460
...
006 (009.002.000) 04/13 03:28:39 Image size of job updated: 599616
...
010 (009.004.000) 04/13 04:07:03 Job was suspended.
	Number of processes actually suspended: 3
...
011 (009.004.000) 04/13 04:14:36 Job was unsuspended.
...
010 (009.001.000) 04/13 04:47:18 Job was suspended.
	Number of processes actually suspended: 3
...
011 (009.001.000) 04/13 04:52:23 Job was unsuspended.
...
006 (009.002.000) 04/13 05:35:11 Image size of job updated: 599748
...
006 (009.000.000) 04/13 06:02:22 Image size of job updated: 539124
...
006 (009.009.000) 04/13 06:18:56 Image size of job updated: 743840
...
006 (009.009.000) 04/13 06:59:01 Image size of job updated: 744096
...
006 (009.003.000) 04/13 08:05:26 Image size of job updated: 745828
...
006 (009.000.000) 04/13 08:47:40 Image size of job updated: 539380
...
006 (009.003.000) 04/13 12:55:56 Image size of job updated: 746076
...
010 (009.001.000) 04/13 13:35:40 Job was suspended.
	Number of processes actually suspended: 3
...
010 (009.007.000) 04/13 13:36:00 Job was suspended.
	Number of processes actually suspended: 3
...
010 (009.006.000) 04/13 13:36:00 Job was suspended.
	Number of processes actually suspended: 3
...
006 (009.009.000) 04/13 13:39:41 Image size of job updated: 744236
...
011 (009.001.000) 04/13 13:40:45 Job was unsuspended.
...
011 (009.007.000) 04/13 13:46:02 Job was unsuspended.
...
011 (009.006.000) 04/13 13:46:02 Job was unsuspended.
...
004 (009.007.000) 04/13 13:46:02 Job was evicted.
	(0) Job was not checkpointed.
		Usr 0 10:50:37, Sys 0 00:00:13  -  Run Remote Usage
		Usr 0 00:00:00, Sys 0 00:00:00  -  Run Local Usage
	0  -  Run Bytes Sent By Job
	0  -  Run Bytes Received By Job
...
004 (009.006.000) 04/13 13:46:02 Job was evicted.
	(0) Job was not checkpointed.
		Usr 0 10:50:32, Sys 0 00:00:12  -  Run Remote Usage
		Usr 0 00:00:00, Sys 0 00:00:00  -  Run Local Usage
	0  -  Run Bytes Sent By Job
	0  -  Run Bytes Received By Job
...
001 (009.006.000) 04/13 13:46:17 Job executing on host: <142.66.140.118:40970>
...
001 (009.007.000) 04/13 13:46:17 Job executing on host: <142.66.140.123:32855>
...
010 (009.001.000) 04/13 14:30:57 Job was suspended.
	Number of processes actually suspended: 3
...
011 (009.001.000) 04/13 14:38:02 Job was unsuspended.
...
010 (009.001.000) 04/13 14:38:07 Job was suspended.
	Number of processes actually suspended: 3
...
011 (009.001.000) 04/13 14:45:19 Job was unsuspended.
...
010 (009.001.000) 04/13 14:50:49 Job was suspended.
	Number of processes actually suspended: 3
...
006 (009.000.000) 04/13 14:58:18 Image size of job updated: 539636
...
011 (009.001.000) 04/13 14:58:24 Job was unsuspended.
...
010 (009.001.000) 04/13 15:00:09 Job was suspended.
	Number of processes actually suspended: 3
...
011 (009.001.000) 04/13 15:10:10 Job was unsuspended.
...
004 (009.001.000) 04/13 15:10:10 Job was evicted.
	(0) Job was not checkpointed.
		Usr 0 23:49:00, Sys 0 00:00:41  -  Run Remote Usage
		Usr 0 00:00:00, Sys 0 00:00:00  -  Run Local Usage
	0  -  Run Bytes Sent By Job
	0  -  Run Bytes Received By Job
...
001 (009.001.000) 04/13 15:14:11 Job executing on host: <142.66.140.10:35887>
...
005 (009.001.000) 04/13 15:15:10 Job terminated.
	(1) Normal termination (return value 0)
		Usr 0 00:00:00, Sys 0 00:00:00  -  Run Remote Usage
		Usr 0 00:00:00, Sys 0 00:00:00  -  Run Local Usage
		Usr 0 00:00:00, Sys 0 00:00:00  -  Total Remote Usage
		Usr 0 00:00:00, Sys 0 00:00:00  -  Total Local Usage
	0  -  Run Bytes Sent By Job
	0  -  Run Bytes Received By Job
	0  -  Total Bytes Sent By Job
	0  -  Total Bytes Received By Job
...
006 (009.000.000) 04/13 21:29:00 Image size of job updated: 539828
...
006 (009.000.000) 04/14 01:39:25 Image size of job updated: 539960
...
006 (009.000.000) 04/14 02:29:31 Image size of job updated: 540112
...
022 (009.004.000) 04/14 03:15:29 Job disconnected, attempting to reconnect
    Socket between submit and execute hosts closed unexpectedly
    Trying to reconnect to slot2@35cottle.cs.uleth.ca <142.66.140.88:58585>
...
024 (009.004.000) 04/14 03:15:29 Job reconnection failed
    Job disconnected too long: JobLeaseDuration (1200 seconds) expired
    Can not reconnect to slot2@35cottle.cs.uleth.ca, rescheduling job
...
001 (009.004.000) 04/14 03:15:49 Job executing on host: <142.66.140.10:35887>
...
005 (009.004.000) 04/14 03:16:50 Job terminated.
	(1) Normal termination (return value 0)
		Usr 0 00:00:00, Sys 0 00:00:00  -  Run Remote Usage
		Usr 0 00:00:00, Sys 0 00:00:00  -  Run Local Usage
		Usr 0 00:00:00, Sys 0 00:00:00  -  Total Remote Usage
		Usr 0 00:00:00, Sys 0 00:00:00  -  Total Local Usage
	0  -  Run Bytes Sent By Job
	0  -  Run Bytes Received By Job
	0  -  Total Bytes Sent By Job
	0  -  Total Bytes Received By Job
...
010 (009.000.000) 04/14 04:02:20 Job was suspended.
	Number of processes actually suspended: 3
...
011 (009.000.000) 04/14 04:12:21 Job was unsuspended.
...
004 (009.000.000) 04/14 04:12:21 Job was evicted.
	(0) Job was not checkpointed.
		Usr 1 03:54:52, Sys 0 00:00:45  -  Run Remote Usage
		Usr 0 00:00:00, Sys 0 00:00:00  -  Run Local Usage
	0  -  Run Bytes Sent By Job
	0  -  Run Bytes Received By Job
...
001 (009.000.000) 04/14 04:17:49 Job executing on host: <142.66.140.100:37886>
...
010 (009.000.000) 04/14 13:52:57 Job was suspended.
	Number of processes actually suspended: 3
...
011 (009.000.000) 04/14 14:03:02 Job was unsuspended.
...
004 (009.000.000) 04/14 14:03:03 Job was evicted.
	(0) Job was not checkpointed.
		Usr 0 09:33:01, Sys 0 00:00:11  -  Run Remote Usage
		Usr 0 00:00:00, Sys 0 00:00:00  -  Run Local Usage
	0  -  Run Bytes Sent By Job
	0  -  Run Bytes Received By Job
...
001 (009.000.000) 04/14 14:05:08 Job executing on host: <142.66.140.124:54596>
...
006 (009.008.000) 04/15 02:38:35 Image size of job updated: 99228
...
010 (009.000.000) 04/15 07:05:39 Job was suspended.
	Number of processes actually suspended: 3
...
011 (009.000.000) 04/15 07:10:39 Job was unsuspended.
...
010 (009.003.000) 04/15 08:31:16 Job was suspended.
	Number of processes actually suspended: 3
...
010 (009.002.000) 04/15 08:31:16 Job was suspended.
	Number of processes actually suspended: 3
...
011 (009.002.000) 04/15 08:41:18 Job was unsuspended.
...
011 (009.003.000) 04/15 08:41:18 Job was unsuspended.
...
004 (009.003.000) 04/15 08:41:19 Job was evicted.
	(0) Job was not checkpointed.
		Usr 3 06:43:30, Sys 0 00:03:15  -  Run Remote Usage
		Usr 0 00:00:00, Sys 0 00:00:00  -  Run Local Usage
	0  -  Run Bytes Sent By Job
	0  -  Run Bytes Received By Job
...
004 (009.002.000) 04/15 08:41:19 Job was evicted.
	(0) Job was not checkpointed.
		Usr 3 06:43:15, Sys 0 00:03:17  -  Run Remote Usage
		Usr 0 00:00:00, Sys 0 00:00:00  -  Run Local Usage
	0  -  Run Bytes Sent By Job
	0  -  Run Bytes Received By Job
...
001 (009.003.000) 04/15 08:42:47 Job executing on host: <142.66.56.117:47270>
...
001 (009.002.000) 04/15 08:42:47 Job executing on host: <142.66.56.117:47270>
...
010 (009.006.000) 04/15 08:55:44 Job was suspended.
	Number of processes actually suspended: 3
...
011 (009.006.000) 04/15 09:05:50 Job was unsuspended.
...
004 (009.006.000) 04/15 09:05:50 Job was evicted.
	(0) Job was not checkpointed.
		Usr 1 19:03:12, Sys 0 00:00:56  -  Run Remote Usage
		Usr 0 00:00:00, Sys 0 00:00:00  -  Run Local Usage
	0  -  Run Bytes Sent By Job
	0  -  Run Bytes Received By Job
...
001 (009.006.000) 04/15 09:06:00 Job executing on host: <142.66.140.100:37886>
...
010 (009.006.000) 04/15 09:53:15 Job was suspended.
	Number of processes actually suspended: 3
...
011 (009.006.000) 04/15 10:03:16 Job was unsuspended.
...
004 (009.006.000) 04/15 10:03:16 Job was evicted.
	(0) Job was not checkpointed.
		Usr 0 00:47:08, Sys 0 00:00:01  -  Run Remote Usage
		Usr 0 00:00:00, Sys 0 00:00:00  -  Run Local Usage
	0  -  Run Bytes Sent By Job
	0  -  Run Bytes Received By Job
...
001 (009.006.000) 04/15 10:06:44 Job executing on host: <142.66.56.47:52556>
...
010 (009.005.000) 04/15 11:16:29 Job was suspended.
	Number of processes actually suspended: 3
...
010 (009.006.000) 04/15 11:16:29 Job was suspended.
	Number of processes actually suspended: 3
...
011 (009.006.000) 04/15 11:25:55 Job was unsuspended.
...
011 (009.005.000) 04/15 11:25:55 Job was unsuspended.
...
010 (009.008.000) 04/15 11:52:43 Job was suspended.
	Number of processes actually suspended: 3
...
010 (009.009.000) 04/15 11:52:43 Job was suspended.
	Number of processes actually suspended: 3
...
011 (009.008.000) 04/15 11:58:35 Job was unsuspended.
...
011 (009.009.000) 04/15 11:58:35 Job was unsuspended.
...
010 (009.000.000) 04/15 12:07:20 Job was suspended.
	Number of processes actually suspended: 3
...
010 (009.008.000) 04/15 12:15:25 Job was suspended.
	Number of processes actually suspended: 3
...
010 (009.009.000) 04/15 12:15:25 Job was suspended.
	Number of processes actually suspended: 3
...
011 (009.000.000) 04/15 12:17:22 Job was unsuspended.
...
004 (009.000.000) 04/15 12:17:22 Job was evicted.
	(0) Job was not checkpointed.
		Usr 0 21:53:13, Sys 0 00:00:27  -  Run Remote Usage
		Usr 0 00:00:00, Sys 0 00:00:00  -  Run Local Usage
	0  -  Run Bytes Sent By Job
	0  -  Run Bytes Received By Job
...
001 (009.000.000) 04/15 12:21:34 Job executing on host: <142.66.140.118:40970>
...
011 (009.008.000) 04/15 12:22:05 Job was unsuspended.
...
011 (009.009.000) 04/15 12:22:05 Job was unsuspended.
...
010 (009.008.000) 04/15 12:30:46 Job was suspended.
	Number of processes actually suspended: 3
...
010 (009.009.000) 04/15 12:30:46 Job was suspended.
	Number of processes actually suspended: 3
...
011 (009.008.000) 04/15 12:35:48 Job was unsuspended.
...
011 (009.009.000) 04/15 12:35:48 Job was unsuspended.
...
