000 (010.000.000) 04/12 01:31:09 Job submitted from host: <142.66.140.119:43828>
...
000 (010.001.000) 04/12 01:31:09 Job submitted from host: <142.66.140.119:43828>
...
000 (010.002.000) 04/12 01:31:09 Job submitted from host: <142.66.140.119:43828>
...
000 (010.003.000) 04/12 01:31:09 Job submitted from host: <142.66.140.119:43828>
...
000 (010.004.000) 04/12 01:31:09 Job submitted from host: <142.66.140.119:43828>
...
000 (010.005.000) 04/12 01:31:09 Job submitted from host: <142.66.140.119:43828>
...
000 (010.006.000) 04/12 01:31:09 Job submitted from host: <142.66.140.119:43828>
...
000 (010.007.000) 04/12 01:31:09 Job submitted from host: <142.66.140.119:43828>
...
000 (010.008.000) 04/12 01:31:09 Job submitted from host: <142.66.140.119:43828>
...
000 (010.009.000) 04/12 01:31:09 Job submitted from host: <142.66.140.119:43828>
...
001 (010.000.000) 04/12 01:31:29 Job executing on host: <142.66.140.70:55351>
...
001 (010.001.000) 04/12 01:31:29 Job executing on host: <142.66.140.70:55351>
...
001 (010.009.000) 04/12 01:31:29 Job executing on host: <142.66.140.116:34742>
...
001 (010.008.000) 04/12 01:31:30 Job executing on host: <142.66.140.102:35717>
...
001 (010.004.000) 04/12 01:31:30 Job executing on host: <142.66.140.72:45186>
...
001 (010.002.000) 04/12 01:31:30 Job executing on host: <142.66.140.72:45186>
...
001 (010.003.000) 04/12 01:31:30 Job executing on host: <142.66.140.103:47181>
...
001 (010.005.000) 04/12 01:31:30 Job executing on host: <142.66.140.103:47181>
...
001 (010.006.000) 04/12 01:31:30 Job executing on host: <142.66.140.82:43182>
...
001 (010.007.000) 04/12 01:31:30 Job executing on host: <142.66.140.82:43182>
...
006 (010.008.000) 04/12 01:31:38 Image size of job updated: 60544
...
006 (010.002.000) 04/12 01:31:38 Image size of job updated: 53748
...
006 (010.004.000) 04/12 01:31:38 Image size of job updated: 63120
...
006 (010.000.000) 04/12 01:31:38 Image size of job updated: 55244
...
006 (010.001.000) 04/12 01:31:38 Image size of job updated: 72132
...
010 (010.004.000) 04/12 01:33:48 Job was suspended.
	Number of processes actually suspended: 3
...
006 (010.004.000) 04/12 01:33:48 Image size of job updated: 63124
...
010 (010.005.000) 04/12 01:33:49 Job was suspended.
	Number of processes actually suspended: 3
...
006 (010.005.000) 04/12 01:33:49 Image size of job updated: 69060
...
010 (010.007.000) 04/12 01:33:49 Job was suspended.
	Number of processes actually suspended: 3
...
006 (010.007.000) 04/12 01:33:49 Image size of job updated: 60820
...
010 (010.000.000) 04/12 01:33:52 Job was suspended.
	Number of processes actually suspended: 3
...
006 (010.000.000) 04/12 01:33:52 Image size of job updated: 55380
...
011 (010.000.000) 04/12 01:34:52 Job was unsuspended.
...
010 (010.008.000) 04/12 01:35:58 Job was suspended.
	Number of processes actually suspended: 3
...
006 (010.008.000) 04/12 01:35:58 Image size of job updated: 67796
...
006 (010.003.000) 04/12 01:36:38 Image size of job updated: 56540
...
006 (010.002.000) 04/12 01:36:38 Image size of job updated: 53840
...
006 (010.006.000) 04/12 01:36:38 Image size of job updated: 52984
...
006 (010.000.000) 04/12 01:36:39 Image size of job updated: 55392
...
006 (010.009.000) 04/12 01:36:39 Image size of job updated: 57272
...
006 (010.001.000) 04/12 01:36:39 Image size of job updated: 72136
...
010 (010.000.000) 04/12 01:37:03 Job was suspended.
	Number of processes actually suspended: 3
...
011 (010.008.000) 04/12 01:37:28 Job was unsuspended.
...
011 (010.000.000) 04/12 01:38:13 Job was unsuspended.
...
011 (010.007.000) 04/12 01:38:24 Job was unsuspended.
...
011 (010.004.000) 04/12 01:40:48 Job was unsuspended.
...
010 (010.000.000) 04/12 01:41:03 Job was suspended.
	Number of processes actually suspended: 3
...
006 (010.003.000) 04/12 01:41:38 Image size of job updated: 56556
...
006 (010.002.000) 04/12 01:41:38 Image size of job updated: 62000
...
006 (010.006.000) 04/12 01:41:39 Image size of job updated: 75460
...
010 (010.007.000) 04/12 01:42:15 Job was suspended.
	Number of processes actually suspended: 3
...
011 (010.007.000) 04/12 01:43:36 Job was unsuspended.
...
011 (010.000.000) 04/12 01:43:38 Job was unsuspended.
...
011 (010.005.000) 04/12 01:43:54 Job was unsuspended.
...
010 (010.005.000) 04/12 01:43:54 Job was suspended.
	Number of processes actually suspended: 3
...
006 (010.002.000) 04/12 01:46:39 Image size of job updated: 62088
...
006 (010.003.000) 04/12 01:46:39 Image size of job updated: 59744
...
006 (010.008.000) 04/12 01:46:40 Image size of job updated: 67816
...
010 (010.000.000) 04/12 01:46:58 Job was suspended.
	Number of processes actually suspended: 3
...
011 (010.000.000) 04/12 01:49:08 Job was unsuspended.
...
010 (010.007.000) 04/12 01:49:46 Job was suspended.
	Number of processes actually suspended: 3
...
011 (010.007.000) 04/12 01:51:01 Job was unsuspended.
...
010 (010.000.000) 04/12 01:51:33 Job was suspended.
	Number of processes actually suspended: 3
...
006 (010.003.000) 04/12 01:51:40 Image size of job updated: 59796
...
006 (010.009.000) 04/12 01:51:41 Image size of job updated: 79980
...
011 (010.000.000) 04/12 01:54:24 Job was unsuspended.
...
010 (010.004.000) 04/12 01:55:35 Job was suspended.
	Number of processes actually suspended: 3
...
006 (010.002.000) 04/12 01:56:39 Image size of job updated: 62124
...
006 (010.003.000) 04/12 01:56:40 Image size of job updated: 59908
...
006 (010.007.000) 04/12 01:56:40 Image size of job updated: 60844
...
006 (010.001.000) 04/12 01:56:42 Image size of job updated: 72208
...
010 (010.000.000) 04/12 01:56:44 Job was suspended.
	Number of processes actually suspended: 3
...
011 (010.000.000) 04/12 01:58:04 Job was unsuspended.
...
011 (010.004.000) 04/12 01:58:45 Job was unsuspended.
...
