000 (016.000.000) 04/07 00:32:36 Job submitted from host: <142.66.140.100:57718>
...
000 (016.001.000) 04/07 00:32:36 Job submitted from host: <142.66.140.100:57718>
...
000 (016.002.000) 04/07 00:32:36 Job submitted from host: <142.66.140.100:57718>
...
000 (016.003.000) 04/07 00:32:36 Job submitted from host: <142.66.140.100:57718>
...
000 (016.004.000) 04/07 00:32:36 Job submitted from host: <142.66.140.100:57718>
...
000 (016.005.000) 04/07 00:32:36 Job submitted from host: <142.66.140.100:57718>
...
000 (016.006.000) 04/07 00:32:36 Job submitted from host: <142.66.140.100:57718>
...
000 (016.007.000) 04/07 00:32:36 Job submitted from host: <142.66.140.100:57718>
...
000 (016.008.000) 04/07 00:32:36 Job submitted from host: <142.66.140.100:57718>
...
000 (016.009.000) 04/07 00:32:36 Job submitted from host: <142.66.140.100:57718>
...
001 (016.000.000) 04/07 00:33:36 Job executing on host: <142.66.140.79:49830>
...
001 (016.001.000) 04/07 00:33:36 Job executing on host: <142.66.140.79:49830>
...
001 (016.002.000) 04/07 00:33:36 Job executing on host: <142.66.140.93:51189>
...
001 (016.003.000) 04/07 00:33:36 Job executing on host: <142.66.140.93:51189>
...
001 (016.008.000) 04/07 00:33:36 Job executing on host: <142.66.140.87:57144>
...
001 (016.007.000) 04/07 00:33:36 Job executing on host: <142.66.140.87:57144>
...
001 (016.004.000) 04/07 00:33:36 Job executing on host: <142.66.140.80:47380>
...
001 (016.006.000) 04/07 00:33:36 Job executing on host: <142.66.140.70:55351>
...
001 (016.005.000) 04/07 00:33:36 Job executing on host: <142.66.140.70:55351>
...
001 (016.009.000) 04/07 00:33:37 Job executing on host: <142.66.140.92:42500>
...
006 (016.004.000) 04/07 00:33:45 Image size of job updated: 36760
...
006 (016.004.000) 04/07 00:34:02 Image size of job updated: 36888
...
005 (016.004.000) 04/07 00:34:02 Job terminated.
	(1) Normal termination (return value 0)
		Usr 0 00:00:00, Sys 0 00:00:00  -  Run Remote Usage
		Usr 0 00:00:00, Sys 0 00:00:00  -  Run Local Usage
		Usr 0 00:00:00, Sys 0 00:00:00  -  Total Remote Usage
		Usr 0 00:00:00, Sys 0 00:00:00  -  Total Local Usage
	0  -  Run Bytes Sent By Job
	0  -  Run Bytes Received By Job
	0  -  Total Bytes Sent By Job
	0  -  Total Bytes Received By Job
...
006 (016.009.000) 04/07 00:34:02 Image size of job updated: 36752
...
005 (016.009.000) 04/07 00:34:02 Job terminated.
	(1) Normal termination (return value 0)
		Usr 0 00:00:00, Sys 0 00:00:00  -  Run Remote Usage
		Usr 0 00:00:00, Sys 0 00:00:00  -  Run Local Usage
		Usr 0 00:00:00, Sys 0 00:00:00  -  Total Remote Usage
		Usr 0 00:00:00, Sys 0 00:00:00  -  Total Local Usage
	0  -  Run Bytes Sent By Job
	0  -  Run Bytes Received By Job
	0  -  Total Bytes Sent By Job
	0  -  Total Bytes Received By Job
...
006 (016.002.000) 04/07 00:34:02 Image size of job updated: 36624
...
005 (016.002.000) 04/07 00:34:02 Job terminated.
	(1) Normal termination (return value 0)
		Usr 0 00:00:00, Sys 0 00:00:00  -  Run Remote Usage
		Usr 0 00:00:00, Sys 0 00:00:00  -  Run Local Usage
		Usr 0 00:00:00, Sys 0 00:00:00  -  Total Remote Usage
		Usr 0 00:00:00, Sys 0 00:00:00  -  Total Local Usage
	0  -  Run Bytes Sent By Job
	0  -  Run Bytes Received By Job
	0  -  Total Bytes Sent By Job
	0  -  Total Bytes Received By Job
...
006 (016.001.000) 04/07 00:34:03 Image size of job updated: 36884
...
005 (016.001.000) 04/07 00:34:03 Job terminated.
	(1) Normal termination (return value 0)
		Usr 0 00:00:00, Sys 0 00:00:00  -  Run Remote Usage
		Usr 0 00:00:00, Sys 0 00:00:00  -  Run Local Usage
		Usr 0 00:00:00, Sys 0 00:00:00  -  Total Remote Usage
		Usr 0 00:00:00, Sys 0 00:00:00  -  Total Local Usage
	0  -  Run Bytes Sent By Job
	0  -  Run Bytes Received By Job
	0  -  Total Bytes Sent By Job
	0  -  Total Bytes Received By Job
...
006 (016.008.000) 04/07 00:34:03 Image size of job updated: 36628
...
005 (016.008.000) 04/07 00:34:03 Job terminated.
	(1) Normal termination (return value 0)
		Usr 0 00:00:00, Sys 0 00:00:00  -  Run Remote Usage
		Usr 0 00:00:00, Sys 0 00:00:00  -  Run Local Usage
		Usr 0 00:00:00, Sys 0 00:00:00  -  Total Remote Usage
		Usr 0 00:00:00, Sys 0 00:00:00  -  Total Local Usage
	0  -  Run Bytes Sent By Job
	0  -  Run Bytes Received By Job
	0  -  Total Bytes Sent By Job
	0  -  Total Bytes Received By Job
...
006 (016.003.000) 04/07 00:34:03 Image size of job updated: 36888
...
006 (016.005.000) 04/07 00:34:03 Image size of job updated: 10456
...
005 (016.003.000) 04/07 00:34:03 Job terminated.
	(1) Normal termination (return value 0)
		Usr 0 00:00:01, Sys 0 00:00:00  -  Run Remote Usage
		Usr 0 00:00:00, Sys 0 00:00:00  -  Run Local Usage
		Usr 0 00:00:01, Sys 0 00:00:00  -  Total Remote Usage
		Usr 0 00:00:00, Sys 0 00:00:00  -  Total Local Usage
	0  -  Run Bytes Sent By Job
	0  -  Run Bytes Received By Job
	0  -  Total Bytes Sent By Job
	0  -  Total Bytes Received By Job
...
005 (016.005.000) 04/07 00:34:03 Job terminated.
	(1) Normal termination (return value 0)
		Usr 0 00:00:00, Sys 0 00:00:00  -  Run Remote Usage
		Usr 0 00:00:00, Sys 0 00:00:00  -  Run Local Usage
		Usr 0 00:00:00, Sys 0 00:00:00  -  Total Remote Usage
		Usr 0 00:00:00, Sys 0 00:00:00  -  Total Local Usage
	0  -  Run Bytes Sent By Job
	0  -  Run Bytes Received By Job
	0  -  Total Bytes Sent By Job
	0  -  Total Bytes Received By Job
...
006 (016.006.000) 04/07 00:34:04 Image size of job updated: 36884
...
005 (016.006.000) 04/07 00:34:04 Job terminated.
	(1) Normal termination (return value 0)
		Usr 0 00:00:00, Sys 0 00:00:00  -  Run Remote Usage
		Usr 0 00:00:00, Sys 0 00:00:00  -  Run Local Usage
		Usr 0 00:00:00, Sys 0 00:00:00  -  Total Remote Usage
		Usr 0 00:00:00, Sys 0 00:00:00  -  Total Local Usage
	0  -  Run Bytes Sent By Job
	0  -  Run Bytes Received By Job
	0  -  Total Bytes Sent By Job
	0  -  Total Bytes Received By Job
...
006 (016.007.000) 04/07 00:34:04 Image size of job updated: 36884
...
005 (016.007.000) 04/07 00:34:04 Job terminated.
	(1) Normal termination (return value 0)
		Usr 0 00:00:00, Sys 0 00:00:00  -  Run Remote Usage
		Usr 0 00:00:00, Sys 0 00:00:00  -  Run Local Usage
		Usr 0 00:00:00, Sys 0 00:00:00  -  Total Remote Usage
		Usr 0 00:00:00, Sys 0 00:00:00  -  Total Local Usage
	0  -  Run Bytes Sent By Job
	0  -  Run Bytes Received By Job
	0  -  Total Bytes Sent By Job
	0  -  Total Bytes Received By Job
...
006 (016.000.000) 04/07 00:34:08 Image size of job updated: 36888
...
005 (016.000.000) 04/07 00:34:08 Job terminated.
	(1) Normal termination (return value 0)
		Usr 0 00:00:00, Sys 0 00:00:00  -  Run Remote Usage
		Usr 0 00:00:00, Sys 0 00:00:00  -  Run Local Usage
		Usr 0 00:00:00, Sys 0 00:00:00  -  Total Remote Usage
		Usr 0 00:00:00, Sys 0 00:00:00  -  Total Local Usage
	0  -  Run Bytes Sent By Job
	0  -  Run Bytes Received By Job
	0  -  Total Bytes Sent By Job
	0  -  Total Bytes Received By Job
...
