000 (011.000.000) 04/12 01:31:25 Job submitted from host: <142.66.140.119:43828>
...
000 (011.001.000) 04/12 01:31:25 Job submitted from host: <142.66.140.119:43828>
...
000 (011.002.000) 04/12 01:31:25 Job submitted from host: <142.66.140.119:43828>
...
000 (011.003.000) 04/12 01:31:25 Job submitted from host: <142.66.140.119:43828>
...
000 (011.004.000) 04/12 01:31:25 Job submitted from host: <142.66.140.119:43828>
...
000 (011.005.000) 04/12 01:31:25 Job submitted from host: <142.66.140.119:43828>
...
000 (011.006.000) 04/12 01:31:25 Job submitted from host: <142.66.140.119:43828>
...
000 (011.007.000) 04/12 01:31:25 Job submitted from host: <142.66.140.119:43828>
...
000 (011.008.000) 04/12 01:31:25 Job submitted from host: <142.66.140.119:43828>
...
000 (011.009.000) 04/12 01:31:25 Job submitted from host: <142.66.140.119:43828>
...
001 (011.004.000) 04/12 01:31:29 Job executing on host: <142.66.140.117:38869>
...
001 (011.002.000) 04/12 01:31:29 Job executing on host: <142.66.140.117:38869>
...
001 (011.001.000) 04/12 01:31:29 Job executing on host: <142.66.140.116:34742>
...
001 (011.009.000) 04/12 01:31:30 Job executing on host: <142.66.140.167:40727>
...
001 (011.008.000) 04/12 01:31:30 Job executing on host: <142.66.140.115:42192>
...
001 (011.007.000) 04/12 01:31:30 Job executing on host: <142.66.140.115:42192>
...
001 (011.003.000) 04/12 01:31:30 Job executing on host: <142.66.140.164:40482>
...
001 (011.000.000) 04/12 01:31:30 Job executing on host: <142.66.140.164:40482>
...
001 (011.005.000) 04/12 01:31:30 Job executing on host: <142.66.140.39:39900>
...
001 (011.006.000) 04/12 01:31:30 Job executing on host: <142.66.140.39:39900>
...
006 (011.009.000) 04/12 01:31:38 Image size of job updated: 99316
...
006 (011.008.000) 04/12 01:31:38 Image size of job updated: 60228
...
006 (011.007.000) 04/12 01:31:38 Image size of job updated: 67672
...
010 (011.007.000) 04/12 01:33:46 Job was suspended.
	Number of processes actually suspended: 3
...
006 (011.007.000) 04/12 01:33:46 Image size of job updated: 67844
...
010 (011.001.000) 04/12 01:33:53 Job was suspended.
	Number of processes actually suspended: 3
...
006 (011.001.000) 04/12 01:33:53 Image size of job updated: 74840
...
006 (011.009.000) 04/12 01:36:38 Image size of job updated: 99324
...
006 (011.008.000) 04/12 01:36:38 Image size of job updated: 61940
...
006 (011.003.000) 04/12 01:36:38 Image size of job updated: 74792
...
006 (011.000.000) 04/12 01:36:38 Image size of job updated: 74748
...
006 (011.004.000) 04/12 01:36:39 Image size of job updated: 65872
...
006 (011.002.000) 04/12 01:36:39 Image size of job updated: 87596
...
006 (011.006.000) 04/12 01:36:40 Image size of job updated: 66260
...
006 (011.005.000) 04/12 01:36:40 Image size of job updated: 58012
...
011 (011.007.000) 04/12 01:38:16 Job was unsuspended.
...
006 (011.003.000) 04/12 01:41:39 Image size of job updated: 74820
...
006 (011.004.000) 04/12 01:41:39 Image size of job updated: 65880
...
006 (011.002.000) 04/12 01:41:39 Image size of job updated: 87608
...
006 (011.007.000) 04/12 01:41:39 Image size of job updated: 67940
...
006 (011.005.000) 04/12 01:41:40 Image size of job updated: 58060
...
010 (011.007.000) 04/12 01:42:12 Job was suspended.
	Number of processes actually suspended: 3
...
011 (011.001.000) 04/12 01:43:58 Job was unsuspended.
...
010 (011.001.000) 04/12 01:43:58 Job was suspended.
	Number of processes actually suspended: 3
...
011 (011.007.000) 04/12 01:45:58 Job was unsuspended.
...
006 (011.008.000) 04/12 01:46:39 Image size of job updated: 62024
...
006 (011.009.000) 04/12 01:46:39 Image size of job updated: 99344
...
006 (011.005.000) 04/12 01:46:40 Image size of job updated: 58180
...
006 (011.002.000) 04/12 01:46:40 Image size of job updated: 87640
...
011 (011.001.000) 04/12 01:48:10 Job was unsuspended.
...
004 (011.001.000) 04/12 01:50:50 Job was evicted.
	(0) Job was not checkpointed.
		Usr 0 00:04:33, Sys 0 00:00:00  -  Run Remote Usage
		Usr 0 00:00:00, Sys 0 00:00:00  -  Run Local Usage
	0  -  Run Bytes Sent By Job
	0  -  Run Bytes Received By Job
...
010 (011.007.000) 04/12 01:51:38 Job was suspended.
	Number of processes actually suspended: 3
...
006 (011.008.000) 04/12 01:51:39 Image size of job updated: 62080
...
006 (011.004.000) 04/12 01:51:41 Image size of job updated: 65884
...
006 (011.002.000) 04/12 01:51:41 Image size of job updated: 87648
...
001 (011.001.000) 04/12 01:52:59 Job executing on host: <142.66.140.124:54596>
...
010 (011.001.000) 04/12 01:55:13 Job was suspended.
	Number of processes actually suspended: 3
...
011 (011.007.000) 04/12 01:55:29 Job was unsuspended.
...
011 (011.001.000) 04/12 01:55:53 Job was unsuspended.
...
006 (011.009.000) 04/12 01:56:39 Image size of job updated: 99596
...
006 (011.006.000) 04/12 01:56:42 Image size of job updated: 66276
...
