000 (007.000.000) 04/12 01:30:28 Job submitted from host: <142.66.140.119:43828>
...
000 (007.001.000) 04/12 01:30:28 Job submitted from host: <142.66.140.119:43828>
...
000 (007.002.000) 04/12 01:30:28 Job submitted from host: <142.66.140.119:43828>
...
000 (007.003.000) 04/12 01:30:28 Job submitted from host: <142.66.140.119:43828>
...
000 (007.004.000) 04/12 01:30:28 Job submitted from host: <142.66.140.119:43828>
...
000 (007.005.000) 04/12 01:30:28 Job submitted from host: <142.66.140.119:43828>
...
000 (007.006.000) 04/12 01:30:28 Job submitted from host: <142.66.140.119:43828>
...
000 (007.007.000) 04/12 01:30:28 Job submitted from host: <142.66.140.119:43828>
...
000 (007.008.000) 04/12 01:30:28 Job submitted from host: <142.66.140.119:43828>
...
000 (007.009.000) 04/12 01:30:28 Job submitted from host: <142.66.140.119:43828>
...
001 (007.004.000) 04/12 01:30:48 Job executing on host: <142.66.140.109:40968>
...
001 (007.005.000) 04/12 01:30:48 Job executing on host: <142.66.140.109:40968>
...
001 (007.006.000) 04/12 01:30:48 Job executing on host: <142.66.140.83:52055>
...
001 (007.000.000) 04/12 01:30:48 Job executing on host: <142.66.56.117:47270>
...
001 (007.001.000) 04/12 01:30:48 Job executing on host: <142.66.56.117:47270>
...
001 (007.002.000) 04/12 01:30:48 Job executing on host: <142.66.140.101:37098>
...
001 (007.003.000) 04/12 01:30:48 Job executing on host: <142.66.140.101:37098>
...
001 (007.007.000) 04/12 01:30:48 Job executing on host: <142.66.140.83:52055>
...
001 (007.009.000) 04/12 01:30:48 Job executing on host: <142.66.140.118:40970>
...
001 (007.008.000) 04/12 01:30:48 Job executing on host: <142.66.140.118:40970>
...
006 (007.006.000) 04/12 01:30:56 Image size of job updated: 37044
...
006 (007.005.000) 04/12 01:35:56 Image size of job updated: 130312
...
006 (007.004.000) 04/12 01:35:56 Image size of job updated: 250928
...
006 (007.006.000) 04/12 01:35:56 Image size of job updated: 243080
...
006 (007.000.000) 04/12 01:35:56 Image size of job updated: 294504
...
006 (007.001.000) 04/12 01:35:56 Image size of job updated: 174452
...
006 (007.002.000) 04/12 01:35:56 Image size of job updated: 152012
...
006 (007.003.000) 04/12 01:35:56 Image size of job updated: 115036
...
006 (007.007.000) 04/12 01:35:56 Image size of job updated: 159608
...
006 (007.009.000) 04/12 01:35:58 Image size of job updated: 137284
...
006 (007.008.000) 04/12 01:35:58 Image size of job updated: 243464
...
006 (007.005.000) 04/12 01:40:57 Image size of job updated: 131212
...
006 (007.006.000) 04/12 01:40:57 Image size of job updated: 243560
...
006 (007.000.000) 04/12 01:40:57 Image size of job updated: 295264
...
006 (007.002.000) 04/12 01:40:57 Image size of job updated: 153004
...
006 (007.007.000) 04/12 01:40:57 Image size of job updated: 160012
...
006 (007.008.000) 04/12 01:40:59 Image size of job updated: 244328
...
006 (007.007.000) 04/12 01:45:58 Image size of job updated: 161616
...
006 (007.009.000) 04/12 01:45:59 Image size of job updated: 137416
...
006 (007.005.000) 04/12 01:50:58 Image size of job updated: 131492
...
006 (007.001.000) 04/12 01:50:58 Image size of job updated: 174668
...
006 (007.003.000) 04/12 01:50:58 Image size of job updated: 115380
...
006 (007.009.000) 04/12 01:50:59 Image size of job updated: 138316
...
006 (007.005.000) 04/12 01:55:58 Image size of job updated: 131636
...
006 (007.001.000) 04/12 01:55:59 Image size of job updated: 174732
...
006 (007.005.000) 04/12 02:00:59 Image size of job updated: 131712
...
006 (007.002.000) 04/12 02:06:00 Image size of job updated: 153128
...
006 (007.004.000) 04/12 02:16:01 Image size of job updated: 251084
...
006 (007.002.000) 04/12 02:16:01 Image size of job updated: 153408
...
006 (007.002.000) 04/12 02:21:01 Image size of job updated: 153672
...
006 (007.008.000) 04/12 02:21:02 Image size of job updated: 244568
...
006 (007.007.000) 04/12 02:26:01 Image size of job updated: 161744
...
006 (007.006.000) 04/12 02:31:02 Image size of job updated: 243796
...
006 (007.001.000) 04/12 02:31:02 Image size of job updated: 175000
...
006 (007.003.000) 04/12 02:36:03 Image size of job updated: 115500
...
006 (007.000.000) 04/12 02:36:03 Image size of job updated: 295512
...
006 (007.007.000) 04/12 02:41:03 Image size of job updated: 161772
...
006 (007.008.000) 04/12 02:41:04 Image size of job updated: 244732
...
006 (007.001.000) 04/12 02:46:04 Image size of job updated: 175032
...
006 (007.004.000) 04/12 02:51:05 Image size of job updated: 251124
...
006 (007.009.000) 04/12 02:51:05 Image size of job updated: 138384
...
006 (007.005.000) 04/12 02:56:05 Image size of job updated: 131964
...
006 (007.004.000) 04/12 02:56:05 Image size of job updated: 251272
...
006 (007.000.000) 04/12 02:56:05 Image size of job updated: 295540
...
006 (007.000.000) 04/12 03:01:05 Image size of job updated: 295952
...
006 (007.007.000) 04/12 03:01:05 Image size of job updated: 161980
...
006 (007.008.000) 04/12 03:01:06 Image size of job updated: 245144
...
006 (007.001.000) 04/12 03:06:06 Image size of job updated: 175060
...
006 (007.009.000) 04/12 03:06:07 Image size of job updated: 138476
...
006 (007.002.000) 04/12 03:16:06 Image size of job updated: 153800
...
006 (007.001.000) 04/12 03:16:06 Image size of job updated: 175240
...
006 (007.008.000) 04/12 03:36:11 Image size of job updated: 245508
...
006 (007.004.000) 04/12 03:46:10 Image size of job updated: 251388
...
006 (007.009.000) 04/12 04:16:14 Image size of job updated: 138592
...
006 (007.009.000) 04/12 04:26:16 Image size of job updated: 138608
...
006 (007.005.000) 04/12 04:36:17 Image size of job updated: 199872
...
006 (007.005.000) 04/12 04:41:17 Image size of job updated: 200692
...
006 (007.004.000) 04/12 05:01:17 Image size of job updated: 251408
...
006 (007.009.000) 04/12 05:01:19 Image size of job updated: 138700
...
006 (007.004.000) 04/12 05:06:18 Image size of job updated: 251592
...
006 (007.001.000) 04/12 05:16:20 Image size of job updated: 175276
...
006 (007.006.000) 04/12 05:21:20 Image size of job updated: 243828
...
006 (007.004.000) 04/12 05:31:20 Image size of job updated: 251748
...
006 (007.004.000) 04/12 05:51:22 Image size of job updated: 251800
...
006 (007.009.000) 04/12 05:51:24 Image size of job updated: 139012
...
006 (007.004.000) 04/12 06:01:23 Image size of job updated: 251916
...
006 (007.001.000) 04/12 06:16:26 Image size of job updated: 175388
...
006 (007.009.000) 04/12 06:31:27 Image size of job updated: 212672
...
006 (007.004.000) 04/12 06:36:26 Image size of job updated: 252136
...
006 (007.009.000) 04/12 06:36:28 Image size of job updated: 213260
...
006 (007.009.000) 04/12 06:41:29 Image size of job updated: 214088
...
006 (007.000.000) 04/12 06:46:28 Image size of job updated: 296132
...
006 (007.001.000) 04/12 06:46:29 Image size of job updated: 175452
...
006 (007.004.000) 04/12 07:36:33 Image size of job updated: 252144
...
006 (007.004.000) 04/12 07:46:34 Image size of job updated: 252184
...
006 (007.004.000) 04/12 07:56:35 Image size of job updated: 252476
...
006 (007.003.000) 04/12 07:56:36 Image size of job updated: 115572
...
006 (007.001.000) 04/12 09:16:44 Image size of job updated: 175612
...
006 (007.001.000) 04/12 09:21:44 Image size of job updated: 176000
...
006 (007.004.000) 04/12 09:41:45 Image size of job updated: 252524
...
006 (007.008.000) 04/12 09:41:47 Image size of job updated: 433768
...
006 (007.008.000) 04/12 09:46:47 Image size of job updated: 433892
...
006 (007.000.000) 04/12 09:51:46 Image size of job updated: 296204
...
006 (007.008.000) 04/12 10:01:49 Image size of job updated: 433944
...
010 (007.006.000) 04/12 10:37:17 Job was suspended.
	Number of processes actually suspended: 3
...
010 (007.007.000) 04/12 10:37:17 Job was suspended.
	Number of processes actually suspended: 3
...
011 (007.006.000) 04/12 10:42:22 Job was unsuspended.
...
011 (007.007.000) 04/12 10:42:22 Job was unsuspended.
...
006 (007.008.000) 04/12 10:51:54 Image size of job updated: 433980
...
006 (007.000.000) 04/12 10:56:53 Image size of job updated: 296644
...
006 (007.005.000) 04/12 10:56:55 Image size of job updated: 201468
...
010 (007.002.000) 04/12 11:08:11 Job was suspended.
	Number of processes actually suspended: 3
...
010 (007.003.000) 04/12 11:08:11 Job was suspended.
	Number of processes actually suspended: 3
...
011 (007.002.000) 04/12 11:13:26 Job was unsuspended.
...
011 (007.003.000) 04/12 11:13:26 Job was unsuspended.
...
006 (007.003.000) 04/12 11:41:58 Image size of job updated: 115688
...
010 (007.002.000) 04/12 11:52:20 Job was suspended.
	Number of processes actually suspended: 3
...
010 (007.003.000) 04/12 11:52:20 Job was suspended.
	Number of processes actually suspended: 3
...
011 (007.002.000) 04/12 12:02:25 Job was unsuspended.
...
011 (007.003.000) 04/12 12:02:25 Job was unsuspended.
...
004 (007.003.000) 04/12 12:02:25 Job was evicted.
	(0) Job was not checkpointed.
		Usr 0 10:13:39, Sys 0 00:00:12  -  Run Remote Usage
		Usr 0 00:00:00, Sys 0 00:00:00  -  Run Local Usage
	0  -  Run Bytes Sent By Job
	0  -  Run Bytes Received By Job
...
004 (007.002.000) 04/12 12:02:25 Job was evicted.
	(0) Job was not checkpointed.
		Usr 0 10:13:54, Sys 0 00:00:13  -  Run Remote Usage
		Usr 0 00:00:00, Sys 0 00:00:00  -  Run Local Usage
	0  -  Run Bytes Sent By Job
	0  -  Run Bytes Received By Job
...
001 (007.002.000) 04/12 12:03:48 Job executing on host: <142.66.140.100:37886>
...
001 (007.003.000) 04/12 12:03:48 Job executing on host: <142.66.140.100:37886>
...
006 (007.002.000) 04/12 12:08:59 Image size of job updated: 331644
...
006 (007.003.000) 04/12 12:08:59 Image size of job updated: 303568
...
006 (007.003.000) 04/12 12:18:59 Image size of job updated: 303712
...
006 (007.000.000) 04/12 12:32:03 Image size of job updated: 534496
...
006 (007.008.000) 04/12 12:32:04 Image size of job updated: 434104
...
006 (007.000.000) 04/12 12:37:03 Image size of job updated: 535084
...
006 (007.003.000) 04/12 12:39:02 Image size of job updated: 303728
...
006 (007.000.000) 04/12 12:52:05 Image size of job updated: 535372
...
006 (007.002.000) 04/12 12:54:03 Image size of job updated: 331900
...
006 (007.003.000) 04/12 12:54:03 Image size of job updated: 303852
...
006 (007.003.000) 04/12 12:59:04 Image size of job updated: 304036
...
006 (007.008.000) 04/12 13:17:08 Image size of job updated: 434228
...
006 (007.003.000) 04/12 13:29:07 Image size of job updated: 304148
...
006 (007.002.000) 04/12 13:39:09 Image size of job updated: 331964
...
006 (007.002.000) 04/12 13:49:11 Image size of job updated: 332060
...
006 (007.002.000) 04/12 14:14:13 Image size of job updated: 332204
...
006 (007.003.000) 04/12 14:34:13 Image size of job updated: 304164
...
006 (007.002.000) 04/12 14:34:15 Image size of job updated: 332212
...
006 (007.003.000) 04/12 15:14:18 Image size of job updated: 304256
...
006 (007.002.000) 04/12 15:29:21 Image size of job updated: 332272
...
010 (007.008.000) 04/12 15:35:02 Job was suspended.
	Number of processes actually suspended: 3
...
010 (007.009.000) 04/12 15:35:02 Job was suspended.
	Number of processes actually suspended: 3
...
010 (007.004.000) 04/12 15:37:39 Job was suspended.
	Number of processes actually suspended: 3
...
010 (007.005.000) 04/12 15:37:39 Job was suspended.
	Number of processes actually suspended: 3
...
011 (007.008.000) 04/12 15:40:07 Job was unsuspended.
...
011 (007.009.000) 04/12 15:40:07 Job was unsuspended.
...
010 (007.008.000) 04/12 15:41:57 Job was suspended.
	Number of processes actually suspended: 3
...
010 (007.009.000) 04/12 15:41:57 Job was suspended.
	Number of processes actually suspended: 3
...
011 (007.004.000) 04/12 15:42:44 Job was unsuspended.
...
011 (007.005.000) 04/12 15:42:44 Job was unsuspended.
...
011 (007.008.000) 04/12 15:52:02 Job was unsuspended.
...
011 (007.009.000) 04/12 15:52:02 Job was unsuspended.
...
004 (007.009.000) 04/12 15:52:02 Job was evicted.
	(0) Job was not checkpointed.
		Usr 0 14:03:23, Sys 0 00:00:19  -  Run Remote Usage
		Usr 0 00:00:00, Sys 0 00:00:00  -  Run Local Usage
	0  -  Run Bytes Sent By Job
	0  -  Run Bytes Received By Job
...
004 (007.008.000) 04/12 15:52:02 Job was evicted.
	(0) Job was not checkpointed.
		Usr 0 14:03:49, Sys 0 00:00:20  -  Run Remote Usage
		Usr 0 00:00:00, Sys 0 00:00:00  -  Run Local Usage
	0  -  Run Bytes Sent By Job
	0  -  Run Bytes Received By Job
...
001 (007.008.000) 04/12 15:53:30 Job executing on host: <142.66.140.70:55351>
...
001 (007.009.000) 04/12 15:53:30 Job executing on host: <142.66.140.103:47181>
...
006 (007.009.000) 04/12 15:58:40 Image size of job updated: 299780
...
006 (007.006.000) 04/12 16:27:27 Image size of job updated: 243964
...
006 (007.009.000) 04/12 16:33:43 Image size of job updated: 300124
...
010 (007.001.000) 04/12 16:38:32 Job was suspended.
	Number of processes actually suspended: 3
...
010 (007.000.000) 04/12 16:38:32 Job was suspended.
	Number of processes actually suspended: 3
...
006 (007.009.000) 04/12 16:43:44 Image size of job updated: 300204
...
011 (007.001.000) 04/12 16:48:37 Job was unsuspended.
...
011 (007.000.000) 04/12 16:48:37 Job was unsuspended.
...
004 (007.001.000) 04/12 16:48:37 Job was evicted.
	(0) Job was not checkpointed.
		Usr 0 15:03:44, Sys 0 00:00:30  -  Run Remote Usage
		Usr 0 00:00:00, Sys 0 00:00:00  -  Run Local Usage
	0  -  Run Bytes Sent By Job
	0  -  Run Bytes Received By Job
...
004 (007.000.000) 04/12 16:48:37 Job was evicted.
	(0) Job was not checkpointed.
		Usr 0 15:04:07, Sys 0 00:00:33  -  Run Remote Usage
		Usr 0 00:00:00, Sys 0 00:00:00  -  Run Local Usage
	0  -  Run Bytes Sent By Job
	0  -  Run Bytes Received By Job
...
001 (007.000.000) 04/12 16:51:53 Job executing on host: <142.66.56.46:52869>
...
001 (007.001.000) 04/12 16:51:53 Job executing on host: <142.66.56.46:52869>
...
006 (007.003.000) 04/12 17:04:28 Image size of job updated: 304336
...
006 (007.009.000) 04/12 17:13:47 Image size of job updated: 300348
...
010 (007.000.000) 04/12 17:21:39 Job was suspended.
	Number of processes actually suspended: 3
...
010 (007.001.000) 04/12 17:21:39 Job was suspended.
	Number of processes actually suspended: 3
...
011 (007.000.000) 04/12 17:26:39 Job was unsuspended.
...
011 (007.001.000) 04/12 17:26:39 Job was unsuspended.
...
006 (007.009.000) 04/12 17:33:49 Image size of job updated: 300440
...
006 (007.009.000) 04/12 18:53:57 Image size of job updated: 300444
...
006 (007.007.000) 04/12 20:12:50 Image size of job updated: 161992
...
006 (007.007.000) 04/12 21:12:56 Image size of job updated: 162120
...
006 (007.007.000) 04/12 21:47:59 Image size of job updated: 162128
...
006 (007.006.000) 04/12 21:53:00 Image size of job updated: 244044
...
006 (007.006.000) 04/12 22:13:03 Image size of job updated: 244324
...
010 (007.008.000) 04/12 22:13:12 Job was suspended.
	Number of processes actually suspended: 3
...
011 (007.008.000) 04/12 22:18:13 Job was unsuspended.
...
010 (007.000.000) 04/12 22:43:49 Job was suspended.
	Number of processes actually suspended: 3
...
010 (007.001.000) 04/12 22:43:49 Job was suspended.
	Number of processes actually suspended: 3
...
011 (007.000.000) 04/12 22:48:49 Job was unsuspended.
...
011 (007.001.000) 04/12 22:48:49 Job was unsuspended.
...
006 (007.009.000) 04/12 22:59:23 Image size of job updated: 300524
...
010 (007.000.000) 04/12 23:40:23 Job was suspended.
	Number of processes actually suspended: 3
...
010 (007.001.000) 04/12 23:40:23 Job was suspended.
	Number of processes actually suspended: 3
...
006 (007.009.000) 04/12 23:44:27 Image size of job updated: 300664
...
011 (007.000.000) 04/12 23:45:24 Job was unsuspended.
...
011 (007.001.000) 04/12 23:45:24 Job was unsuspended.
...
010 (007.001.000) 04/13 00:29:08 Job was suspended.
	Number of processes actually suspended: 3
...
010 (007.000.000) 04/13 00:29:08 Job was suspended.
	Number of processes actually suspended: 3
...
011 (007.000.000) 04/13 00:34:05 Job was unsuspended.
...
011 (007.001.000) 04/13 00:34:05 Job was unsuspended.
...
010 (007.008.000) 04/13 00:36:59 Job was suspended.
	Number of processes actually suspended: 3
...
010 (007.007.000) 04/13 00:37:28 Job was suspended.
	Number of processes actually suspended: 3
...
010 (007.006.000) 04/13 00:37:28 Job was suspended.
	Number of processes actually suspended: 3
...
011 (007.008.000) 04/13 00:42:29 Job was unsuspended.
...
011 (007.006.000) 04/13 00:44:38 Job was unsuspended.
...
011 (007.007.000) 04/13 00:44:38 Job was unsuspended.
...
010 (007.001.000) 04/13 01:42:30 Job was suspended.
	Number of processes actually suspended: 3
...
010 (007.000.000) 04/13 01:42:30 Job was suspended.
	Number of processes actually suspended: 3
...
011 (007.000.000) 04/13 01:47:30 Job was unsuspended.
...
011 (007.001.000) 04/13 01:47:30 Job was unsuspended.
...
010 (007.008.000) 04/13 01:56:51 Job was suspended.
	Number of processes actually suspended: 3
...
011 (007.008.000) 04/13 02:01:52 Job was unsuspended.
...
006 (007.009.000) 04/13 02:24:45 Image size of job updated: 300732
...
006 (007.009.000) 04/13 02:34:47 Image size of job updated: 544704
...
006 (007.009.000) 04/13 02:39:47 Image size of job updated: 547540
...
006 (007.005.000) 04/13 03:43:42 Image size of job updated: 201564
...
006 (007.009.000) 04/13 03:44:55 Image size of job updated: 547640
...
010 (007.000.000) 04/13 03:46:42 Job was suspended.
	Number of processes actually suspended: 3
...
010 (007.001.000) 04/13 03:46:42 Job was suspended.
	Number of processes actually suspended: 3
...
011 (007.000.000) 04/13 03:51:43 Job was unsuspended.
...
011 (007.001.000) 04/13 03:51:43 Job was unsuspended.
...
010 (007.000.000) 04/13 03:54:57 Job was suspended.
	Number of processes actually suspended: 3
...
010 (007.001.000) 04/13 03:54:57 Job was suspended.
	Number of processes actually suspended: 3
...
011 (007.000.000) 04/13 03:59:57 Job was unsuspended.
...
011 (007.001.000) 04/13 03:59:57 Job was unsuspended.
...
006 (007.005.000) 04/13 04:29:58 Image size of job updated: 201748
...
010 (007.006.000) 04/13 04:47:11 Job was suspended.
	Number of processes actually suspended: 3
...
010 (007.007.000) 04/13 04:47:11 Job was suspended.
	Number of processes actually suspended: 3
...
010 (007.008.000) 04/13 04:47:18 Job was suspended.
	Number of processes actually suspended: 3
...
011 (007.006.000) 04/13 04:52:11 Job was unsuspended.
...
011 (007.007.000) 04/13 04:52:11 Job was unsuspended.
...
011 (007.008.000) 04/13 04:52:23 Job was unsuspended.
...
010 (007.000.000) 04/13 06:36:34 Job was suspended.
	Number of processes actually suspended: 3
...
010 (007.001.000) 04/13 06:36:34 Job was suspended.
	Number of processes actually suspended: 3
...
011 (007.000.000) 04/13 06:41:34 Job was unsuspended.
...
011 (007.001.000) 04/13 06:41:34 Job was unsuspended.
...
006 (007.004.000) 04/13 07:00:24 Image size of job updated: 252624
...
006 (007.003.000) 04/13 07:01:32 Image size of job updated: 304376
...
006 (007.003.000) 04/13 07:46:37 Image size of job updated: 304396
...
006 (007.003.000) 04/13 08:11:41 Image size of job updated: 304792
...
006 (007.003.000) 04/13 08:26:42 Image size of job updated: 304824
...
006 (007.003.000) 04/13 09:16:48 Image size of job updated: 304860
...
006 (007.003.000) 04/13 09:21:49 Image size of job updated: 304968
...
010 (007.000.000) 04/13 10:47:04 Job was suspended.
	Number of processes actually suspended: 3
...
010 (007.001.000) 04/13 10:47:04 Job was suspended.
	Number of processes actually suspended: 3
...
011 (007.000.000) 04/13 10:52:04 Job was unsuspended.
...
011 (007.001.000) 04/13 10:52:04 Job was unsuspended.
...
006 (007.005.000) 04/13 11:35:48 Image size of job updated: 202128
...
006 (007.005.000) 04/13 11:45:49 Image size of job updated: 202248
...
006 (007.005.000) 04/13 12:05:52 Image size of job updated: 202668
...
010 (007.002.000) 04/13 12:18:43 Job was suspended.
	Number of processes actually suspended: 3
...
010 (007.003.000) 04/13 12:18:43 Job was suspended.
	Number of processes actually suspended: 3
...
011 (007.002.000) 04/13 12:28:48 Job was unsuspended.
...
011 (007.003.000) 04/13 12:28:48 Job was unsuspended.
...
004 (007.002.000) 04/13 12:28:48 Job was evicted.
	(0) Job was not checkpointed.
		Usr 1 00:11:23, Sys 0 00:00:20  -  Run Remote Usage
		Usr 0 00:00:00, Sys 0 00:00:00  -  Run Local Usage
	0  -  Run Bytes Sent By Job
	0  -  Run Bytes Received By Job
...
004 (007.003.000) 04/13 12:28:48 Job was evicted.
	(0) Job was not checkpointed.
		Usr 1 00:11:21, Sys 0 00:00:19  -  Run Remote Usage
		Usr 0 00:00:00, Sys 0 00:00:00  -  Run Local Usage
	0  -  Run Bytes Sent By Job
	0  -  Run Bytes Received By Job
...
001 (007.003.000) 04/13 12:29:57 Job executing on host: <142.66.140.108:50201>
...
001 (007.002.000) 04/13 12:29:57 Job executing on host: <142.66.140.108:50201>
...
006 (007.003.000) 04/13 12:35:05 Image size of job updated: 343728
...
006 (007.003.000) 04/13 12:40:05 Image size of job updated: 344676
...
006 (007.003.000) 04/13 13:05:08 Image size of job updated: 344832
...
010 (007.000.000) 04/13 13:17:21 Job was suspended.
	Number of processes actually suspended: 3
...
010 (007.001.000) 04/13 13:17:21 Job was suspended.
	Number of processes actually suspended: 3
...
006 (007.003.000) 04/13 13:20:10 Image size of job updated: 344968
...
011 (007.000.000) 04/13 13:22:21 Job was unsuspended.
...
011 (007.001.000) 04/13 13:22:21 Job was unsuspended.
...
006 (007.003.000) 04/13 13:25:10 Image size of job updated: 345160
...
010 (007.002.000) 04/13 13:29:36 Job was suspended.
	Number of processes actually suspended: 3
...
010 (007.003.000) 04/13 13:29:36 Job was suspended.
	Number of processes actually suspended: 3
...
011 (007.002.000) 04/13 13:34:52 Job was unsuspended.
...
011 (007.003.000) 04/13 13:34:52 Job was unsuspended.
...
010 (007.008.000) 04/13 13:35:40 Job was suspended.
	Number of processes actually suspended: 3
...
010 (007.002.000) 04/13 13:39:22 Job was suspended.
	Number of processes actually suspended: 3
...
010 (007.003.000) 04/13 13:39:22 Job was suspended.
	Number of processes actually suspended: 3
...
011 (007.008.000) 04/13 13:40:45 Job was unsuspended.
...
011 (007.002.000) 04/13 13:49:23 Job was unsuspended.
...
011 (007.003.000) 04/13 13:49:23 Job was unsuspended.
...
004 (007.002.000) 04/13 13:49:23 Job was evicted.
	(0) Job was not checkpointed.
		Usr 0 01:03:56, Sys 0 00:00:00  -  Run Remote Usage
		Usr 0 00:00:00, Sys 0 00:00:00  -  Run Local Usage
	0  -  Run Bytes Sent By Job
	0  -  Run Bytes Received By Job
...
004 (007.003.000) 04/13 13:49:23 Job was evicted.
	(0) Job was not checkpointed.
		Usr 0 01:03:59, Sys 0 00:00:01  -  Run Remote Usage
		Usr 0 00:00:00, Sys 0 00:00:00  -  Run Local Usage
	0  -  Run Bytes Sent By Job
	0  -  Run Bytes Received By Job
...
001 (007.002.000) 04/13 13:52:18 Job executing on host: <142.66.140.123:32855>
...
001 (007.003.000) 04/13 13:52:19 Job executing on host: <142.66.56.59:39621>
...
010 (007.008.000) 04/13 14:30:57 Job was suspended.
	Number of processes actually suspended: 3
...
011 (007.008.000) 04/13 14:38:02 Job was unsuspended.
...
010 (007.008.000) 04/13 14:38:07 Job was suspended.
	Number of processes actually suspended: 3
...
011 (007.008.000) 04/13 14:45:19 Job was unsuspended.
...
010 (007.008.000) 04/13 14:50:49 Job was suspended.
	Number of processes actually suspended: 3
...
006 (007.004.000) 04/13 14:56:12 Image size of job updated: 252756
...
011 (007.008.000) 04/13 14:58:24 Job was unsuspended.
...
010 (007.008.000) 04/13 15:00:09 Job was suspended.
	Number of processes actually suspended: 3
...
011 (007.008.000) 04/13 15:10:10 Job was unsuspended.
...
004 (007.008.000) 04/13 15:10:10 Job was evicted.
	(0) Job was not checkpointed.
		Usr 0 22:12:51, Sys 0 00:00:43  -  Run Remote Usage
		Usr 0 00:00:00, Sys 0 00:00:00  -  Run Local Usage
	0  -  Run Bytes Sent By Job
	0  -  Run Bytes Received By Job
...
001 (007.008.000) 04/13 15:14:10 Job executing on host: <142.66.56.59:39621>
...
010 (007.000.000) 04/13 15:21:36 Job was suspended.
	Number of processes actually suspended: 3
...
010 (007.001.000) 04/13 15:21:36 Job was suspended.
	Number of processes actually suspended: 3
...
011 (007.000.000) 04/13 15:26:36 Job was unsuspended.
...
011 (007.001.000) 04/13 15:26:36 Job was unsuspended.
...
010 (007.001.000) 04/13 15:38:32 Job was suspended.
	Number of processes actually suspended: 3
...
010 (007.000.000) 04/13 15:38:32 Job was suspended.
	Number of processes actually suspended: 3
...
006 (007.004.000) 04/13 15:41:16 Image size of job updated: 441564
...
011 (007.000.000) 04/13 15:43:32 Job was unsuspended.
...
011 (007.001.000) 04/13 15:43:32 Job was unsuspended.
...
006 (007.004.000) 04/13 15:46:17 Image size of job updated: 441940
...
010 (007.006.000) 04/13 15:51:35 Job was suspended.
	Number of processes actually suspended: 3
...
010 (007.007.000) 04/13 15:51:35 Job was suspended.
	Number of processes actually suspended: 3
...
022 (007.006.000) 04/13 15:56:49 Job disconnected, attempting to reconnect
    Socket between submit and execute hosts closed unexpectedly
    Trying to reconnect to slot1@35scotty.cs.uleth.ca <142.66.140.83:52055>
...
022 (007.007.000) 04/13 15:56:49 Job disconnected, attempting to reconnect
    Socket between submit and execute hosts closed unexpectedly
    Trying to reconnect to slot2@35scotty.cs.uleth.ca <142.66.140.83:52055>
...
006 (007.004.000) 04/13 16:11:19 Image size of job updated: 442460
...
024 (007.006.000) 04/13 16:16:49 Job reconnection failed
    Job disconnected too long: JobLeaseDuration (1200 seconds) expired
    Can not reconnect to slot1@35scotty.cs.uleth.ca, rescheduling job
...
024 (007.007.000) 04/13 16:16:49 Job reconnection failed
    Job disconnected too long: JobLeaseDuration (1200 seconds) expired
    Can not reconnect to slot2@35scotty.cs.uleth.ca, rescheduling job
...
001 (007.006.000) 04/13 16:21:54 Job executing on host: <142.66.140.10:35887>
...
001 (007.007.000) 04/13 16:21:54 Job executing on host: <142.66.140.10:35887>
...
005 (007.007.000) 04/13 16:22:55 Job terminated.
	(1) Normal termination (return value 0)
		Usr 0 00:00:00, Sys 0 00:00:00  -  Run Remote Usage
		Usr 0 00:00:00, Sys 0 00:00:00  -  Run Local Usage
		Usr 0 00:00:00, Sys 0 00:00:00  -  Total Remote Usage
		Usr 0 00:00:00, Sys 0 00:00:00  -  Total Local Usage
	0  -  Run Bytes Sent By Job
	0  -  Run Bytes Received By Job
	0  -  Total Bytes Sent By Job
	0  -  Total Bytes Received By Job
...
005 (007.006.000) 04/13 16:22:55 Job terminated.
	(1) Normal termination (return value 0)
		Usr 0 00:00:00, Sys 0 00:00:00  -  Run Remote Usage
		Usr 0 00:00:00, Sys 0 00:00:00  -  Run Local Usage
		Usr 0 00:00:00, Sys 0 00:00:00  -  Total Remote Usage
		Usr 0 00:00:00, Sys 0 00:00:00  -  Total Local Usage
	0  -  Run Bytes Sent By Job
	0  -  Run Bytes Received By Job
	0  -  Total Bytes Sent By Job
	0  -  Total Bytes Received By Job
...
010 (007.001.000) 04/13 16:32:05 Job was suspended.
	Number of processes actually suspended: 3
...
010 (007.000.000) 04/13 16:32:05 Job was suspended.
	Number of processes actually suspended: 3
...
011 (007.000.000) 04/13 16:37:06 Job was unsuspended.
...
011 (007.001.000) 04/13 16:37:06 Job was unsuspended.
...
006 (007.004.000) 04/13 18:11:31 Image size of job updated: 443076
...
010 (007.001.000) 04/13 21:39:41 Job was suspended.
	Number of processes actually suspended: 3
...
010 (007.000.000) 04/13 21:39:41 Job was suspended.
	Number of processes actually suspended: 3
...
011 (007.000.000) 04/13 21:44:41 Job was unsuspended.
...
011 (007.001.000) 04/13 21:44:41 Job was unsuspended.
...
010 (007.000.000) 04/13 23:38:59 Job was suspended.
	Number of processes actually suspended: 3
...
010 (007.001.000) 04/13 23:38:59 Job was suspended.
	Number of processes actually suspended: 3
...
011 (007.000.000) 04/13 23:43:59 Job was unsuspended.
...
011 (007.001.000) 04/13 23:43:59 Job was unsuspended.
...
010 (007.000.000) 04/14 01:13:07 Job was suspended.
	Number of processes actually suspended: 3
...
010 (007.001.000) 04/14 01:13:07 Job was suspended.
	Number of processes actually suspended: 3
...
011 (007.000.000) 04/14 01:18:07 Job was unsuspended.
...
011 (007.001.000) 04/14 01:18:07 Job was unsuspended.
...
010 (007.001.000) 04/14 01:55:16 Job was suspended.
	Number of processes actually suspended: 3
...
010 (007.000.000) 04/14 01:55:16 Job was suspended.
	Number of processes actually suspended: 3
...
011 (007.000.000) 04/14 02:01:17 Job was unsuspended.
...
011 (007.001.000) 04/14 02:01:17 Job was unsuspended.
...
010 (007.001.000) 04/14 02:06:58 Job was suspended.
	Number of processes actually suspended: 3
...
010 (007.000.000) 04/14 02:06:58 Job was suspended.
	Number of processes actually suspended: 3
...
011 (007.000.000) 04/14 02:11:58 Job was unsuspended.
...
011 (007.001.000) 04/14 02:11:58 Job was unsuspended.
...
010 (007.000.000) 04/14 03:47:16 Job was suspended.
	Number of processes actually suspended: 3
...
010 (007.001.000) 04/14 03:47:16 Job was suspended.
	Number of processes actually suspended: 3
...
011 (007.000.000) 04/14 03:52:16 Job was unsuspended.
...
011 (007.001.000) 04/14 03:52:16 Job was unsuspended.
...
010 (007.000.000) 04/14 05:15:37 Job was suspended.
	Number of processes actually suspended: 3
...
010 (007.001.000) 04/14 05:15:37 Job was suspended.
	Number of processes actually suspended: 3
...
011 (007.000.000) 04/14 05:20:37 Job was unsuspended.
...
011 (007.001.000) 04/14 05:20:37 Job was unsuspended.
...
010 (007.001.000) 04/14 06:56:51 Job was suspended.
	Number of processes actually suspended: 3
...
010 (007.000.000) 04/14 06:56:51 Job was suspended.
	Number of processes actually suspended: 3
...
011 (007.000.000) 04/14 07:01:51 Job was unsuspended.
...
011 (007.001.000) 04/14 07:01:51 Job was unsuspended.
...
010 (007.000.000) 04/14 11:26:58 Job was suspended.
	Number of processes actually suspended: 3
...
010 (007.001.000) 04/14 11:26:58 Job was suspended.
	Number of processes actually suspended: 3
...
011 (007.000.000) 04/14 11:31:59 Job was unsuspended.
...
011 (007.001.000) 04/14 11:31:59 Job was unsuspended.
...
010 (007.000.000) 04/14 12:08:46 Job was suspended.
	Number of processes actually suspended: 3
...
010 (007.001.000) 04/14 12:08:46 Job was suspended.
	Number of processes actually suspended: 3
...
011 (007.000.000) 04/14 12:13:46 Job was unsuspended.
...
011 (007.001.000) 04/14 12:13:46 Job was unsuspended.
...
010 (007.000.000) 04/14 12:59:30 Job was suspended.
	Number of processes actually suspended: 3
...
010 (007.001.000) 04/14 12:59:30 Job was suspended.
	Number of processes actually suspended: 3
...
011 (007.000.000) 04/14 13:04:35 Job was unsuspended.
...
011 (007.001.000) 04/14 13:04:35 Job was unsuspended.
...
010 (007.000.000) 04/14 15:42:35 Job was suspended.
	Number of processes actually suspended: 3
...
010 (007.001.000) 04/14 15:42:35 Job was suspended.
	Number of processes actually suspended: 3
...
011 (007.000.000) 04/14 15:47:35 Job was unsuspended.
...
011 (007.001.000) 04/14 15:47:35 Job was unsuspended.
...
010 (007.000.000) 04/14 16:09:47 Job was suspended.
	Number of processes actually suspended: 3
...
010 (007.001.000) 04/14 16:09:47 Job was suspended.
	Number of processes actually suspended: 3
...
011 (007.000.000) 04/14 16:14:48 Job was unsuspended.
...
011 (007.001.000) 04/14 16:14:48 Job was unsuspended.
...
010 (007.001.000) 04/14 16:16:08 Job was suspended.
	Number of processes actually suspended: 3
...
010 (007.000.000) 04/14 16:16:08 Job was suspended.
	Number of processes actually suspended: 3
...
011 (007.000.000) 04/14 16:21:08 Job was unsuspended.
...
011 (007.001.000) 04/14 16:21:08 Job was unsuspended.
...
010 (007.000.000) 04/14 17:31:18 Job was suspended.
	Number of processes actually suspended: 3
...
010 (007.001.000) 04/14 17:31:18 Job was suspended.
	Number of processes actually suspended: 3
...
011 (007.000.000) 04/14 17:36:19 Job was unsuspended.
...
011 (007.001.000) 04/14 17:36:19 Job was unsuspended.
...
010 (007.000.000) 04/15 04:11:32 Job was suspended.
	Number of processes actually suspended: 3
...
010 (007.001.000) 04/15 04:11:32 Job was suspended.
	Number of processes actually suspended: 3
...
011 (007.000.000) 04/15 04:16:28 Job was unsuspended.
...
011 (007.001.000) 04/15 04:16:28 Job was unsuspended.
...
010 (007.000.000) 04/15 05:08:18 Job was suspended.
	Number of processes actually suspended: 3
...
010 (007.001.000) 04/15 05:08:18 Job was suspended.
	Number of processes actually suspended: 3
...
011 (007.000.000) 04/15 05:13:18 Job was unsuspended.
...
011 (007.001.000) 04/15 05:13:18 Job was unsuspended.
...
010 (007.008.000) 04/15 10:43:33 Job was suspended.
	Number of processes actually suspended: 3
...
010 (007.003.000) 04/15 10:43:33 Job was suspended.
	Number of processes actually suspended: 3
...
010 (007.001.000) 04/15 10:51:02 Job was suspended.
	Number of processes actually suspended: 3
...
010 (007.000.000) 04/15 10:51:02 Job was suspended.
	Number of processes actually suspended: 3
...
011 (007.008.000) 04/15 10:53:36 Job was unsuspended.
...
011 (007.003.000) 04/15 10:53:36 Job was unsuspended.
...
004 (007.008.000) 04/15 10:53:37 Job was evicted.
	(0) Job was not checkpointed.
		Usr 1 19:17:43, Sys 0 00:01:50  -  Run Remote Usage
		Usr 0 00:00:00, Sys 0 00:00:00  -  Run Local Usage
	0  -  Run Bytes Sent By Job
	0  -  Run Bytes Received By Job
...
004 (007.003.000) 04/15 10:53:37 Job was evicted.
	(0) Job was not checkpointed.
		Usr 1 20:38:57, Sys 0 00:01:58  -  Run Remote Usage
		Usr 0 00:00:00, Sys 0 00:00:00  -  Run Local Usage
	0  -  Run Bytes Sent By Job
	0  -  Run Bytes Received By Job
...
001 (007.008.000) 04/15 10:58:25 Job executing on host: <142.66.56.231:36504>
...
001 (007.003.000) 04/15 10:58:25 Job executing on host: <142.66.56.37:60448>
...
011 (007.000.000) 04/15 11:01:04 Job was unsuspended.
...
011 (007.001.000) 04/15 11:01:04 Job was unsuspended.
...
004 (007.000.000) 04/15 11:01:04 Job was evicted.
	(0) Job was not checkpointed.
		Usr 2 15:16:59, Sys 0 00:02:06  -  Run Remote Usage
		Usr 0 00:00:00, Sys 0 00:00:00  -  Run Local Usage
	0  -  Run Bytes Sent By Job
	0  -  Run Bytes Received By Job
...
004 (007.001.000) 04/15 11:01:04 Job was evicted.
	(0) Job was not checkpointed.
		Usr 2 15:15:20, Sys 0 00:02:05  -  Run Remote Usage
		Usr 0 00:00:00, Sys 0 00:00:00  -  Run Local Usage
	0  -  Run Bytes Sent By Job
	0  -  Run Bytes Received By Job
...
001 (007.001.000) 04/15 11:04:30 Job executing on host: <142.66.140.116:34742>
...
001 (007.000.000) 04/15 11:04:31 Job executing on host: <142.66.140.164:40482>
...
006 (007.001.000) 04/15 11:09:40 Image size of job updated: 220452
...
006 (007.001.000) 04/15 11:14:40 Image size of job updated: 221376
...
006 (007.001.000) 04/15 11:34:42 Image size of job updated: 221548
...
006 (007.001.000) 04/15 11:39:43 Image size of job updated: 221652
...
006 (007.001.000) 04/15 11:44:43 Image size of job updated: 221672
...
006 (007.001.000) 04/15 11:49:43 Image size of job updated: 221676
...
006 (007.001.000) 04/15 11:54:44 Image size of job updated: 221768
...
010 (007.001.000) 04/15 11:56:11 Job was suspended.
	Number of processes actually suspended: 3
...
011 (007.001.000) 04/15 12:06:13 Job was unsuspended.
...
004 (007.001.000) 04/15 12:06:13 Job was evicted.
	(0) Job was not checkpointed.
		Usr 0 00:51:32, Sys 0 00:00:01  -  Run Remote Usage
		Usr 0 00:00:00, Sys 0 00:00:00  -  Run Local Usage
	0  -  Run Bytes Sent By Job
	0  -  Run Bytes Received By Job
...
001 (007.001.000) 04/15 12:10:26 Job executing on host: <142.66.140.83:34807>
...
010 (007.003.000) 04/15 12:52:19 Job was suspended.
	Number of processes actually suspended: 3
...
011 (007.003.000) 04/15 13:02:22 Job was unsuspended.
...
004 (007.003.000) 04/15 13:02:23 Job was evicted.
	(0) Job was not checkpointed.
		Usr 0 01:53:29, Sys 0 00:00:07  -  Run Remote Usage
		Usr 0 00:00:00, Sys 0 00:00:00  -  Run Local Usage
	0  -  Run Bytes Sent By Job
	0  -  Run Bytes Received By Job
...
001 (007.003.000) 04/15 13:03:01 Job executing on host: <142.66.140.118:40970>
...
